2024-06-29 15:41:30,792 - cauldron - INFO   - cauldron_app.py - __init__ - Initializing Caldron Application
2024-06-29 15:41:30,981 - cauldron - INFO   - class_defs.py - fresh_instance - Creating a new instance of Pot.
2024-06-29 15:41:30,982 - cauldron - INFO   - class_defs.py - __init__ - Initializing Pot object.
2024-06-29 15:41:30,982 - cauldron - INFO   - class_defs.py - save_to_file - Saving Pot to file.
2024-06-29 15:41:30,983 - cauldron - INFO   - class_defs.py - fresh_instance - Creating a new instance of RecipeGraph.
2024-06-29 15:41:30,983 - cauldron - INFO   - class_defs.py - __init__ - Initializing RecipeGraph object.
2024-06-29 15:41:30,983 - cauldron - INFO   - class_defs.py - save_to_file - Saving RecipeGraph to file.
2024-06-29 15:41:30,985 - cauldron - INFO   - class_defs.py - fresh_instance - Creating a new instance of ModsList.
2024-06-29 15:41:30,985 - cauldron - INFO   - class_defs.py - __init__ - Initializing ModsList object.
2024-06-29 15:41:30,985 - cauldron - INFO   - class_defs.py - save_to_file - Saving ModsList to file.
2024-06-29 15:41:30,985 - cauldron - INFO   - agent_defs.py - create_all_agents - Creating all agents.
2024-06-29 15:41:30,986 - cauldron - INFO   - agent_defs.py - create_all_agents - Creating agent: Frontman
2024-06-29 15:41:31,278 - cauldron - INFO   - agent_defs.py - create_all_agents - Agent Frontman created.
2024-06-29 15:41:31,279 - cauldron - INFO   - agent_defs.py - create_all_agents - Creating agent: Tavily
2024-06-29 15:41:31,281 - cauldron - INFO   - agent_defs.py - create_all_agents - Agent Tavily created.
2024-06-29 15:41:31,282 - cauldron - INFO   - agent_defs.py - create_all_agents - Creating agent: Sleuth
2024-06-29 15:41:31,286 - cauldron - INFO   - agent_defs.py - create_all_agents - Agent Sleuth created.
2024-06-29 15:41:31,287 - cauldron - INFO   - agent_defs.py - create_all_agents - Creating agent: Spinnaret
2024-06-29 15:41:31,294 - cauldron - INFO   - agent_defs.py - create_all_agents - Agent Spinnaret created.
2024-06-29 15:41:31,294 - cauldron - INFO   - agent_defs.py - create_all_agents - All agents created.
2024-06-29 15:41:31,354 - cauldron - INFO   - recipe_print_demo.py - <module> - Printer has paper? :True
