2024-06-29 18:56:39,944 - cauldron - INFO   - cauldron_app.py - __init__ - Initializing Caldron Application
2024-06-29 18:56:40,127 - cauldron - INFO   - class_defs.py - fresh_instance - Creating a new instance of Pot.
2024-06-29 18:56:40,127 - cauldron - INFO   - class_defs.py - __init__ - Initializing Pot object.
2024-06-29 18:56:40,127 - cauldron - INFO   - class_defs.py - save_to_file - Saving Pot to file.
2024-06-29 18:56:40,128 - cauldron - INFO   - class_defs.py - fresh_instance - Creating a new instance of RecipeGraph.
2024-06-29 18:56:40,128 - cauldron - INFO   - class_defs.py - __init__ - Initializing RecipeGraph object.
2024-06-29 18:56:40,128 - cauldron - INFO   - class_defs.py - save_to_file - Saving RecipeGraph to file.
2024-06-29 18:56:40,130 - cauldron - INFO   - class_defs.py - fresh_instance - Creating a new instance of ModsList.
2024-06-29 18:56:40,130 - cauldron - INFO   - class_defs.py - __init__ - Initializing ModsList object.
2024-06-29 18:56:40,130 - cauldron - INFO   - class_defs.py - save_to_file - Saving ModsList to file.
2024-06-29 18:56:40,131 - cauldron - INFO   - agent_defs.py - create_all_agents - Creating all agents.
2024-06-29 18:56:40,131 - cauldron - INFO   - agent_defs.py - create_all_agents - Creating agent: Frontman
2024-06-29 18:56:40,425 - cauldron - INFO   - agent_defs.py - create_all_agents - Agent Frontman created.
2024-06-29 18:56:40,425 - cauldron - INFO   - agent_defs.py - create_all_agents - Creating agent: Tavily
2024-06-29 18:56:40,428 - cauldron - INFO   - agent_defs.py - create_all_agents - Agent Tavily created.
2024-06-29 18:56:40,428 - cauldron - INFO   - agent_defs.py - create_all_agents - Creating agent: Sleuth
2024-06-29 18:56:40,432 - cauldron - INFO   - agent_defs.py - create_all_agents - Agent Sleuth created.
2024-06-29 18:56:40,432 - cauldron - INFO   - agent_defs.py - create_all_agents - Creating agent: Spinnaret
2024-06-29 18:56:40,434 - cauldron - INFO   - agent_defs.py - create_all_agents - Agent Spinnaret created.
2024-06-29 18:56:40,435 - cauldron - INFO   - agent_defs.py - create_all_agents - All agents created.
2024-06-29 18:56:40,493 - cauldron - INFO   - recipe_print_demo.py - <module> - Printer has paper? :True
2024-06-29 18:56:44,158 - cauldron - INFO   - recipe_print_demo.py - button_pressed - Button pressed! Starting recording...
2024-06-29 18:56:44,158 - cauldron - INFO   - recipe_print_demo.py - start_recording - Recording started...
2024-06-29 18:56:46,405 - cauldron - INFO   - recipe_print_demo.py - start_recording - Recording finished
2024-06-29 18:56:47,431 - cauldron - INFO   - recipe_print_demo.py - button_pressed - Transcribed Text: I want a recipe for sponge cake.
2024-06-29 18:57:07,088 - cauldron - DEBUG  - agent_tools.py - add_url_to_pot - Adding URL to pot.
2024-06-29 18:57:07,099 - cauldron - INFO   - class_defs.py - load_from_file - Loading Pot from file.
2024-06-29 18:57:07,138 - cauldron - DEBUG  - class_defs.py - add_url - Adding URL to pot.
2024-06-29 18:57:07,144 - cauldron - INFO   - class_defs.py - save_to_file - Saving Pot to file.
2024-06-29 18:57:09,225 - cauldron - INFO   - recipe_print_demo.py - <module> - Exiting program
2024-06-29 18:57:09,752 - cauldron - INFO   - cauldron_app.py - post - {'Tavily': {'messages': [AIMessage(content='I have found a recipe for sponge cake. You can view it by visiting the following link: [Sponge Cake Recipe](https://natashaskitchen.com/easy-sponge-cake-genoise/).', name='Tavily')], 'sender': 'Tavily'}}
