2024-06-29 17:21:04,962 - cauldron - INFO   - cauldron_app.py - __init__ - Initializing Caldron Application
2024-06-29 17:21:05,145 - cauldron - INFO   - class_defs.py - fresh_instance - Creating a new instance of Pot.
2024-06-29 17:21:05,145 - cauldron - INFO   - class_defs.py - __init__ - Initializing Pot object.
2024-06-29 17:21:05,146 - cauldron - INFO   - class_defs.py - save_to_file - Saving Pot to file.
2024-06-29 17:21:05,146 - cauldron - INFO   - class_defs.py - fresh_instance - Creating a new instance of RecipeGraph.
2024-06-29 17:21:05,146 - cauldron - INFO   - class_defs.py - __init__ - Initializing RecipeGraph object.
2024-06-29 17:21:05,147 - cauldron - INFO   - class_defs.py - save_to_file - Saving RecipeGraph to file.
2024-06-29 17:21:05,148 - cauldron - INFO   - class_defs.py - fresh_instance - Creating a new instance of ModsList.
2024-06-29 17:21:05,148 - cauldron - INFO   - class_defs.py - __init__ - Initializing ModsList object.
2024-06-29 17:21:05,149 - cauldron - INFO   - class_defs.py - save_to_file - Saving ModsList to file.
2024-06-29 17:21:05,149 - cauldron - INFO   - agent_defs.py - create_all_agents - Creating all agents.
2024-06-29 17:21:05,149 - cauldron - INFO   - agent_defs.py - create_all_agents - Creating agent: Frontman
2024-06-29 17:21:05,441 - cauldron - INFO   - agent_defs.py - create_all_agents - Agent Frontman created.
2024-06-29 17:21:05,441 - cauldron - INFO   - agent_defs.py - create_all_agents - Creating agent: Tavily
2024-06-29 17:21:05,444 - cauldron - INFO   - agent_defs.py - create_all_agents - Agent Tavily created.
2024-06-29 17:21:05,444 - cauldron - INFO   - agent_defs.py - create_all_agents - Creating agent: Sleuth
2024-06-29 17:21:05,448 - cauldron - INFO   - agent_defs.py - create_all_agents - Agent Sleuth created.
2024-06-29 17:21:05,448 - cauldron - INFO   - agent_defs.py - create_all_agents - Creating agent: Spinnaret
2024-06-29 17:21:05,454 - cauldron - INFO   - agent_defs.py - create_all_agents - Agent Spinnaret created.
2024-06-29 17:21:05,454 - cauldron - INFO   - agent_defs.py - create_all_agents - All agents created.
2024-06-29 17:21:05,514 - cauldron - INFO   - recipe_print_demo.py - <module> - Printer has paper? :True
2024-06-29 17:21:07,988 - cauldron - INFO   - recipe_print_demo.py - button_pressed - Button pressed! Starting recording...
2024-06-29 17:21:07,989 - cauldron - INFO   - recipe_print_demo.py - start_recording - Recording started...
2024-06-29 17:21:10,713 - cauldron - INFO   - recipe_print_demo.py - start_recording - Recording finished
2024-06-29 17:21:12,727 - cauldron - INFO   - recipe_print_demo.py - button_pressed - Transcribed Text: I want a recipe for chocolate chip cookies.
2024-06-29 17:21:19,576 - cauldron - DEBUG  - agent_tools.py - add_url_to_pot - Adding URL to pot.
2024-06-29 17:21:19,589 - cauldron - INFO   - class_defs.py - load_from_file - Loading Pot from file.
2024-06-29 17:21:19,623 - cauldron - DEBUG  - class_defs.py - add_url - Adding URL to pot.
2024-06-29 17:21:19,638 - cauldron - INFO   - class_defs.py - save_to_file - Saving Pot to file.
2024-06-29 17:21:22,321 - cauldron - INFO   - cauldron_app.py - post - {'Tavily': {'messages': [AIMessage(content='I have found a recipe for chocolate chip cookies. You can view the recipe by following this link: [Chocolate Chip Cookies Recipe](https://www.allrecipes.com/recipe/10813/best-chocolate-chip-cookies/).', name='Tavily')], 'sender': 'Tavily'}}
2024-06-29 17:21:35,565 - cauldron - DEBUG  - agent_tools.py - generate_recipe - Generating representation of Recipe object.
2024-06-29 17:21:35,587 - cauldron - DEBUG  - agent_tools.py - generate_recipe - Name: Best Chocolate Chip Cookies, Ingredients: [Ingredient(name='butter', quantity=1.0, unit='cup'), Ingredient(name='white sugar', quantity=1.0, unit='cup'), Ingredient(name='brown sugar', quantity=1.0, unit='cup'), Ingredient(name='eggs', quantity=2.0, unit=None), Ingredient(name='vanilla', quantity=1.0, unit='tsp'), Ingredient(name='baking soda', quantity=1.0, unit='tsp'), Ingredient(name='hot water', quantity=2.0, unit='tbsp'), Ingredient(name='salt', quantity=0.5, unit='tsp'), Ingredient(name='flour', quantity=3.0, unit='cups'), Ingredient(name='chocolate chips', quantity=2.0, unit='cups'), Ingredient(name='walnuts', quantity=1.0, unit='cup')], Instructions: ['Gather your ingredients, making sure your butter is softened, and your eggs are room temperature.', 'Preheat the oven to 350 degrees F (175 degrees C).', 'Beat butter, white sugar, and brown sugar with an electric mixer in a large bowl until smooth.', 'Beat in eggs, one at a time, then stir in vanilla.', 'Dissolve baking soda in hot water. Add to batter along with salt.', 'Stir in flour, chocolate chips, and walnuts.', 'Drop spoonfuls of dough 2 inches apart onto ungreased baking sheets.', 'Bake in the preheated oven until edges are nicely browned, about 10 minutes.', 'Cool on the baking sheets briefly before removing to a wire rack to cool completely.', 'Store in an airtight container or serve immediately and enjoy!'], Tags: None, Sources: None
2024-06-29 17:21:35,607 - cauldron - INFO   - class_defs.py - load_from_file - Loading Pot from file.
2024-06-29 17:21:35,661 - cauldron - DEBUG  - class_defs.py - add_recipe - Adding recipe to pot.
2024-06-29 17:21:35,677 - cauldron - INFO   - class_defs.py - save_to_file - Saving Pot to file.
2024-06-29 17:21:37,987 - cauldron - INFO   - cauldron_app.py - post - {'Sleuth': {'messages': [AIMessage(content='I have generated the recipe for "Best Chocolate Chip Cookies." You can view the recipe in the Pot with the ID: 033bc748-cad5-4abb-90be-bc525f9e6202.', name='Sleuth')], 'sender': 'Sleuth'}}
2024-06-29 17:21:40,342 - cauldron - DEBUG  - agent_tools.py - get_recipe_from_pot - Getting recipe from pot.
2024-06-29 17:21:40,362 - cauldron - INFO   - class_defs.py - load_from_file - Loading Pot from file.
2024-06-29 17:21:40,416 - cauldron - DEBUG  - class_defs.py - get_recipe - Getting recipe from pot.
2024-06-29 17:21:40,428 - cauldron - INFO   - class_defs.py - save_to_file - Saving Pot to file.
2024-06-29 17:21:44,968 - cauldron - INFO   - cauldron_app.py - post - {'Spinnaret': {'messages': [AIMessage(content='I have retrieved the recipe for "Best Chocolate Chip Cookies" from the Pot:\n\n**Ingredients:**\n- 1 cup butter\n- 1 cup white sugar\n- 1 cup brown sugar\n- 2 eggs\n- 1 tsp vanilla\n- 1 tsp baking soda\n- 2 tbsp hot water\n- 0.5 tsp salt\n- 3 cups flour\n- 2 cups chocolate chips\n- 1 cup walnuts\n\n**Instructions:**\n1. Gather your ingredients, ensuring butter is softened and eggs are at room temperature.\n2. Preheat the oven to 350°F (175°C).\n3. Beat butter, white sugar, and brown sugar in a large bowl until smooth.\n4. Beat in eggs one at a time, then stir in vanilla.\n5. Dissolve baking soda in hot water and add to the batter along with salt.\n6. Stir in flour, chocolate chips, and walnuts.\n7. Drop spoonfuls of dough 2 inches apart onto ungreased baking sheets.\n8. Bake in the preheated oven for about 10 minutes until edges are nicely browned.\n9. Cool briefly on the baking sheets before transferring to a wire rack to cool completely.\n10. Store in an airtight container or serve immediately.\n\nWould you like to add this recipe to the Recipe Graph?', name='Spinnaret')], 'sender': 'Spinnaret'}}
2024-06-29 17:21:47,068 - cauldron - DEBUG  - agent_tools.py - clear_pot - Clearing pot.
2024-06-29 17:21:47,090 - cauldron - INFO   - class_defs.py - load_from_file - Loading Pot from file.
2024-06-29 17:21:47,126 - cauldron - DEBUG  - class_defs.py - clear_pot - Clearing pot.
2024-06-29 17:21:47,139 - cauldron - INFO   - class_defs.py - save_to_file - Saving Pot to file.
2024-06-29 17:21:49,143 - cauldron - INFO   - cauldron_app.py - post - {'Frontman': {'messages': [AIMessage(content='I have cleared the Pot of all recipes. If you need any more recipes or assistance, feel free to ask!', name='Frontman')], 'sender': 'Frontman'}}
2024-06-29 17:21:49,177 - cauldron - INFO   - class_defs.py - load_from_file - Loading RecipeGraph from file.
2024-06-29 17:21:49,220 - cauldron - DEBUG  - class_defs.py - get_foundational_recipe - Getting foundational recipe from recipe graph.
2024-06-29 17:21:49,231 - cauldron - DEBUG  - class_defs.py - get_recipe - Getting recipe from recipe graph.
2024-06-29 17:21:49,273 - cauldron - DEBUG  - class_defs.py - get_graph_size - Getting the number of nodes in the recipe graph.
