2024-06-29 17:30:06,888 - cauldron - INFO   - cauldron_app.py - __init__ - Initializing Caldron Application
2024-06-29 17:30:07,071 - cauldron - INFO   - class_defs.py - fresh_instance - Creating a new instance of Pot.
2024-06-29 17:30:07,071 - cauldron - INFO   - class_defs.py - __init__ - Initializing Pot object.
2024-06-29 17:30:07,071 - cauldron - INFO   - class_defs.py - save_to_file - Saving Pot to file.
2024-06-29 17:30:07,072 - cauldron - INFO   - class_defs.py - fresh_instance - Creating a new instance of RecipeGraph.
2024-06-29 17:30:07,072 - cauldron - INFO   - class_defs.py - __init__ - Initializing RecipeGraph object.
2024-06-29 17:30:07,072 - cauldron - INFO   - class_defs.py - save_to_file - Saving RecipeGraph to file.
2024-06-29 17:30:07,073 - cauldron - INFO   - class_defs.py - fresh_instance - Creating a new instance of ModsList.
2024-06-29 17:30:07,073 - cauldron - INFO   - class_defs.py - __init__ - Initializing ModsList object.
2024-06-29 17:30:07,073 - cauldron - INFO   - class_defs.py - save_to_file - Saving ModsList to file.
2024-06-29 17:30:07,074 - cauldron - INFO   - agent_defs.py - create_all_agents - Creating all agents.
2024-06-29 17:30:07,074 - cauldron - INFO   - agent_defs.py - create_all_agents - Creating agent: Frontman
2024-06-29 17:30:07,365 - cauldron - INFO   - agent_defs.py - create_all_agents - Agent Frontman created.
2024-06-29 17:30:07,365 - cauldron - INFO   - agent_defs.py - create_all_agents - Creating agent: Tavily
2024-06-29 17:30:07,368 - cauldron - INFO   - agent_defs.py - create_all_agents - Agent Tavily created.
2024-06-29 17:30:07,368 - cauldron - INFO   - agent_defs.py - create_all_agents - Creating agent: Sleuth
2024-06-29 17:30:07,372 - cauldron - INFO   - agent_defs.py - create_all_agents - Agent Sleuth created.
2024-06-29 17:30:07,372 - cauldron - INFO   - agent_defs.py - create_all_agents - Creating agent: Spinnaret
2024-06-29 17:30:07,376 - cauldron - INFO   - agent_defs.py - create_all_agents - Agent Spinnaret created.
2024-06-29 17:30:07,377 - cauldron - INFO   - agent_defs.py - create_all_agents - All agents created.
2024-06-29 17:30:07,437 - cauldron - INFO   - recipe_print_demo.py - <module> - Printer has paper? :True
2024-06-29 17:30:11,137 - cauldron - INFO   - recipe_print_demo.py - button_pressed - Button pressed! Starting recording...
2024-06-29 17:30:11,138 - cauldron - INFO   - recipe_print_demo.py - start_recording - Recording started...
2024-06-29 17:30:14,009 - cauldron - INFO   - recipe_print_demo.py - start_recording - Recording finished
2024-06-29 17:30:16,055 - cauldron - INFO   - recipe_print_demo.py - button_pressed - Transcribed Text: I would like a recipe for chocolate chip cookies.
2024-06-29 17:30:23,001 - cauldron - DEBUG  - agent_tools.py - add_url_to_pot - Adding URL to pot.
2024-06-29 17:30:23,011 - cauldron - INFO   - class_defs.py - load_from_file - Loading Pot from file.
2024-06-29 17:30:23,030 - cauldron - DEBUG  - class_defs.py - add_url - Adding URL to pot.
2024-06-29 17:30:23,031 - cauldron - INFO   - class_defs.py - save_to_file - Saving Pot to file.
2024-06-29 17:30:25,337 - cauldron - INFO   - cauldron_app.py - post - {'Tavily': {'messages': [AIMessage(content='I have found a recipe for chocolate chip cookies on Allrecipes. You can view the recipe by following this link: [Best Chocolate Chip Cookies Recipe](https://www.allrecipes.com/recipe/10813/best-chocolate-chip-cookies/).', name='Tavily')], 'sender': 'Tavily'}}
2024-06-29 17:30:37,494 - cauldron - DEBUG  - agent_tools.py - generate_recipe - Generating representation of Recipe object.
2024-06-29 17:30:37,505 - cauldron - DEBUG  - agent_tools.py - generate_recipe - Name: Best Chocolate Chip Cookies, Ingredients: [], Instructions: ['Gather your ingredients, making sure your butter is softened, and your eggs are room temperature.', 'Preheat the oven to 350 degrees F (175 degrees C).', 'Beat butter, white sugar, and brown sugar with an electric mixer in a large bowl until smooth.', 'Beat in eggs, one at a time, then stir in vanilla.', 'Dissolve baking soda in hot water. Add to batter along with salt.', 'Stir in flour, chocolate chips, and walnuts.', 'Drop spoonfuls of dough 2 inches apart onto ungreased baking sheets.', 'Bake in the preheated oven until edges are nicely browned, about 10 minutes.', 'Cool on the baking sheets briefly before removing to a wire rack to cool completely.', 'Store in an airtight container or serve immediately and enjoy!'], Tags: [], Sources: ['https://www.allrecipes.com/recipe/10813/best-chocolate-chip-cookies/']
2024-06-29 17:30:37,516 - cauldron - INFO   - class_defs.py - load_from_file - Loading Pot from file.
2024-06-29 17:30:37,541 - cauldron - DEBUG  - class_defs.py - add_recipe - Adding recipe to pot.
2024-06-29 17:30:37,557 - cauldron - INFO   - class_defs.py - save_to_file - Saving Pot to file.
2024-06-29 17:30:39,817 - cauldron - INFO   - cauldron_app.py - post - {'Sleuth': {'messages': [AIMessage(content='I have generated the recipe for "Best Chocolate Chip Cookies." You can view the recipe in the Pot with the ID: 1707c7cd-3ae4-4e2c-9da6-473eef0e0209.', name='Sleuth')], 'sender': 'Sleuth'}}
2024-06-29 17:30:42,177 - cauldron - DEBUG  - agent_tools.py - get_recipe_from_pot - Getting recipe from pot.
2024-06-29 17:30:42,200 - cauldron - INFO   - class_defs.py - load_from_file - Loading Pot from file.
2024-06-29 17:30:42,270 - cauldron - DEBUG  - class_defs.py - get_recipe - Getting recipe from pot.
2024-06-29 17:30:42,287 - cauldron - INFO   - class_defs.py - save_to_file - Saving Pot to file.
2024-06-29 17:30:47,771 - cauldron - INFO   - cauldron_app.py - post - {'Spinnaret': {'messages': [AIMessage(content='I have retrieved the recipe for "Best Chocolate Chip Cookies" from the Pot. Here are the instructions for the recipe:\n\n1. Gather your ingredients, ensuring your butter is softened, and your eggs are at room temperature.\n2. Preheat the oven to 350 degrees F (175 degrees C).\n3. Beat butter, white sugar, and brown sugar with an electric mixer in a large bowl until smooth.\n4. Beat in eggs, one at a time, then stir in vanilla.\n5. Dissolve baking soda in hot water. Add to the batter along with salt.\n6. Stir in flour, chocolate chips, and walnuts.\n7. Drop spoonfuls of dough 2 inches apart onto ungreased baking sheets.\n8. Bake in the preheated oven until the edges are nicely browned, about 10 minutes.\n9. Cool on the baking sheets briefly before removing to a wire rack to cool completely.\n10. Store in an airtight container or serve immediately and enjoy!\n\nYou can find the recipe source [here](https://www.allrecipes.com/recipe/10813/best-chocolate-chip-cookies/).', name='Spinnaret')], 'sender': 'Spinnaret'}}
2024-06-29 17:30:49,654 - cauldron - DEBUG  - agent_tools.py - clear_pot - Clearing pot.
2024-06-29 17:30:49,670 - cauldron - INFO   - class_defs.py - load_from_file - Loading Pot from file.
2024-06-29 17:30:49,717 - cauldron - DEBUG  - class_defs.py - clear_pot - Clearing pot.
2024-06-29 17:30:49,734 - cauldron - INFO   - class_defs.py - save_to_file - Saving Pot to file.
2024-06-29 17:30:51,905 - cauldron - INFO   - cauldron_app.py - post - {'Frontman': {'messages': [AIMessage(content='I have cleared the Pot of all recipes. If you need any more assistance or have any other requests, feel free to let me know!', name='Frontman')], 'sender': 'Frontman'}}
2024-06-29 17:30:51,959 - cauldron - INFO   - class_defs.py - load_from_file - Loading RecipeGraph from file.
2024-06-29 17:30:51,994 - cauldron - DEBUG  - class_defs.py - get_foundational_recipe - Getting foundational recipe from recipe graph.
2024-06-29 17:30:52,010 - cauldron - DEBUG  - class_defs.py - get_recipe - Getting recipe from recipe graph.
2024-06-29 17:30:52,027 - cauldron - DEBUG  - class_defs.py - get_graph_size - Getting the number of nodes in the recipe graph.
2024-06-29 17:30:53,798 - cauldron - INFO   - recipe_print_demo.py - button_pressed - Button pressed! Starting recording...
2024-06-29 17:30:53,798 - cauldron - INFO   - recipe_print_demo.py - start_recording - Recording started...
2024-06-29 17:30:53,812 - cauldron - INFO   - recipe_print_demo.py - start_recording - Recording finished
2024-06-29 17:30:53,813 - cauldron - INFO   - recipe_print_demo.py - start_recording - No audio data recorded.
2024-06-29 17:30:53,813 - cauldron - INFO   - recipe_print_demo.py - button_pressed - No audio recorded. Skipping transcription and printing.
2024-06-29 17:30:53,814 - cauldron - INFO   - recipe_print_demo.py - button_pressed - Button pressed! Starting recording...
2024-06-29 17:30:53,814 - cauldron - INFO   - recipe_print_demo.py - start_recording - Recording started...
2024-06-29 17:30:53,829 - cauldron - INFO   - recipe_print_demo.py - start_recording - Recording finished
2024-06-29 17:30:53,830 - cauldron - INFO   - recipe_print_demo.py - start_recording - No audio data recorded.
2024-06-29 17:30:53,831 - cauldron - INFO   - recipe_print_demo.py - button_pressed - No audio recorded. Skipping transcription and printing.
2024-06-29 17:30:53,832 - cauldron - INFO   - recipe_print_demo.py - button_pressed - Button pressed! Starting recording...
2024-06-29 17:30:53,832 - cauldron - INFO   - recipe_print_demo.py - start_recording - Recording started...
2024-06-29 17:30:53,847 - cauldron - INFO   - recipe_print_demo.py - start_recording - Recording finished
2024-06-29 17:30:53,848 - cauldron - INFO   - recipe_print_demo.py - start_recording - No audio data recorded.
2024-06-29 17:30:53,848 - cauldron - INFO   - recipe_print_demo.py - button_pressed - No audio recorded. Skipping transcription and printing.
2024-06-29 17:30:53,849 - cauldron - INFO   - recipe_print_demo.py - button_pressed - Button pressed! Starting recording...
2024-06-29 17:30:53,849 - cauldron - INFO   - recipe_print_demo.py - start_recording - Recording started...
2024-06-29 17:30:53,860 - cauldron - INFO   - recipe_print_demo.py - start_recording - Recording finished
2024-06-29 17:30:53,861 - cauldron - INFO   - recipe_print_demo.py - start_recording - No audio data recorded.
2024-06-29 17:30:53,861 - cauldron - INFO   - recipe_print_demo.py - button_pressed - No audio recorded. Skipping transcription and printing.
2024-06-29 17:30:53,861 - cauldron - INFO   - recipe_print_demo.py - button_pressed - Button pressed! Starting recording...
2024-06-29 17:30:53,862 - cauldron - INFO   - recipe_print_demo.py - start_recording - Recording started...
2024-06-29 17:30:53,881 - cauldron - INFO   - recipe_print_demo.py - start_recording - Recording finished
2024-06-29 17:30:53,881 - cauldron - INFO   - recipe_print_demo.py - start_recording - No audio data recorded.
2024-06-29 17:30:53,881 - cauldron - INFO   - recipe_print_demo.py - button_pressed - No audio recorded. Skipping transcription and printing.
2024-06-29 17:30:53,881 - cauldron - INFO   - recipe_print_demo.py - button_pressed - Button pressed! Starting recording...
2024-06-29 17:30:53,882 - cauldron - INFO   - recipe_print_demo.py - start_recording - Recording started...
2024-06-29 17:30:53,897 - cauldron - INFO   - recipe_print_demo.py - start_recording - Recording finished
2024-06-29 17:30:53,898 - cauldron - INFO   - recipe_print_demo.py - start_recording - No audio data recorded.
2024-06-29 17:30:53,898 - cauldron - INFO   - recipe_print_demo.py - button_pressed - No audio recorded. Skipping transcription and printing.
2024-06-29 17:30:53,899 - cauldron - INFO   - recipe_print_demo.py - button_pressed - Button pressed! Starting recording...
2024-06-29 17:30:53,899 - cauldron - INFO   - recipe_print_demo.py - start_recording - Recording started...
2024-06-29 17:30:53,912 - cauldron - INFO   - recipe_print_demo.py - start_recording - Recording finished
2024-06-29 17:30:53,912 - cauldron - INFO   - recipe_print_demo.py - start_recording - No audio data recorded.
2024-06-29 17:30:53,912 - cauldron - INFO   - recipe_print_demo.py - button_pressed - No audio recorded. Skipping transcription and printing.
2024-06-29 17:30:53,913 - cauldron - INFO   - recipe_print_demo.py - button_pressed - Button pressed! Starting recording...
2024-06-29 17:30:53,914 - cauldron - INFO   - recipe_print_demo.py - start_recording - Recording started...
2024-06-29 17:30:53,924 - cauldron - INFO   - recipe_print_demo.py - start_recording - Recording finished
2024-06-29 17:30:53,925 - cauldron - INFO   - recipe_print_demo.py - start_recording - No audio data recorded.
2024-06-29 17:30:53,926 - cauldron - INFO   - recipe_print_demo.py - button_pressed - No audio recorded. Skipping transcription and printing.
2024-06-29 17:30:53,926 - cauldron - INFO   - recipe_print_demo.py - button_pressed - Button pressed! Starting recording...
2024-06-29 17:30:53,926 - cauldron - INFO   - recipe_print_demo.py - start_recording - Recording started...
2024-06-29 17:30:53,937 - cauldron - INFO   - recipe_print_demo.py - start_recording - Recording finished
2024-06-29 17:30:53,937 - cauldron - INFO   - recipe_print_demo.py - start_recording - No audio data recorded.
2024-06-29 17:30:53,937 - cauldron - INFO   - recipe_print_demo.py - button_pressed - No audio recorded. Skipping transcription and printing.
