2024-06-29 17:00:01,452 - cauldron - INFO   - cauldron_app.py - __init__ - Initializing Caldron Application
2024-06-29 17:00:01,635 - cauldron - INFO   - class_defs.py - fresh_instance - Creating a new instance of Pot.
2024-06-29 17:00:01,635 - cauldron - INFO   - class_defs.py - __init__ - Initializing Pot object.
2024-06-29 17:00:01,635 - cauldron - INFO   - class_defs.py - save_to_file - Saving Pot to file.
2024-06-29 17:00:01,636 - cauldron - INFO   - class_defs.py - fresh_instance - Creating a new instance of RecipeGraph.
2024-06-29 17:00:01,636 - cauldron - INFO   - class_defs.py - __init__ - Initializing RecipeGraph object.
2024-06-29 17:00:01,636 - cauldron - INFO   - class_defs.py - save_to_file - Saving RecipeGraph to file.
2024-06-29 17:00:01,638 - cauldron - INFO   - class_defs.py - fresh_instance - Creating a new instance of ModsList.
2024-06-29 17:00:01,638 - cauldron - INFO   - class_defs.py - __init__ - Initializing ModsList object.
2024-06-29 17:00:01,638 - cauldron - INFO   - class_defs.py - save_to_file - Saving ModsList to file.
2024-06-29 17:00:01,639 - cauldron - INFO   - agent_defs.py - create_all_agents - Creating all agents.
2024-06-29 17:00:01,639 - cauldron - INFO   - agent_defs.py - create_all_agents - Creating agent: Frontman
2024-06-29 17:00:01,932 - cauldron - INFO   - agent_defs.py - create_all_agents - Agent Frontman created.
2024-06-29 17:00:01,932 - cauldron - INFO   - agent_defs.py - create_all_agents - Creating agent: Tavily
2024-06-29 17:00:01,935 - cauldron - INFO   - agent_defs.py - create_all_agents - Agent Tavily created.
2024-06-29 17:00:01,935 - cauldron - INFO   - agent_defs.py - create_all_agents - Creating agent: Sleuth
2024-06-29 17:00:01,939 - cauldron - INFO   - agent_defs.py - create_all_agents - Agent Sleuth created.
2024-06-29 17:00:01,939 - cauldron - INFO   - agent_defs.py - create_all_agents - Creating agent: Spinnaret
2024-06-29 17:00:01,946 - cauldron - INFO   - agent_defs.py - create_all_agents - Agent Spinnaret created.
2024-06-29 17:00:01,946 - cauldron - INFO   - agent_defs.py - create_all_agents - All agents created.
2024-06-29 17:00:02,005 - cauldron - INFO   - recipe_print_demo.py - <module> - Printer has paper? :True
2024-06-29 17:00:09,417 - cauldron - INFO   - recipe_print_demo.py - button_pressed - Button pressed! Starting recording...
2024-06-29 17:00:09,418 - cauldron - INFO   - recipe_print_demo.py - start_recording - Recording started...
2024-06-29 17:00:12,003 - cauldron - INFO   - recipe_print_demo.py - start_recording - Recording finished
2024-06-29 17:00:14,063 - cauldron - INFO   - recipe_print_demo.py - button_pressed - Transcribed Text: I want a recipe for chocolate chip cookies.
2024-06-29 17:00:20,778 - cauldron - DEBUG  - agent_tools.py - add_url_to_pot - Adding URL to pot.
2024-06-29 17:00:20,788 - cauldron - INFO   - class_defs.py - load_from_file - Loading Pot from file.
2024-06-29 17:00:20,828 - cauldron - DEBUG  - class_defs.py - add_url - Adding URL to pot.
2024-06-29 17:00:20,839 - cauldron - INFO   - class_defs.py - save_to_file - Saving Pot to file.
2024-06-29 17:00:23,035 - cauldron - INFO   - cauldron_app.py - post - {'Tavily': {'messages': [AIMessage(content='I have found a recipe for chocolate chip cookies on Allrecipes. I have added the URL to the Pot for further examination.', name='Tavily')], 'sender': 'Tavily'}}
2024-06-29 17:00:24,982 - cauldron - DEBUG  - agent_tools.py - pop_url_from_pot - Popping URL from pot.
2024-06-29 17:00:24,993 - cauldron - INFO   - class_defs.py - load_from_file - Loading Pot from file.
2024-06-29 17:00:25,014 - cauldron - DEBUG  - class_defs.py - pop_url - Popping URL from pot.
2024-06-29 17:00:25,026 - cauldron - INFO   - class_defs.py - save_to_file - Saving Pot to file.
2024-06-29 17:00:39,678 - cauldron - DEBUG  - agent_tools.py - generate_recipe - Generating representation of Recipe object.
2024-06-29 17:00:39,695 - cauldron - DEBUG  - agent_tools.py - generate_recipe - Name: Best Chocolate Chip Cookies, Ingredients: [Ingredient(name='butter', quantity=1.0, unit='cup'), Ingredient(name='white sugar', quantity=1.0, unit='cup'), Ingredient(name='brown sugar', quantity=1.0, unit='cup'), Ingredient(name='eggs', quantity=2.0, unit=None), Ingredient(name='vanilla', quantity=1.0, unit='tsp'), Ingredient(name='baking soda', quantity=1.0, unit='tsp'), Ingredient(name='hot water', quantity=2.0, unit='tbsp'), Ingredient(name='salt', quantity=0.5, unit='tsp'), Ingredient(name='flour', quantity=3.0, unit='cups'), Ingredient(name='chocolate chips', quantity=2.0, unit='cups'), Ingredient(name='walnuts', quantity=1.0, unit='cup')], Instructions: ['Gather your ingredients, making sure your butter is softened, and your eggs are room temperature.', 'Preheat the oven to 350 degrees F (175 degrees C).', 'Beat butter, white sugar, and brown sugar with an electric mixer in a large bowl until smooth.', 'Beat in eggs, one at a time, then stir in vanilla.', 'Dissolve baking soda in hot water. Add to batter along with salt.', 'Stir in flour, chocolate chips, and walnuts.', 'Drop spoonfuls of dough 2 inches apart onto ungreased baking sheets.', 'Bake in the preheated oven until edges are nicely browned, about 10 minutes.', 'Cool on the baking sheets briefly before removing to a wire rack to cool completely.', 'Store in an airtight container or serve immediately and enjoy!'], Tags: None, Sources: ['https://www.allrecipes.com/recipe/10813/best-chocolate-chip-cookies/']
2024-06-29 17:00:39,713 - cauldron - INFO   - class_defs.py - load_from_file - Loading Pot from file.
2024-06-29 17:00:39,740 - cauldron - DEBUG  - class_defs.py - add_recipe - Adding recipe to pot.
2024-06-29 17:00:39,761 - cauldron - INFO   - class_defs.py - save_to_file - Saving Pot to file.
2024-06-29 17:00:41,598 - cauldron - INFO   - cauldron_app.py - post - {'Sleuth': {'messages': [AIMessage(content='I have generated the recipe for "Best Chocolate Chip Cookies" and added it to the Pot.', name='Sleuth')], 'sender': 'Sleuth'}}
2024-06-29 17:00:43,911 - cauldron - DEBUG  - agent_tools.py - get_recipe_from_pot - Getting recipe from pot.
2024-06-29 17:00:43,922 - cauldron - INFO   - class_defs.py - load_from_file - Loading Pot from file.
2024-06-29 17:00:43,961 - cauldron - DEBUG  - class_defs.py - get_recipe - Getting recipe from pot.
2024-06-29 17:00:43,977 - cauldron - INFO   - class_defs.py - save_to_file - Saving Pot to file.
2024-06-29 17:00:50,016 - cauldron - DEBUG  - agent_tools.py - create_recipe_graph - Creating recipe graph with foundational recipe.
2024-06-29 17:00:50,033 - cauldron - INFO   - class_defs.py - load_from_file - Loading RecipeGraph from file.
2024-06-29 17:00:50,083 - cauldron - DEBUG  - class_defs.py - create_recipe_graph - Creating recipe graph with foundational recipe.
2024-06-29 17:00:50,106 - cauldron - INFO   - class_defs.py - save_to_file - Saving RecipeGraph to file.
2024-06-29 17:00:52,275 - cauldron - INFO   - cauldron_app.py - post - {'Spinnaret': {'messages': [AIMessage(content='I have created a recipe graph with the foundational recipe for "Best Chocolate Chip Cookies."', name='Spinnaret')], 'sender': 'Spinnaret'}}
2024-06-29 17:00:54,430 - cauldron - DEBUG  - agent_tools.py - clear_pot - Clearing pot.
2024-06-29 17:00:54,453 - cauldron - INFO   - class_defs.py - load_from_file - Loading Pot from file.
2024-06-29 17:00:54,506 - cauldron - DEBUG  - class_defs.py - clear_pot - Clearing pot.
2024-06-29 17:00:54,526 - cauldron - INFO   - class_defs.py - save_to_file - Saving Pot to file.
2024-06-29 17:00:56,649 - cauldron - INFO   - cauldron_app.py - post - {'Frontman': {'messages': [AIMessage(content='I have cleared the Pot to ensure no recipe information is retained. If you have any specific preferences or constraints for the chocolate chip cookies recipe, please let me know!', name='Frontman')], 'sender': 'Frontman'}}
2024-06-29 17:00:56,685 - cauldron - DEBUG  - recipe_print_demo.py - button_pressed - Getting foundational recipe from recipe graph.
2024-06-29 17:00:56,691 - cauldron - INFO   - class_defs.py - load_from_file - Loading RecipeGraph from file.
2024-06-29 17:00:56,707 - cauldron - DEBUG  - class_defs.py - get_foundational_recipe - Getting foundational recipe from recipe graph.
2024-06-29 17:00:56,715 - cauldron - DEBUG  - class_defs.py - get_recipe - Getting recipe from recipe graph.
2024-06-29 17:00:56,741 - cauldron - DEBUG  - class_defs.py - get_graph_size - Getting the number of nodes in the recipe graph.
2024-06-29 17:00:56,757 - cauldron - DEBUG  - class_defs.py - from_json - Creating Recipe object from JSON string.
