2024-06-29 17:11:33,847 - cauldron - INFO   - cauldron_app.py - __init__ - Initializing Caldron Application
2024-06-29 17:11:34,029 - cauldron - INFO   - class_defs.py - fresh_instance - Creating a new instance of Pot.
2024-06-29 17:11:34,029 - cauldron - INFO   - class_defs.py - __init__ - Initializing Pot object.
2024-06-29 17:11:34,030 - cauldron - INFO   - class_defs.py - save_to_file - Saving Pot to file.
2024-06-29 17:11:34,030 - cauldron - INFO   - class_defs.py - fresh_instance - Creating a new instance of RecipeGraph.
2024-06-29 17:11:34,031 - cauldron - INFO   - class_defs.py - __init__ - Initializing RecipeGraph object.
2024-06-29 17:11:34,031 - cauldron - INFO   - class_defs.py - save_to_file - Saving RecipeGraph to file.
2024-06-29 17:11:34,032 - cauldron - INFO   - class_defs.py - fresh_instance - Creating a new instance of ModsList.
2024-06-29 17:11:34,032 - cauldron - INFO   - class_defs.py - __init__ - Initializing ModsList object.
2024-06-29 17:11:34,032 - cauldron - INFO   - class_defs.py - save_to_file - Saving ModsList to file.
2024-06-29 17:11:34,033 - cauldron - INFO   - agent_defs.py - create_all_agents - Creating all agents.
2024-06-29 17:11:34,033 - cauldron - INFO   - agent_defs.py - create_all_agents - Creating agent: Frontman
2024-06-29 17:11:34,324 - cauldron - INFO   - agent_defs.py - create_all_agents - Agent Frontman created.
2024-06-29 17:11:34,324 - cauldron - INFO   - agent_defs.py - create_all_agents - Creating agent: Tavily
2024-06-29 17:11:34,327 - cauldron - INFO   - agent_defs.py - create_all_agents - Agent Tavily created.
2024-06-29 17:11:34,327 - cauldron - INFO   - agent_defs.py - create_all_agents - Creating agent: Sleuth
2024-06-29 17:11:34,331 - cauldron - INFO   - agent_defs.py - create_all_agents - Agent Sleuth created.
2024-06-29 17:11:34,331 - cauldron - INFO   - agent_defs.py - create_all_agents - Creating agent: Spinnaret
2024-06-29 17:11:34,337 - cauldron - INFO   - agent_defs.py - create_all_agents - Agent Spinnaret created.
2024-06-29 17:11:34,337 - cauldron - INFO   - agent_defs.py - create_all_agents - All agents created.
2024-06-29 17:11:34,398 - cauldron - INFO   - recipe_print_demo.py - <module> - Printer has paper? :True
2024-06-29 17:11:43,429 - cauldron - INFO   - recipe_print_demo.py - button_pressed - Button pressed! Starting recording...
2024-06-29 17:11:43,430 - cauldron - INFO   - recipe_print_demo.py - start_recording - Recording started...
2024-06-29 17:11:46,233 - cauldron - INFO   - recipe_print_demo.py - start_recording - Recording finished
2024-06-29 17:11:48,140 - cauldron - INFO   - recipe_print_demo.py - button_pressed - Transcribed Text: I want a recipe for chocolate chip cookies.
2024-06-29 17:11:55,478 - cauldron - DEBUG  - agent_tools.py - add_url_to_pot - Adding URL to pot.
2024-06-29 17:11:55,489 - cauldron - INFO   - class_defs.py - load_from_file - Loading Pot from file.
2024-06-29 17:11:55,536 - cauldron - DEBUG  - class_defs.py - add_url - Adding URL to pot.
2024-06-29 17:11:55,548 - cauldron - INFO   - class_defs.py - save_to_file - Saving Pot to file.
2024-06-29 17:11:58,037 - cauldron - INFO   - cauldron_app.py - post - {'Tavily': {'messages': [AIMessage(content='I have found a recipe for chocolate chip cookies. You can view the recipe by following this link: [Best Chocolate Chip Cookies Recipe](https://www.allrecipes.com/recipe/10813/best-chocolate-chip-cookies/).', name='Tavily')], 'sender': 'Tavily'}}
2024-06-29 17:12:12,325 - cauldron - DEBUG  - agent_tools.py - generate_recipe - Generating representation of Recipe object.
2024-06-29 17:12:12,346 - cauldron - DEBUG  - agent_tools.py - generate_recipe - Name: Best Chocolate Chip Cookies, Ingredients: [Ingredient(name='butter', quantity=1.0, unit='cup'), Ingredient(name='white sugar', quantity=1.0, unit='cup'), Ingredient(name='brown sugar', quantity=1.0, unit='cup'), Ingredient(name='eggs', quantity=2.0, unit=None), Ingredient(name='vanilla', quantity=1.0, unit='tsp'), Ingredient(name='baking soda', quantity=1.0, unit='tsp'), Ingredient(name='hot water', quantity=2.0, unit='tbsp'), Ingredient(name='salt', quantity=0.5, unit='tsp'), Ingredient(name='flour', quantity=3.0, unit='cups'), Ingredient(name='chocolate chips', quantity=2.0, unit='cups'), Ingredient(name='walnuts', quantity=1.0, unit='cup')], Instructions: ['Gather your ingredients, making sure your butter is softened, and your eggs are room temperature.', 'Preheat the oven to 350 degrees F (175 degrees C).', 'Beat butter, white sugar, and brown sugar with an electric mixer in a large bowl until smooth.', 'Beat in eggs, one at a time, then stir in vanilla.', 'Dissolve baking soda in hot water. Add to batter along with salt.', 'Stir in flour, chocolate chips, and walnuts.', 'Drop spoonfuls of dough 2 inches apart onto ungreased baking sheets.', 'Bake in the preheated oven until edges are nicely browned, about 10 minutes.', 'Cool on the baking sheets briefly before removing to a wire rack to cool completely.', 'Store in an airtight container or serve immediately and enjoy!'], Tags: None, Sources: None
2024-06-29 17:12:12,365 - cauldron - INFO   - class_defs.py - load_from_file - Loading Pot from file.
2024-06-29 17:12:12,397 - cauldron - DEBUG  - class_defs.py - add_recipe - Adding recipe to pot.
2024-06-29 17:12:12,406 - cauldron - INFO   - class_defs.py - save_to_file - Saving Pot to file.
2024-06-29 17:12:14,702 - cauldron - INFO   - cauldron_app.py - post - {'Sleuth': {'messages': [AIMessage(content='I have generated the recipe for "Best Chocolate Chip Cookies." You can find the recipe in the Pot with the ID: 6a516125-42d4-469b-af82-aed54f4f7804.', name='Sleuth')], 'sender': 'Sleuth'}}
2024-06-29 17:12:17,066 - cauldron - DEBUG  - agent_tools.py - get_recipe_from_pot - Getting recipe from pot.
2024-06-29 17:12:17,094 - cauldron - INFO   - class_defs.py - load_from_file - Loading Pot from file.
2024-06-29 17:12:17,133 - cauldron - DEBUG  - class_defs.py - get_recipe - Getting recipe from pot.
2024-06-29 17:12:17,149 - cauldron - INFO   - class_defs.py - save_to_file - Saving Pot to file.
2024-06-29 17:12:23,087 - cauldron - INFO   - cauldron_app.py - post - {'Spinnaret': {'messages': [AIMessage(content='I have retrieved the recipe for "Best Chocolate Chip Cookies" from the Pot. Here are the details:\n\n**Ingredients:**\n- Butter: 1 cup\n- White sugar: 1 cup\n- Brown sugar: 1 cup\n- Eggs: 2\n- Vanilla: 1 tsp\n- Baking soda: 1 tsp\n- Hot water: 2 tbsp\n- Salt: 0.5 tsp\n- Flour: 3 cups\n- Chocolate chips: 2 cups\n- Walnuts: 1 cup\n\n**Instructions:**\n1. Gather your ingredients, ensuring butter is softened and eggs are at room temperature.\n2. Preheat the oven to 350 degrees F (175 degrees C).\n3. Beat butter, white sugar, and brown sugar until smooth.\n4. Add eggs one at a time, then stir in vanilla.\n5. Dissolve baking soda in hot water and add to the batter along with salt.\n6. Stir in flour, chocolate chips, and walnuts.\n7. Drop spoonfuls of dough onto baking sheets.\n8. Bake until edges are browned, about 10 minutes.\n9. Cool briefly on baking sheets before transferring to a wire rack to cool completely.\n10. Store in an airtight container or serve immediately.\n\nWould you like to add this recipe to the Recipe Graph?', name='Spinnaret')], 'sender': 'Spinnaret'}}
2024-06-29 17:12:25,281 - cauldron - INFO   - cauldron_app.py - post - {'Frontman': {'messages': [AIMessage(content='Would you like to make any modifications to the recipe, such as adjusting the amount of chocolate chips or omitting the walnuts?', name='Frontman')], 'sender': 'Frontman'}}
2024-06-29 17:12:25,352 - cauldron - INFO   - class_defs.py - load_from_file - Loading RecipeGraph from file.
2024-06-29 17:12:25,399 - cauldron - DEBUG  - class_defs.py - get_foundational_recipe - Getting foundational recipe from recipe graph.
2024-06-29 17:12:25,427 - cauldron - DEBUG  - class_defs.py - get_recipe - Getting recipe from recipe graph.
2024-06-29 17:12:25,445 - cauldron - DEBUG  - class_defs.py - get_graph_size - Getting the number of nodes in the recipe graph.
2024-06-29 17:13:24,246 - cauldron - INFO   - recipe_print_demo.py - <module> - Exiting program
