2024-06-29 17:13:36,640 - cauldron - INFO   - cauldron_app.py - __init__ - Initializing Caldron Application
2024-06-29 17:13:36,885 - cauldron - INFO   - class_defs.py - fresh_instance - Creating a new instance of Pot.
2024-06-29 17:13:36,885 - cauldron - INFO   - class_defs.py - __init__ - Initializing Pot object.
2024-06-29 17:13:36,885 - cauldron - INFO   - class_defs.py - save_to_file - Saving Pot to file.
2024-06-29 17:13:36,886 - cauldron - INFO   - class_defs.py - fresh_instance - Creating a new instance of RecipeGraph.
2024-06-29 17:13:36,886 - cauldron - INFO   - class_defs.py - __init__ - Initializing RecipeGraph object.
2024-06-29 17:13:36,887 - cauldron - INFO   - class_defs.py - save_to_file - Saving RecipeGraph to file.
2024-06-29 17:13:36,888 - cauldron - INFO   - class_defs.py - fresh_instance - Creating a new instance of ModsList.
2024-06-29 17:13:36,888 - cauldron - INFO   - class_defs.py - __init__ - Initializing ModsList object.
2024-06-29 17:13:36,888 - cauldron - INFO   - class_defs.py - save_to_file - Saving ModsList to file.
2024-06-29 17:13:36,889 - cauldron - INFO   - agent_defs.py - create_all_agents - Creating all agents.
2024-06-29 17:13:36,889 - cauldron - INFO   - agent_defs.py - create_all_agents - Creating agent: Frontman
2024-06-29 17:13:37,193 - cauldron - INFO   - agent_defs.py - create_all_agents - Agent Frontman created.
2024-06-29 17:13:37,194 - cauldron - INFO   - agent_defs.py - create_all_agents - Creating agent: Tavily
2024-06-29 17:13:37,197 - cauldron - INFO   - agent_defs.py - create_all_agents - Agent Tavily created.
2024-06-29 17:13:37,198 - cauldron - INFO   - agent_defs.py - create_all_agents - Creating agent: Sleuth
2024-06-29 17:13:37,203 - cauldron - INFO   - agent_defs.py - create_all_agents - Agent Sleuth created.
2024-06-29 17:13:37,204 - cauldron - INFO   - agent_defs.py - create_all_agents - Creating agent: Spinnaret
2024-06-29 17:13:37,210 - cauldron - INFO   - agent_defs.py - create_all_agents - Agent Spinnaret created.
2024-06-29 17:13:37,210 - cauldron - INFO   - agent_defs.py - create_all_agents - All agents created.
2024-06-29 17:13:37,267 - cauldron - INFO   - recipe_print_demo.py - <module> - Printer has paper? :True
2024-06-29 17:13:46,539 - cauldron - INFO   - recipe_print_demo.py - button_pressed - Button pressed! Starting recording...
2024-06-29 17:13:46,539 - cauldron - INFO   - recipe_print_demo.py - start_recording - Recording started...
2024-06-29 17:13:49,205 - cauldron - INFO   - recipe_print_demo.py - start_recording - Recording finished
2024-06-29 17:13:51,423 - cauldron - INFO   - recipe_print_demo.py - button_pressed - Transcribed Text: I want a recipe for chocolate chip cookies.
2024-06-29 17:13:58,776 - cauldron - DEBUG  - agent_tools.py - add_url_to_pot - Adding URL to pot.
2024-06-29 17:13:58,787 - cauldron - INFO   - class_defs.py - load_from_file - Loading Pot from file.
2024-06-29 17:13:58,821 - cauldron - DEBUG  - class_defs.py - add_url - Adding URL to pot.
2024-06-29 17:13:58,832 - cauldron - INFO   - class_defs.py - save_to_file - Saving Pot to file.
2024-06-29 17:14:01,160 - cauldron - INFO   - cauldron_app.py - post - {'Tavily': {'messages': [AIMessage(content='I have found a recipe for chocolate chip cookies. You can view the recipe by following this link: [Best Chocolate Chip Cookies Recipe](https://www.allrecipes.com/recipe/10813/best-chocolate-chip-cookies/).', name='Tavily')], 'sender': 'Tavily'}}
2024-06-29 17:14:16,770 - cauldron - DEBUG  - agent_tools.py - generate_recipe - Generating representation of Recipe object.
2024-06-29 17:14:16,793 - cauldron - DEBUG  - agent_tools.py - generate_recipe - Name: Best Chocolate Chip Cookies, Ingredients: [Ingredient(name='butter', quantity=1.0, unit='cup'), Ingredient(name='white sugar', quantity=1.0, unit='cup'), Ingredient(name='brown sugar', quantity=1.0, unit='cup'), Ingredient(name='eggs', quantity=2.0, unit=None), Ingredient(name='vanilla', quantity=1.0, unit='tsp'), Ingredient(name='baking soda', quantity=1.0, unit='tsp'), Ingredient(name='hot water', quantity=2.0, unit='tbsp'), Ingredient(name='salt', quantity=0.5, unit='tsp'), Ingredient(name='flour', quantity=3.0, unit='cups'), Ingredient(name='chocolate chips', quantity=2.0, unit='cups'), Ingredient(name='walnuts', quantity=1.0, unit='cup')], Instructions: ['Gather your ingredients, making sure your butter is softened, and your eggs are room temperature.', 'Preheat the oven to 350 degrees F (175 degrees C).', 'Beat butter, white sugar, and brown sugar with an electric mixer in a large bowl until smooth.', 'Beat in eggs, one at a time, then stir in vanilla.', 'Dissolve baking soda in hot water. Add to batter along with salt.', 'Stir in flour, chocolate chips, and walnuts.', 'Drop spoonfuls of dough 2 inches apart onto ungreased baking sheets.', 'Bake in the preheated oven until edges are nicely browned, about 10 minutes.', 'Cool on the baking sheets briefly before removing to a wire rack to cool completely.', 'Store in an airtight container or serve immediately and enjoy!'], Tags: None, Sources: None
2024-06-29 17:14:16,806 - cauldron - INFO   - class_defs.py - load_from_file - Loading Pot from file.
2024-06-29 17:14:16,849 - cauldron - DEBUG  - class_defs.py - add_recipe - Adding recipe to pot.
2024-06-29 17:14:16,860 - cauldron - INFO   - class_defs.py - save_to_file - Saving Pot to file.
2024-06-29 17:14:19,074 - cauldron - INFO   - cauldron_app.py - post - {'Sleuth': {'messages': [AIMessage(content='I have generated the recipe for "Best Chocolate Chip Cookies." You can find the recipe in the Pot.', name='Sleuth')], 'sender': 'Sleuth'}}
2024-06-29 17:14:21,258 - cauldron - DEBUG  - agent_tools.py - get_recipe_from_pot - Getting recipe from pot.
2024-06-29 17:14:21,275 - cauldron - INFO   - class_defs.py - load_from_file - Loading Pot from file.
2024-06-29 17:14:21,308 - cauldron - DEBUG  - class_defs.py - get_recipe - Getting recipe from pot.
2024-06-29 17:14:21,319 - cauldron - INFO   - class_defs.py - save_to_file - Saving Pot to file.
2024-06-29 17:14:26,832 - cauldron - DEBUG  - agent_tools.py - create_recipe_graph - Creating recipe graph with foundational recipe.
2024-06-29 17:14:26,853 - cauldron - INFO   - class_defs.py - load_from_file - Loading RecipeGraph from file.
2024-06-29 17:14:26,883 - cauldron - DEBUG  - class_defs.py - create_recipe_graph - Creating recipe graph with foundational recipe.
2024-06-29 17:14:26,915 - cauldron - INFO   - class_defs.py - save_to_file - Saving RecipeGraph to file.
2024-06-29 17:14:29,080 - cauldron - INFO   - cauldron_app.py - post - {'Spinnaret': {'messages': [AIMessage(content='The recipe graph has been created with the "Best Chocolate Chip Cookies" recipe as the foundational recipe.', name='Spinnaret')], 'sender': 'Spinnaret'}}
2024-06-29 17:14:31,144 - cauldron - DEBUG  - agent_tools.py - clear_pot - Clearing pot.
2024-06-29 17:14:31,171 - cauldron - INFO   - class_defs.py - load_from_file - Loading Pot from file.
2024-06-29 17:14:31,198 - cauldron - DEBUG  - class_defs.py - clear_pot - Clearing pot.
2024-06-29 17:14:31,217 - cauldron - INFO   - class_defs.py - save_to_file - Saving Pot to file.
2024-06-29 17:14:33,447 - cauldron - INFO   - cauldron_app.py - post - {'Frontman': {'messages': [AIMessage(content='I have cleared the Pot of all recipes. If you need any more assistance or have any other requests, feel free to let me know!', name='Frontman')], 'sender': 'Frontman'}}
2024-06-29 17:14:33,478 - cauldron - INFO   - class_defs.py - load_from_file - Loading RecipeGraph from file.
2024-06-29 17:14:33,517 - cauldron - DEBUG  - class_defs.py - get_foundational_recipe - Getting foundational recipe from recipe graph.
2024-06-29 17:14:33,519 - cauldron - DEBUG  - class_defs.py - get_recipe - Getting recipe from recipe graph.
2024-06-29 17:14:33,519 - cauldron - DEBUG  - class_defs.py - get_graph_size - Getting the number of nodes in the recipe graph.
2024-06-29 17:14:33,519 - cauldron - DEBUG  - class_defs.py - from_json - Creating Recipe object from JSON string.
