2024-06-29 17:04:00,177 - cauldron - INFO   - cauldron_app.py - __init__ - Initializing Caldron Application
2024-06-29 17:04:00,361 - cauldron - INFO   - class_defs.py - fresh_instance - Creating a new instance of Pot.
2024-06-29 17:04:00,362 - cauldron - INFO   - class_defs.py - __init__ - Initializing Pot object.
2024-06-29 17:04:00,362 - cauldron - INFO   - class_defs.py - save_to_file - Saving Pot to file.
2024-06-29 17:04:00,362 - cauldron - INFO   - class_defs.py - fresh_instance - Creating a new instance of RecipeGraph.
2024-06-29 17:04:00,363 - cauldron - INFO   - class_defs.py - __init__ - Initializing RecipeGraph object.
2024-06-29 17:04:00,363 - cauldron - INFO   - class_defs.py - save_to_file - Saving RecipeGraph to file.
2024-06-29 17:04:00,364 - cauldron - INFO   - class_defs.py - fresh_instance - Creating a new instance of ModsList.
2024-06-29 17:04:00,365 - cauldron - INFO   - class_defs.py - __init__ - Initializing ModsList object.
2024-06-29 17:04:00,365 - cauldron - INFO   - class_defs.py - save_to_file - Saving ModsList to file.
2024-06-29 17:04:00,365 - cauldron - INFO   - agent_defs.py - create_all_agents - Creating all agents.
2024-06-29 17:04:00,365 - cauldron - INFO   - agent_defs.py - create_all_agents - Creating agent: Frontman
2024-06-29 17:04:00,659 - cauldron - INFO   - agent_defs.py - create_all_agents - Agent Frontman created.
2024-06-29 17:04:00,659 - cauldron - INFO   - agent_defs.py - create_all_agents - Creating agent: Tavily
2024-06-29 17:04:00,662 - cauldron - INFO   - agent_defs.py - create_all_agents - Agent Tavily created.
2024-06-29 17:04:00,662 - cauldron - INFO   - agent_defs.py - create_all_agents - Creating agent: Sleuth
2024-06-29 17:04:00,666 - cauldron - INFO   - agent_defs.py - create_all_agents - Agent Sleuth created.
2024-06-29 17:04:00,666 - cauldron - INFO   - agent_defs.py - create_all_agents - Creating agent: Spinnaret
2024-06-29 17:04:00,672 - cauldron - INFO   - agent_defs.py - create_all_agents - Agent Spinnaret created.
2024-06-29 17:04:00,673 - cauldron - INFO   - agent_defs.py - create_all_agents - All agents created.
2024-06-29 17:04:00,732 - cauldron - INFO   - recipe_print_demo.py - <module> - Printer has paper? :True
2024-06-29 17:04:09,706 - cauldron - INFO   - recipe_print_demo.py - button_pressed - Button pressed! Starting recording...
2024-06-29 17:04:09,706 - cauldron - INFO   - recipe_print_demo.py - start_recording - Recording started...
2024-06-29 17:04:12,198 - cauldron - INFO   - recipe_print_demo.py - start_recording - Recording finished
2024-06-29 17:04:13,815 - cauldron - INFO   - recipe_print_demo.py - button_pressed - Transcribed Text: I want a recipe for chocolate chip cookies.
2024-06-29 17:04:21,169 - cauldron - DEBUG  - agent_tools.py - add_url_to_pot - Adding URL to pot.
2024-06-29 17:04:21,195 - cauldron - INFO   - class_defs.py - load_from_file - Loading Pot from file.
2024-06-29 17:04:21,234 - cauldron - DEBUG  - class_defs.py - add_url - Adding URL to pot.
2024-06-29 17:04:21,241 - cauldron - INFO   - class_defs.py - save_to_file - Saving Pot to file.
2024-06-29 17:04:23,481 - cauldron - INFO   - cauldron_app.py - post - {'Tavily': {'messages': [AIMessage(content='I have found a recipe for chocolate chip cookies. You can view the recipe by following this link: [Chocolate Chip Cookies Recipe](https://www.allrecipes.com/recipe/10813/best-chocolate-chip-cookies/).', name='Tavily')], 'sender': 'Tavily'}}
2024-06-29 17:04:35,133 - cauldron - DEBUG  - agent_tools.py - generate_recipe - Generating representation of Recipe object.
2024-06-29 17:04:35,151 - cauldron - DEBUG  - agent_tools.py - generate_recipe - Name: Best Chocolate Chip Cookies, Ingredients: [], Instructions: ['Gather your ingredients, making sure your butter is softened, and your eggs are room temperature.', 'Preheat the oven to 350 degrees F (175 degrees C).', 'Beat butter, white sugar, and brown sugar with an electric mixer in a large bowl until smooth.', 'Beat in eggs, one at a time, then stir in vanilla.', 'Dissolve baking soda in hot water. Add to batter along with salt.', 'Stir in flour, chocolate chips, and walnuts.', 'Drop spoonfuls of dough 2 inches apart onto ungreased baking sheets.', 'Bake in the preheated oven until edges are nicely browned, about 10 minutes.', 'Cool on the baking sheets briefly before removing to a wire rack to cool completely.', 'Store in an airtight container or serve immediately and enjoy!'], Tags: [], Sources: ['https://www.allrecipes.com/recipe/10813/best-chocolate-chip-cookies/']
2024-06-29 17:04:35,168 - cauldron - INFO   - class_defs.py - load_from_file - Loading Pot from file.
2024-06-29 17:04:35,187 - cauldron - DEBUG  - class_defs.py - add_recipe - Adding recipe to pot.
2024-06-29 17:04:35,204 - cauldron - INFO   - class_defs.py - save_to_file - Saving Pot to file.
2024-06-29 17:04:37,441 - cauldron - INFO   - cauldron_app.py - post - {'Sleuth': {'messages': [AIMessage(content='I have generated the recipe for "Best Chocolate Chip Cookies." You can find it in the Pot with the ID: 6e361855-414b-46c0-bd30-46338371c68d.', name='Sleuth')], 'sender': 'Sleuth'}}
2024-06-29 17:04:39,946 - cauldron - DEBUG  - agent_tools.py - get_recipe_from_pot - Getting recipe from pot.
2024-06-29 17:04:39,957 - cauldron - INFO   - class_defs.py - load_from_file - Loading Pot from file.
2024-06-29 17:04:39,997 - cauldron - DEBUG  - class_defs.py - get_recipe - Getting recipe from pot.
2024-06-29 17:04:40,011 - cauldron - INFO   - class_defs.py - save_to_file - Saving Pot to file.
2024-06-29 17:04:45,294 - cauldron - INFO   - cauldron_app.py - post - {'Spinnaret': {'messages': [AIMessage(content='I have retrieved the recipe for "Best Chocolate Chip Cookies" from the Pot. Here are the instructions for making the cookies:\n\n1. Gather your ingredients, ensuring your butter is softened, and your eggs are at room temperature.\n2. Preheat the oven to 350 degrees F (175 degrees C).\n3. Beat butter, white sugar, and brown sugar in a large bowl with an electric mixer until smooth.\n4. Beat in eggs one at a time, then stir in vanilla.\n5. Dissolve baking soda in hot water and add to the batter along with salt.\n6. Stir in flour, chocolate chips, and walnuts.\n7. Drop spoonfuls of dough 2 inches apart onto ungreased baking sheets.\n8. Bake in the preheated oven until the edges are nicely browned, about 10 minutes.\n9. Cool on the baking sheets briefly before transferring to a wire rack to cool completely.\n10. Store in an airtight container or serve immediately and enjoy!\n\nYou can find the recipe source [here](https://www.allrecipes.com/recipe/10813/best-chocolate-chip-cookies/).', name='Spinnaret')], 'sender': 'Spinnaret'}}
2024-06-29 17:04:47,282 - cauldron - DEBUG  - agent_tools.py - clear_pot - Clearing pot.
2024-06-29 17:04:47,300 - cauldron - INFO   - class_defs.py - load_from_file - Loading Pot from file.
2024-06-29 17:04:47,346 - cauldron - DEBUG  - class_defs.py - clear_pot - Clearing pot.
2024-06-29 17:04:47,364 - cauldron - INFO   - class_defs.py - save_to_file - Saving Pot to file.
2024-06-29 17:04:49,581 - cauldron - INFO   - cauldron_app.py - post - {'Frontman': {'messages': [AIMessage(content='I have cleared the Pot to ensure your privacy. If you need any more recipes or assistance, feel free to ask!', name='Frontman')], 'sender': 'Frontman'}}
2024-06-29 17:04:49,608 - cauldron - INFO   - class_defs.py - load_from_file - Loading RecipeGraph from file.
2024-06-29 17:04:49,638 - cauldron - DEBUG  - class_defs.py - get_foundational_recipe - Getting foundational recipe from recipe graph.
2024-06-29 17:04:49,654 - cauldron - DEBUG  - class_defs.py - get_recipe - Getting recipe from recipe graph.
2024-06-29 17:04:49,684 - cauldron - DEBUG  - class_defs.py - get_graph_size - Getting the number of nodes in the recipe graph.
2024-06-29 17:04:49,700 - cauldron - ERROR  - recipe_print_demo.py - button_pressed - CustomPP.format() takes 2 positional arguments but 5 were given
2024-06-29 17:04:49,727 - cauldron - INFO   - recipe_print_demo.py - button_pressed - Button pressed! Starting recording...
2024-06-29 17:04:49,727 - cauldron - INFO   - recipe_print_demo.py - start_recording - Recording started...
2024-06-29 17:04:49,744 - cauldron - INFO   - recipe_print_demo.py - start_recording - Recording finished
2024-06-29 17:04:49,745 - cauldron - INFO   - recipe_print_demo.py - start_recording - No audio data recorded.
2024-06-29 17:04:49,745 - cauldron - INFO   - recipe_print_demo.py - button_pressed - No audio recorded. Skipping transcription and printing.
2024-06-29 17:04:49,745 - cauldron - INFO   - recipe_print_demo.py - button_pressed - Button pressed! Starting recording...
2024-06-29 17:04:49,746 - cauldron - INFO   - recipe_print_demo.py - start_recording - Recording started...
2024-06-29 17:04:49,761 - cauldron - INFO   - recipe_print_demo.py - start_recording - Recording finished
2024-06-29 17:04:49,761 - cauldron - INFO   - recipe_print_demo.py - start_recording - No audio data recorded.
2024-06-29 17:04:49,761 - cauldron - INFO   - recipe_print_demo.py - button_pressed - No audio recorded. Skipping transcription and printing.
2024-06-29 17:04:49,761 - cauldron - INFO   - recipe_print_demo.py - button_pressed - Button pressed! Starting recording...
2024-06-29 17:04:49,762 - cauldron - INFO   - recipe_print_demo.py - start_recording - Recording started...
2024-06-29 17:04:49,775 - cauldron - INFO   - recipe_print_demo.py - start_recording - Recording finished
2024-06-29 17:04:49,776 - cauldron - INFO   - recipe_print_demo.py - start_recording - No audio data recorded.
2024-06-29 17:04:49,776 - cauldron - INFO   - recipe_print_demo.py - button_pressed - No audio recorded. Skipping transcription and printing.
2024-06-29 17:04:49,776 - cauldron - INFO   - recipe_print_demo.py - button_pressed - Button pressed! Starting recording...
2024-06-29 17:04:49,776 - cauldron - INFO   - recipe_print_demo.py - start_recording - Recording started...
2024-06-29 17:04:49,788 - cauldron - INFO   - recipe_print_demo.py - start_recording - Recording finished
2024-06-29 17:04:49,788 - cauldron - INFO   - recipe_print_demo.py - start_recording - No audio data recorded.
2024-06-29 17:04:49,788 - cauldron - INFO   - recipe_print_demo.py - button_pressed - No audio recorded. Skipping transcription and printing.
2024-06-29 17:04:49,789 - cauldron - INFO   - recipe_print_demo.py - button_pressed - Button pressed! Starting recording...
2024-06-29 17:04:49,789 - cauldron - INFO   - recipe_print_demo.py - start_recording - Recording started...
2024-06-29 17:04:49,804 - cauldron - INFO   - recipe_print_demo.py - start_recording - Recording finished
2024-06-29 17:04:49,805 - cauldron - INFO   - recipe_print_demo.py - start_recording - No audio data recorded.
2024-06-29 17:04:49,805 - cauldron - INFO   - recipe_print_demo.py - button_pressed - No audio recorded. Skipping transcription and printing.
2024-06-29 17:04:49,805 - cauldron - INFO   - recipe_print_demo.py - button_pressed - Button pressed! Starting recording...
2024-06-29 17:04:49,805 - cauldron - INFO   - recipe_print_demo.py - start_recording - Recording started...
2024-06-29 17:04:49,821 - cauldron - INFO   - recipe_print_demo.py - start_recording - Recording finished
2024-06-29 17:04:49,821 - cauldron - INFO   - recipe_print_demo.py - start_recording - No audio data recorded.
2024-06-29 17:04:49,821 - cauldron - INFO   - recipe_print_demo.py - button_pressed - No audio recorded. Skipping transcription and printing.
