2024-06-29 17:37:32,322 - cauldron - INFO   - cauldron_app.py - __init__ - Initializing Caldron Application
2024-06-29 17:37:32,506 - cauldron - INFO   - class_defs.py - fresh_instance - Creating a new instance of Pot.
2024-06-29 17:37:32,507 - cauldron - INFO   - class_defs.py - __init__ - Initializing Pot object.
2024-06-29 17:37:32,507 - cauldron - INFO   - class_defs.py - save_to_file - Saving Pot to file.
2024-06-29 17:37:32,508 - cauldron - INFO   - class_defs.py - fresh_instance - Creating a new instance of RecipeGraph.
2024-06-29 17:37:32,508 - cauldron - INFO   - class_defs.py - __init__ - Initializing RecipeGraph object.
2024-06-29 17:37:32,508 - cauldron - INFO   - class_defs.py - save_to_file - Saving RecipeGraph to file.
2024-06-29 17:37:32,510 - cauldron - INFO   - class_defs.py - fresh_instance - Creating a new instance of ModsList.
2024-06-29 17:37:32,510 - cauldron - INFO   - class_defs.py - __init__ - Initializing ModsList object.
2024-06-29 17:37:32,510 - cauldron - INFO   - class_defs.py - save_to_file - Saving ModsList to file.
2024-06-29 17:37:32,511 - cauldron - INFO   - agent_defs.py - create_all_agents - Creating all agents.
2024-06-29 17:37:32,511 - cauldron - INFO   - agent_defs.py - create_all_agents - Creating agent: Frontman
2024-06-29 17:37:32,803 - cauldron - INFO   - agent_defs.py - create_all_agents - Agent Frontman created.
2024-06-29 17:37:32,803 - cauldron - INFO   - agent_defs.py - create_all_agents - Creating agent: Tavily
2024-06-29 17:37:32,806 - cauldron - INFO   - agent_defs.py - create_all_agents - Agent Tavily created.
2024-06-29 17:37:32,806 - cauldron - INFO   - agent_defs.py - create_all_agents - Creating agent: Sleuth
2024-06-29 17:37:32,810 - cauldron - INFO   - agent_defs.py - create_all_agents - Agent Sleuth created.
2024-06-29 17:37:32,810 - cauldron - INFO   - agent_defs.py - create_all_agents - Creating agent: Spinnaret
2024-06-29 17:37:32,814 - cauldron - INFO   - agent_defs.py - create_all_agents - Agent Spinnaret created.
2024-06-29 17:37:32,815 - cauldron - INFO   - agent_defs.py - create_all_agents - All agents created.
2024-06-29 17:37:32,875 - cauldron - INFO   - recipe_print_demo.py - <module> - Printer has paper? :True
2024-06-29 17:37:35,975 - cauldron - INFO   - recipe_print_demo.py - button_pressed - Button pressed! Starting recording...
2024-06-29 17:37:35,976 - cauldron - INFO   - recipe_print_demo.py - start_recording - Recording started...
2024-06-29 17:37:38,509 - cauldron - INFO   - recipe_print_demo.py - start_recording - Recording finished
2024-06-29 17:37:40,495 - cauldron - INFO   - recipe_print_demo.py - button_pressed - Transcribed Text: I want a recipe for chocolate chip cookies.
2024-06-29 17:37:47,931 - cauldron - DEBUG  - agent_tools.py - add_url_to_pot - Adding URL to pot.
2024-06-29 17:37:47,942 - cauldron - INFO   - class_defs.py - load_from_file - Loading Pot from file.
2024-06-29 17:37:47,987 - cauldron - DEBUG  - class_defs.py - add_url - Adding URL to pot.
2024-06-29 17:37:47,998 - cauldron - INFO   - class_defs.py - save_to_file - Saving Pot to file.
2024-06-29 17:37:50,240 - cauldron - INFO   - cauldron_app.py - post - {'Tavily': {'messages': [AIMessage(content='I have found a recipe for chocolate chip cookies on Allrecipes. I have added the URL to the Pot for further examination.', name='Tavily')], 'sender': 'Tavily'}}
2024-06-29 17:37:52,116 - cauldron - DEBUG  - agent_tools.py - pop_url_from_pot - Popping URL from pot.
2024-06-29 17:37:52,122 - cauldron - INFO   - class_defs.py - load_from_file - Loading Pot from file.
2024-06-29 17:37:52,143 - cauldron - DEBUG  - class_defs.py - pop_url - Popping URL from pot.
2024-06-29 17:37:52,155 - cauldron - INFO   - class_defs.py - save_to_file - Saving Pot to file.
2024-06-29 17:38:03,107 - cauldron - DEBUG  - agent_tools.py - generate_recipe - Generating representation of Recipe object.
2024-06-29 17:38:03,117 - cauldron - DEBUG  - agent_tools.py - generate_recipe - Name: Best Chocolate Chip Cookies, Ingredients: [], Instructions: ['Gather your ingredients, making sure your butter is softened, and your eggs are room temperature.', 'Preheat the oven to 350 degrees F (175 degrees C).', 'Beat butter, white sugar, and brown sugar with an electric mixer in a large bowl until smooth.', 'Beat in eggs, one at a time, then stir in vanilla.', 'Dissolve baking soda in hot water. Add to batter along with salt.', 'Stir in flour, chocolate chips, and walnuts.', 'Drop spoonfuls of dough 2 inches apart onto ungreased baking sheets.', 'Bake in the preheated oven until edges are nicely browned, about 10 minutes.', 'Cool on the baking sheets briefly before removing to a wire rack to cool completely.', 'Store in an airtight container or serve immediately and enjoy!'], Tags: None, Sources: ['https://www.allrecipes.com/recipe/10813/best-chocolate-chip-cookies/']
2024-06-29 17:38:03,141 - cauldron - INFO   - class_defs.py - load_from_file - Loading Pot from file.
2024-06-29 17:38:03,168 - cauldron - DEBUG  - class_defs.py - add_recipe - Adding recipe to pot.
2024-06-29 17:38:03,179 - cauldron - INFO   - class_defs.py - save_to_file - Saving Pot to file.
2024-06-29 17:38:05,515 - cauldron - INFO   - cauldron_app.py - post - {'Sleuth': {'messages': [AIMessage(content='I have generated a recipe for "Best Chocolate Chip Cookies" from the provided URL. The recipe has been added to the Pot with the ID: f7c02c93-2bf1-4233-81a8-645db6e33c1b.', name='Sleuth')], 'sender': 'Sleuth'}}
2024-06-29 17:38:08,027 - cauldron - DEBUG  - agent_tools.py - get_recipe_from_pot - Getting recipe from pot.
2024-06-29 17:38:08,049 - cauldron - INFO   - class_defs.py - load_from_file - Loading Pot from file.
2024-06-29 17:38:08,098 - cauldron - DEBUG  - class_defs.py - get_recipe - Getting recipe from pot.
2024-06-29 17:38:08,099 - cauldron - INFO   - class_defs.py - save_to_file - Saving Pot to file.
2024-06-29 17:38:12,737 - cauldron - DEBUG  - agent_tools.py - create_recipe_graph - Creating recipe graph with foundational recipe.
2024-06-29 17:38:12,758 - cauldron - INFO   - class_defs.py - load_from_file - Loading RecipeGraph from file.
2024-06-29 17:38:12,818 - cauldron - DEBUG  - class_defs.py - create_recipe_graph - Creating recipe graph with foundational recipe.
2024-06-29 17:38:12,829 - cauldron - INFO   - class_defs.py - save_to_file - Saving RecipeGraph to file.
2024-06-29 17:38:15,034 - cauldron - DEBUG  - agent_tools.py - set_foundational_recipe - Setting foundational recipe in recipe graph.
2024-06-29 17:38:15,061 - cauldron - INFO   - class_defs.py - load_from_file - Loading RecipeGraph from file.
2024-06-29 17:38:15,129 - cauldron - DEBUG  - class_defs.py - get_recipe - Getting recipe from recipe graph.
2024-06-29 17:38:15,147 - cauldron - DEBUG  - class_defs.py - get_graph_size - Getting the number of nodes in the recipe graph.
2024-06-29 17:38:15,165 - cauldron - DEBUG  - class_defs.py - from_json - Creating Recipe object from JSON string.
2024-06-29 17:38:15,181 - cauldron - DEBUG  - class_defs.py - set_foundational_recipe - Setting foundational recipe in recipe graph.
2024-06-29 17:38:15,201 - cauldron - DEBUG  - class_defs.py - get_graph_size - Getting the number of nodes in the recipe graph.
2024-06-29 17:38:15,217 - cauldron - DEBUG  - class_defs.py - get_graph_size - Getting the number of nodes in the recipe graph.
2024-06-29 17:38:15,234 - cauldron - INFO   - class_defs.py - save_to_file - Saving RecipeGraph to file.
2024-06-29 17:38:17,238 - cauldron - INFO   - cauldron_app.py - post - {'Spinnaret': {'messages': [AIMessage(content='The recipe graph for "Best Chocolate Chip Cookies" has been successfully created with the foundational recipe set.', name='Spinnaret')], 'sender': 'Spinnaret'}}
2024-06-29 17:38:19,091 - cauldron - INFO   - cauldron_app.py - post - {'Frontman': {'messages': [AIMessage(content='I have found a recipe for chocolate chip cookies.', name='Frontman')], 'sender': 'Frontman'}}
2024-06-29 17:38:19,131 - cauldron - INFO   - class_defs.py - load_from_file - Loading RecipeGraph from file.
2024-06-29 17:38:19,179 - cauldron - DEBUG  - class_defs.py - get_foundational_recipe - Getting foundational recipe from recipe graph.
2024-06-29 17:38:19,195 - cauldron - DEBUG  - class_defs.py - get_recipe - Getting recipe from recipe graph.
2024-06-29 17:38:19,214 - cauldron - DEBUG  - class_defs.py - get_graph_size - Getting the number of nodes in the recipe graph.
2024-06-29 17:38:19,234 - cauldron - DEBUG  - class_defs.py - from_json - Creating Recipe object from JSON string.
2024-06-29 17:38:54,987 - cauldron - INFO   - recipe_print_demo.py - <module> - Exiting program
