2024-06-29 18:54:37,121 - cauldron - INFO   - cauldron_app.py - __init__ - Initializing Caldron Application
2024-06-29 18:54:37,303 - cauldron - INFO   - class_defs.py - fresh_instance - Creating a new instance of Pot.
2024-06-29 18:54:37,304 - cauldron - INFO   - class_defs.py - __init__ - Initializing Pot object.
2024-06-29 18:54:37,304 - cauldron - INFO   - class_defs.py - save_to_file - Saving Pot to file.
2024-06-29 18:54:37,305 - cauldron - INFO   - class_defs.py - fresh_instance - Creating a new instance of RecipeGraph.
2024-06-29 18:54:37,305 - cauldron - INFO   - class_defs.py - __init__ - Initializing RecipeGraph object.
2024-06-29 18:54:37,305 - cauldron - INFO   - class_defs.py - save_to_file - Saving RecipeGraph to file.
2024-06-29 18:54:37,306 - cauldron - INFO   - class_defs.py - fresh_instance - Creating a new instance of ModsList.
2024-06-29 18:54:37,306 - cauldron - INFO   - class_defs.py - __init__ - Initializing ModsList object.
2024-06-29 18:54:37,306 - cauldron - INFO   - class_defs.py - save_to_file - Saving ModsList to file.
2024-06-29 18:54:37,307 - cauldron - INFO   - agent_defs.py - create_all_agents - Creating all agents.
2024-06-29 18:54:37,307 - cauldron - INFO   - agent_defs.py - create_all_agents - Creating agent: Frontman
2024-06-29 18:54:37,601 - cauldron - INFO   - agent_defs.py - create_all_agents - Agent Frontman created.
2024-06-29 18:54:37,602 - cauldron - INFO   - agent_defs.py - create_all_agents - Creating agent: Tavily
2024-06-29 18:54:37,604 - cauldron - INFO   - agent_defs.py - create_all_agents - Agent Tavily created.
2024-06-29 18:54:37,605 - cauldron - INFO   - agent_defs.py - create_all_agents - Creating agent: Sleuth
2024-06-29 18:54:37,608 - cauldron - INFO   - agent_defs.py - create_all_agents - Agent Sleuth created.
2024-06-29 18:54:37,608 - cauldron - INFO   - agent_defs.py - create_all_agents - Creating agent: Spinnaret
2024-06-29 18:54:37,611 - cauldron - INFO   - agent_defs.py - create_all_agents - Agent Spinnaret created.
2024-06-29 18:54:37,611 - cauldron - INFO   - agent_defs.py - create_all_agents - All agents created.
2024-06-29 18:54:37,669 - cauldron - INFO   - recipe_print_demo.py - <module> - Printer has paper? :True
2024-06-29 18:54:43,623 - cauldron - INFO   - recipe_print_demo.py - button_pressed - Button pressed! Starting recording...
2024-06-29 18:54:43,624 - cauldron - INFO   - recipe_print_demo.py - start_recording - Recording started...
2024-06-29 18:54:46,150 - cauldron - INFO   - recipe_print_demo.py - start_recording - Recording finished
2024-06-29 18:54:47,925 - cauldron - INFO   - recipe_print_demo.py - button_pressed - Transcribed Text: I want a recipe for sponge cake.
2024-06-29 18:55:43,951 - cauldron - INFO   - recipe_print_demo.py - <module> - Exiting program
