2024-06-29 18:43:37,866 - cauldron - INFO   - cauldron_app.py - __init__ - Initializing Caldron Application
2024-06-29 18:43:38,049 - cauldron - INFO   - class_defs.py - fresh_instance - Creating a new instance of Pot.
2024-06-29 18:43:38,050 - cauldron - INFO   - class_defs.py - __init__ - Initializing Pot object.
2024-06-29 18:43:38,050 - cauldron - INFO   - class_defs.py - save_to_file - Saving Pot to file.
2024-06-29 18:43:38,051 - cauldron - INFO   - class_defs.py - fresh_instance - Creating a new instance of RecipeGraph.
2024-06-29 18:43:38,051 - cauldron - INFO   - class_defs.py - __init__ - Initializing RecipeGraph object.
2024-06-29 18:43:38,051 - cauldron - INFO   - class_defs.py - save_to_file - Saving RecipeGraph to file.
2024-06-29 18:43:38,052 - cauldron - INFO   - class_defs.py - fresh_instance - Creating a new instance of ModsList.
2024-06-29 18:43:38,052 - cauldron - INFO   - class_defs.py - __init__ - Initializing ModsList object.
2024-06-29 18:43:38,052 - cauldron - INFO   - class_defs.py - save_to_file - Saving ModsList to file.
2024-06-29 18:43:38,052 - cauldron - INFO   - agent_defs.py - create_all_agents - Creating all agents.
2024-06-29 18:43:38,053 - cauldron - INFO   - agent_defs.py - create_all_agents - Creating agent: Frontman
2024-06-29 18:43:38,344 - cauldron - INFO   - agent_defs.py - create_all_agents - Agent Frontman created.
2024-06-29 18:43:38,345 - cauldron - INFO   - agent_defs.py - create_all_agents - Creating agent: Tavily
2024-06-29 18:43:38,347 - cauldron - INFO   - agent_defs.py - create_all_agents - Agent Tavily created.
2024-06-29 18:43:38,348 - cauldron - INFO   - agent_defs.py - create_all_agents - Creating agent: Sleuth
2024-06-29 18:43:38,351 - cauldron - INFO   - agent_defs.py - create_all_agents - Agent Sleuth created.
2024-06-29 18:43:38,351 - cauldron - INFO   - agent_defs.py - create_all_agents - Creating agent: Spinnaret
2024-06-29 18:43:38,353 - cauldron - INFO   - agent_defs.py - create_all_agents - Agent Spinnaret created.
2024-06-29 18:43:38,354 - cauldron - INFO   - agent_defs.py - create_all_agents - All agents created.
2024-06-29 18:43:38,412 - cauldron - INFO   - recipe_print_demo.py - <module> - Printer has paper? :True
2024-06-29 18:43:43,984 - cauldron - INFO   - recipe_print_demo.py - button_pressed - Button pressed! Starting recording...
2024-06-29 18:43:43,984 - cauldron - INFO   - recipe_print_demo.py - start_recording - Recording started...
2024-06-29 18:43:46,463 - cauldron - INFO   - recipe_print_demo.py - start_recording - Recording finished
2024-06-29 18:43:48,153 - cauldron - INFO   - recipe_print_demo.py - button_pressed - Transcribed Text: I want a recipe for sponge cake.
2024-06-29 18:43:54,976 - cauldron - INFO   - recipe_print_demo.py - <module> - Exiting program
