2024-06-29 17:07:06,419 - cauldron - INFO   - cauldron_app.py - __init__ - Initializing Caldron Application
2024-06-29 17:07:06,604 - cauldron - INFO   - class_defs.py - fresh_instance - Creating a new instance of Pot.
2024-06-29 17:07:06,604 - cauldron - INFO   - class_defs.py - __init__ - Initializing Pot object.
2024-06-29 17:07:06,604 - cauldron - INFO   - class_defs.py - save_to_file - Saving Pot to file.
2024-06-29 17:07:06,605 - cauldron - INFO   - class_defs.py - fresh_instance - Creating a new instance of RecipeGraph.
2024-06-29 17:07:06,605 - cauldron - INFO   - class_defs.py - __init__ - Initializing RecipeGraph object.
2024-06-29 17:07:06,605 - cauldron - INFO   - class_defs.py - save_to_file - Saving RecipeGraph to file.
2024-06-29 17:07:06,606 - cauldron - INFO   - class_defs.py - fresh_instance - Creating a new instance of ModsList.
2024-06-29 17:07:06,606 - cauldron - INFO   - class_defs.py - __init__ - Initializing ModsList object.
2024-06-29 17:07:06,606 - cauldron - INFO   - class_defs.py - save_to_file - Saving ModsList to file.
2024-06-29 17:07:06,607 - cauldron - INFO   - agent_defs.py - create_all_agents - Creating all agents.
2024-06-29 17:07:06,607 - cauldron - INFO   - agent_defs.py - create_all_agents - Creating agent: Frontman
2024-06-29 17:07:06,898 - cauldron - INFO   - agent_defs.py - create_all_agents - Agent Frontman created.
2024-06-29 17:07:06,898 - cauldron - INFO   - agent_defs.py - create_all_agents - Creating agent: Tavily
2024-06-29 17:07:06,901 - cauldron - INFO   - agent_defs.py - create_all_agents - Agent Tavily created.
2024-06-29 17:07:06,901 - cauldron - INFO   - agent_defs.py - create_all_agents - Creating agent: Sleuth
2024-06-29 17:07:06,905 - cauldron - INFO   - agent_defs.py - create_all_agents - Agent Sleuth created.
2024-06-29 17:07:06,905 - cauldron - INFO   - agent_defs.py - create_all_agents - Creating agent: Spinnaret
2024-06-29 17:07:06,911 - cauldron - INFO   - agent_defs.py - create_all_agents - Agent Spinnaret created.
2024-06-29 17:07:06,911 - cauldron - INFO   - agent_defs.py - create_all_agents - All agents created.
2024-06-29 17:07:06,972 - cauldron - INFO   - recipe_print_demo.py - <module> - Printer has paper? :True
2024-06-29 17:07:11,366 - cauldron - INFO   - recipe_print_demo.py - button_pressed - Button pressed! Starting recording...
2024-06-29 17:07:11,367 - cauldron - INFO   - recipe_print_demo.py - start_recording - Recording started...
2024-06-29 17:07:14,474 - cauldron - INFO   - recipe_print_demo.py - start_recording - Recording finished
2024-06-29 17:07:16,646 - cauldron - INFO   - recipe_print_demo.py - button_pressed - Transcribed Text: I want a recipe for chocolate chip cookies.
2024-06-29 17:07:24,491 - cauldron - DEBUG  - agent_tools.py - add_url_to_pot - Adding URL to pot.
2024-06-29 17:07:24,501 - cauldron - INFO   - class_defs.py - load_from_file - Loading Pot from file.
2024-06-29 17:07:24,550 - cauldron - DEBUG  - class_defs.py - add_url - Adding URL to pot.
2024-06-29 17:07:24,566 - cauldron - INFO   - class_defs.py - save_to_file - Saving Pot to file.
2024-06-29 17:07:27,115 - cauldron - INFO   - cauldron_app.py - post - {'Tavily': {'messages': [AIMessage(content='I have found a recipe for chocolate chip cookies. You can view the recipe by following this link: [Best Chocolate Chip Cookies Recipe](https://www.allrecipes.com/recipe/10813/best-chocolate-chip-cookies/).', name='Tavily')], 'sender': 'Tavily'}}
2024-06-29 17:07:38,582 - cauldron - DEBUG  - agent_tools.py - generate_recipe - Generating representation of Recipe object.
2024-06-29 17:07:38,600 - cauldron - DEBUG  - agent_tools.py - generate_recipe - Name: Best Chocolate Chip Cookies, Ingredients: [], Instructions: ['Gather your ingredients, making sure your butter is softened, and your eggs are room temperature.', 'Preheat the oven to 350 degrees F (175 degrees C).', 'Beat butter, white sugar, and brown sugar with an electric mixer in a large bowl until smooth.', 'Beat in eggs, one at a time, then stir in vanilla.', 'Dissolve baking soda in hot water. Add to batter along with salt.', 'Stir in flour, chocolate chips, and walnuts.', 'Drop spoonfuls of dough 2 inches apart onto ungreased baking sheets.', 'Bake in the preheated oven until edges are nicely browned, about 10 minutes.', 'Cool on the baking sheets briefly before removing to a wire rack to cool completely.', 'Store in an airtight container or serve immediately and enjoy!'], Tags: [], Sources: ['https://www.allrecipes.com/recipe/10813/best-chocolate-chip-cookies/']
2024-06-29 17:07:38,617 - cauldron - INFO   - class_defs.py - load_from_file - Loading Pot from file.
2024-06-29 17:07:38,629 - cauldron - DEBUG  - class_defs.py - add_recipe - Adding recipe to pot.
2024-06-29 17:07:38,645 - cauldron - INFO   - class_defs.py - save_to_file - Saving Pot to file.
2024-06-29 17:07:40,904 - cauldron - INFO   - cauldron_app.py - post - {'Sleuth': {'messages': [AIMessage(content='I have generated the recipe for "Best Chocolate Chip Cookies." You can view the recipe in the Pot with the ID: b2e81af2-9132-4905-801a-ef0460e6d133.', name='Sleuth')], 'sender': 'Sleuth'}}
2024-06-29 17:07:43,668 - cauldron - DEBUG  - agent_tools.py - get_recipe_from_pot - Getting recipe from pot.
2024-06-29 17:07:43,692 - cauldron - INFO   - class_defs.py - load_from_file - Loading Pot from file.
2024-06-29 17:07:43,713 - cauldron - DEBUG  - class_defs.py - get_recipe - Getting recipe from pot.
2024-06-29 17:07:43,724 - cauldron - INFO   - class_defs.py - save_to_file - Saving Pot to file.
2024-06-29 17:07:48,261 - cauldron - INFO   - cauldron_app.py - post - {'Spinnaret': {'messages': [AIMessage(content='I have retrieved the recipe for "Best Chocolate Chip Cookies" from the Pot. Here are the instructions for making the cookies:\n\n1. Gather your ingredients, ensuring your butter is softened, and your eggs are at room temperature.\n2. Preheat the oven to 350 degrees F (175 degrees C).\n3. Beat butter, white sugar, and brown sugar in a large bowl with an electric mixer until smooth.\n4. Beat in eggs one at a time, then stir in vanilla.\n5. Dissolve baking soda in hot water. Add to the batter along with salt.\n6. Stir in flour, chocolate chips, and walnuts.\n7. Drop spoonfuls of dough 2 inches apart onto ungreased baking sheets.\n8. Bake in the preheated oven until the edges are nicely browned, about 10 minutes.\n9. Cool on the baking sheets briefly before transferring to a wire rack to cool completely.\n10. Store in an airtight container or serve immediately and enjoy!\n\nYou can find the recipe source [here](https://www.allrecipes.com/recipe/10813/best-chocolate-chip-cookies/).', name='Spinnaret')], 'sender': 'Spinnaret'}}
2024-06-29 17:07:50,147 - cauldron - DEBUG  - agent_tools.py - clear_pot - Clearing pot.
2024-06-29 17:07:50,162 - cauldron - INFO   - class_defs.py - load_from_file - Loading Pot from file.
2024-06-29 17:07:50,209 - cauldron - DEBUG  - class_defs.py - clear_pot - Clearing pot.
2024-06-29 17:07:50,225 - cauldron - INFO   - class_defs.py - save_to_file - Saving Pot to file.
2024-06-29 17:07:52,253 - cauldron - INFO   - cauldron_app.py - post - {'Frontman': {'messages': [AIMessage(content='I have cleared the Pot of all recipes. If you need any more assistance or have any other requests, feel free to let me know!', name='Frontman')], 'sender': 'Frontman'}}
2024-06-29 17:07:52,291 - cauldron - INFO   - class_defs.py - load_from_file - Loading RecipeGraph from file.
2024-06-29 17:07:52,341 - cauldron - DEBUG  - class_defs.py - get_foundational_recipe - Getting foundational recipe from recipe graph.
2024-06-29 17:07:52,364 - cauldron - DEBUG  - class_defs.py - get_recipe - Getting recipe from recipe graph.
2024-06-29 17:07:52,382 - cauldron - DEBUG  - class_defs.py - get_graph_size - Getting the number of nodes in the recipe graph.
2024-06-29 17:07:52,382 - cauldron - ERROR  - recipe_print_demo.py - button_pressed - CustomPP.format() takes 2 positional arguments but 5 were given
2024-06-29 17:07:52,393 - cauldron - INFO   - recipe_print_demo.py - button_pressed - Button pressed! Starting recording...
2024-06-29 17:07:52,394 - cauldron - INFO   - recipe_print_demo.py - start_recording - Recording started...
2024-06-29 17:07:52,409 - cauldron - INFO   - recipe_print_demo.py - start_recording - Recording finished
2024-06-29 17:07:52,410 - cauldron - INFO   - recipe_print_demo.py - start_recording - No audio data recorded.
2024-06-29 17:07:52,410 - cauldron - INFO   - recipe_print_demo.py - button_pressed - No audio recorded. Skipping transcription and printing.
2024-06-29 17:07:52,410 - cauldron - INFO   - recipe_print_demo.py - button_pressed - Button pressed! Starting recording...
2024-06-29 17:07:52,411 - cauldron - INFO   - recipe_print_demo.py - start_recording - Recording started...
2024-06-29 17:07:52,423 - cauldron - INFO   - recipe_print_demo.py - start_recording - Recording finished
2024-06-29 17:07:52,424 - cauldron - INFO   - recipe_print_demo.py - start_recording - No audio data recorded.
2024-06-29 17:07:52,424 - cauldron - INFO   - recipe_print_demo.py - button_pressed - No audio recorded. Skipping transcription and printing.
2024-06-29 17:07:52,424 - cauldron - INFO   - recipe_print_demo.py - button_pressed - Button pressed! Starting recording...
2024-06-29 17:07:52,424 - cauldron - INFO   - recipe_print_demo.py - start_recording - Recording started...
2024-06-29 17:07:52,436 - cauldron - INFO   - recipe_print_demo.py - start_recording - Recording finished
2024-06-29 17:07:52,436 - cauldron - INFO   - recipe_print_demo.py - start_recording - No audio data recorded.
2024-06-29 17:07:52,436 - cauldron - INFO   - recipe_print_demo.py - button_pressed - No audio recorded. Skipping transcription and printing.
2024-06-29 17:07:52,437 - cauldron - INFO   - recipe_print_demo.py - button_pressed - Button pressed! Starting recording...
2024-06-29 17:07:52,437 - cauldron - INFO   - recipe_print_demo.py - start_recording - Recording started...
2024-06-29 17:07:52,448 - cauldron - INFO   - recipe_print_demo.py - start_recording - Recording finished
2024-06-29 17:07:52,448 - cauldron - INFO   - recipe_print_demo.py - start_recording - No audio data recorded.
2024-06-29 17:07:52,449 - cauldron - INFO   - recipe_print_demo.py - button_pressed - No audio recorded. Skipping transcription and printing.
2024-06-29 17:07:52,449 - cauldron - INFO   - recipe_print_demo.py - button_pressed - Button pressed! Starting recording...
2024-06-29 17:07:52,449 - cauldron - INFO   - recipe_print_demo.py - start_recording - Recording started...
2024-06-29 17:07:52,469 - cauldron - INFO   - recipe_print_demo.py - start_recording - Recording finished
2024-06-29 17:07:52,469 - cauldron - INFO   - recipe_print_demo.py - start_recording - No audio data recorded.
2024-06-29 17:07:52,469 - cauldron - INFO   - recipe_print_demo.py - button_pressed - No audio recorded. Skipping transcription and printing.
2024-06-29 17:07:52,470 - cauldron - INFO   - recipe_print_demo.py - button_pressed - Button pressed! Starting recording...
2024-06-29 17:07:52,470 - cauldron - INFO   - recipe_print_demo.py - start_recording - Recording started...
2024-06-29 17:07:52,483 - cauldron - INFO   - recipe_print_demo.py - start_recording - Recording finished
2024-06-29 17:07:52,484 - cauldron - INFO   - recipe_print_demo.py - start_recording - No audio data recorded.
2024-06-29 17:07:52,484 - cauldron - INFO   - recipe_print_demo.py - button_pressed - No audio recorded. Skipping transcription and printing.
2024-06-29 17:07:52,485 - cauldron - INFO   - recipe_print_demo.py - button_pressed - Button pressed! Starting recording...
2024-06-29 17:07:52,485 - cauldron - INFO   - recipe_print_demo.py - start_recording - Recording started...
2024-06-29 17:07:52,496 - cauldron - INFO   - recipe_print_demo.py - start_recording - Recording finished
2024-06-29 17:07:52,496 - cauldron - INFO   - recipe_print_demo.py - start_recording - No audio data recorded.
2024-06-29 17:07:52,496 - cauldron - INFO   - recipe_print_demo.py - button_pressed - No audio recorded. Skipping transcription and printing.
2024-06-29 17:07:52,496 - cauldron - INFO   - recipe_print_demo.py - button_pressed - Button pressed! Starting recording...
2024-06-29 17:07:52,497 - cauldron - INFO   - recipe_print_demo.py - start_recording - Recording started...
2024-06-29 17:07:52,512 - cauldron - INFO   - recipe_print_demo.py - start_recording - Recording finished
2024-06-29 17:07:52,512 - cauldron - INFO   - recipe_print_demo.py - start_recording - No audio data recorded.
2024-06-29 17:07:52,513 - cauldron - INFO   - recipe_print_demo.py - button_pressed - No audio recorded. Skipping transcription and printing.
2024-06-29 17:07:52,513 - cauldron - INFO   - recipe_print_demo.py - button_pressed - Button pressed! Starting recording...
2024-06-29 17:07:52,513 - cauldron - INFO   - recipe_print_demo.py - start_recording - Recording started...
2024-06-29 17:07:52,533 - cauldron - INFO   - recipe_print_demo.py - start_recording - Recording finished
2024-06-29 17:07:52,533 - cauldron - INFO   - recipe_print_demo.py - start_recording - No audio data recorded.
2024-06-29 17:07:52,533 - cauldron - INFO   - recipe_print_demo.py - button_pressed - No audio recorded. Skipping transcription and printing.
2024-06-29 17:07:52,534 - cauldron - INFO   - recipe_print_demo.py - button_pressed - Button pressed! Starting recording...
2024-06-29 17:07:52,534 - cauldron - INFO   - recipe_print_demo.py - start_recording - Recording started...
2024-06-29 17:07:52,551 - cauldron - INFO   - recipe_print_demo.py - start_recording - Recording finished
2024-06-29 17:07:52,552 - cauldron - INFO   - recipe_print_demo.py - start_recording - No audio data recorded.
2024-06-29 17:07:52,552 - cauldron - INFO   - recipe_print_demo.py - button_pressed - No audio recorded. Skipping transcription and printing.
2024-06-29 17:09:10,731 - cauldron - INFO   - recipe_print_demo.py - <module> - Exiting program
