2024-06-29 16:28:16,250 - cauldron - INFO   - cauldron_app.py - __init__ - Initializing Caldron Application
2024-06-29 16:28:16,435 - cauldron - INFO   - class_defs.py - fresh_instance - Creating a new instance of Pot.
2024-06-29 16:28:16,436 - cauldron - INFO   - class_defs.py - __init__ - Initializing Pot object.
2024-06-29 16:28:16,436 - cauldron - INFO   - class_defs.py - save_to_file - Saving Pot to file.
2024-06-29 16:28:16,436 - cauldron - INFO   - class_defs.py - fresh_instance - Creating a new instance of RecipeGraph.
2024-06-29 16:28:16,437 - cauldron - INFO   - class_defs.py - __init__ - Initializing RecipeGraph object.
2024-06-29 16:28:16,437 - cauldron - INFO   - class_defs.py - save_to_file - Saving RecipeGraph to file.
2024-06-29 16:28:16,438 - cauldron - INFO   - class_defs.py - fresh_instance - Creating a new instance of ModsList.
2024-06-29 16:28:16,439 - cauldron - INFO   - class_defs.py - __init__ - Initializing ModsList object.
2024-06-29 16:28:16,439 - cauldron - INFO   - class_defs.py - save_to_file - Saving ModsList to file.
2024-06-29 16:28:16,439 - cauldron - INFO   - agent_defs.py - create_all_agents - Creating all agents.
2024-06-29 16:28:16,439 - cauldron - INFO   - agent_defs.py - create_all_agents - Creating agent: Frontman
2024-06-29 16:28:16,732 - cauldron - INFO   - agent_defs.py - create_all_agents - Agent Frontman created.
2024-06-29 16:28:16,732 - cauldron - INFO   - agent_defs.py - create_all_agents - Creating agent: Tavily
2024-06-29 16:28:16,735 - cauldron - INFO   - agent_defs.py - create_all_agents - Agent Tavily created.
2024-06-29 16:28:16,735 - cauldron - INFO   - agent_defs.py - create_all_agents - Creating agent: Sleuth
2024-06-29 16:28:16,739 - cauldron - INFO   - agent_defs.py - create_all_agents - Agent Sleuth created.
2024-06-29 16:28:16,739 - cauldron - INFO   - agent_defs.py - create_all_agents - Creating agent: Spinnaret
2024-06-29 16:28:16,745 - cauldron - INFO   - agent_defs.py - create_all_agents - Agent Spinnaret created.
2024-06-29 16:28:16,745 - cauldron - INFO   - agent_defs.py - create_all_agents - All agents created.
2024-06-29 16:28:16,806 - cauldron - INFO   - recipe_print_demo.py - <module> - Printer has paper? :True
2024-06-29 16:28:21,283 - cauldron - INFO   - recipe_print_demo.py - button_pressed - Button pressed! Starting recording...
2024-06-29 16:28:21,287 - cauldron - INFO   - recipe_print_demo.py - start_recording - Recording started...
2024-06-29 16:28:23,377 - cauldron - INFO   - recipe_print_demo.py - start_recording - Recording finished
2024-06-29 16:28:25,573 - cauldron - INFO   - recipe_print_demo.py - button_pressed - Transcribed Text: I want a recipe for baklava?
2024-06-29 16:28:32,672 - cauldron - DEBUG  - agent_tools.py - add_url_to_pot - Adding URL to pot.
2024-06-29 16:28:32,685 - cauldron - INFO   - class_defs.py - load_from_file - Loading Pot from file.
2024-06-29 16:28:32,729 - cauldron - DEBUG  - class_defs.py - add_url - Adding URL to pot.
2024-06-29 16:28:32,745 - cauldron - INFO   - class_defs.py - save_to_file - Saving Pot to file.
2024-06-29 16:28:35,169 - cauldron - INFO   - cauldron_app.py - post - {'Tavily': {'messages': [AIMessage(content='I have found a recipe for baklava on Allrecipes. You can view the recipe by following this link: [Greek Baklava Recipe](https://www.allrecipes.com/recipe/9454/greek-baklava/).', name='Tavily')], 'sender': 'Tavily'}}
2024-06-29 16:28:35,180 - cauldron - ERROR  - cauldron_app.py - post - 0
