2024-06-29 16:17:36,888 - cauldron - INFO   - cauldron_app.py - __init__ - Initializing Caldron Application
2024-06-29 16:17:37,075 - cauldron - INFO   - class_defs.py - fresh_instance - Creating a new instance of Pot.
2024-06-29 16:17:37,075 - cauldron - INFO   - class_defs.py - __init__ - Initializing Pot object.
2024-06-29 16:17:37,076 - cauldron - INFO   - class_defs.py - save_to_file - Saving Pot to file.
2024-06-29 16:17:37,076 - cauldron - INFO   - class_defs.py - fresh_instance - Creating a new instance of RecipeGraph.
2024-06-29 16:17:37,076 - cauldron - INFO   - class_defs.py - __init__ - Initializing RecipeGraph object.
2024-06-29 16:17:37,077 - cauldron - INFO   - class_defs.py - save_to_file - Saving RecipeGraph to file.
2024-06-29 16:17:37,077 - cauldron - INFO   - class_defs.py - fresh_instance - Creating a new instance of ModsList.
2024-06-29 16:17:37,078 - cauldron - INFO   - class_defs.py - __init__ - Initializing ModsList object.
2024-06-29 16:17:37,078 - cauldron - INFO   - class_defs.py - save_to_file - Saving ModsList to file.
2024-06-29 16:17:37,078 - cauldron - INFO   - agent_defs.py - create_all_agents - Creating all agents.
2024-06-29 16:17:37,078 - cauldron - INFO   - agent_defs.py - create_all_agents - Creating agent: Frontman
2024-06-29 16:17:37,370 - cauldron - INFO   - agent_defs.py - create_all_agents - Agent Frontman created.
2024-06-29 16:17:37,370 - cauldron - INFO   - agent_defs.py - create_all_agents - Creating agent: Tavily
2024-06-29 16:17:37,373 - cauldron - INFO   - agent_defs.py - create_all_agents - Agent Tavily created.
2024-06-29 16:17:37,373 - cauldron - INFO   - agent_defs.py - create_all_agents - Creating agent: Sleuth
2024-06-29 16:17:37,377 - cauldron - INFO   - agent_defs.py - create_all_agents - Agent Sleuth created.
2024-06-29 16:17:37,377 - cauldron - INFO   - agent_defs.py - create_all_agents - Creating agent: Spinnaret
2024-06-29 16:17:37,383 - cauldron - INFO   - agent_defs.py - create_all_agents - Agent Spinnaret created.
2024-06-29 16:17:37,383 - cauldron - INFO   - agent_defs.py - create_all_agents - All agents created.
2024-06-29 16:17:37,444 - cauldron - INFO   - recipe_print_demo.py - <module> - Printer has paper? :True
2024-06-29 16:17:41,454 - cauldron - INFO   - recipe_print_demo.py - button_pressed - Button pressed! Starting recording...
2024-06-29 16:17:41,455 - cauldron - INFO   - recipe_print_demo.py - start_recording - Recording started...
2024-06-29 16:17:44,735 - cauldron - INFO   - recipe_print_demo.py - start_recording - Recording finished
2024-06-29 16:17:47,185 - cauldron - INFO   - recipe_print_demo.py - button_pressed - Transcribed Text: I'd like a recipe for chocolate chip cookies.
2024-06-29 16:17:54,991 - cauldron - DEBUG  - agent_tools.py - add_url_to_pot - Adding URL to pot.
2024-06-29 16:17:55,008 - cauldron - INFO   - class_defs.py - load_from_file - Loading Pot from file.
2024-06-29 16:17:55,074 - cauldron - DEBUG  - class_defs.py - add_url - Adding URL to pot.
2024-06-29 16:17:55,085 - cauldron - INFO   - class_defs.py - save_to_file - Saving Pot to file.
2024-06-29 16:17:57,417 - cauldron - INFO   - cauldron_app.py - post - {'Tavily': {'messages': [AIMessage(content='I have found a recipe for chocolate chip cookies. You can view the recipe by following this link: [Best Chocolate Chip Cookies Recipe](https://www.allrecipes.com/recipe/10813/best-chocolate-chip-cookies/).', name='Tavily')], 'sender': 'Tavily'}}
2024-06-29 16:17:57,423 - cauldron - ERROR  - cauldron_app.py - post - 'sender'
2024-06-29 16:18:11,689 - cauldron - DEBUG  - agent_tools.py - generate_recipe - Generating representation of Recipe object.
2024-06-29 16:18:11,709 - cauldron - DEBUG  - agent_tools.py - generate_recipe - Name: Best Chocolate Chip Cookies, Ingredients: [Ingredient(name='Butter', quantity=1.0, unit='cup'), Ingredient(name='White Sugar', quantity=1.0, unit='cup'), Ingredient(name='Brown Sugar', quantity=1.0, unit='cup'), Ingredient(name='Eggs', quantity=2.0, unit=None), Ingredient(name='Vanilla Extract', quantity=1.0, unit='tsp'), Ingredient(name='Baking Soda', quantity=1.0, unit='tsp'), Ingredient(name='Hot Water', quantity=2.0, unit='tbsp'), Ingredient(name='Salt', quantity=0.5, unit='tsp'), Ingredient(name='All-Purpose Flour', quantity=3.0, unit='cups'), Ingredient(name='Chocolate Chips', quantity=2.0, unit='cups'), Ingredient(name='Walnuts', quantity=1.0, unit='cup')], Instructions: ['Gather your ingredients, making sure your butter is softened, and your eggs are room temperature.', 'Preheat the oven to 350 degrees F (175 degrees C).', 'Beat butter, white sugar, and brown sugar with an electric mixer in a large bowl until smooth.', 'Beat in eggs, one at a time, then stir in vanilla.', 'Dissolve baking soda in hot water. Add to batter along with salt.', 'Stir in flour, chocolate chips, and walnuts.', 'Drop spoonfuls of dough 2 inches apart onto ungreased baking sheets.', 'Bake in the preheated oven until edges are nicely browned, about 10 minutes.', 'Cool on the baking sheets briefly before removing to a wire rack to cool completely.', 'Store in an airtight container or serve immediately and enjoy!'], Tags: None, Sources: None
2024-06-29 16:18:11,729 - cauldron - INFO   - class_defs.py - load_from_file - Loading Pot from file.
2024-06-29 16:18:11,766 - cauldron - DEBUG  - class_defs.py - add_recipe - Adding recipe to pot.
2024-06-29 16:18:11,777 - cauldron - INFO   - class_defs.py - save_to_file - Saving Pot to file.
2024-06-29 16:18:13,908 - cauldron - INFO   - cauldron_app.py - post - {'Sleuth': {'messages': [AIMessage(content='I have generated the recipe for "Best Chocolate Chip Cookies." You can find the recipe in the Pot.', name='Sleuth')], 'sender': 'Sleuth'}}
2024-06-29 16:18:13,919 - cauldron - ERROR  - cauldron_app.py - post - 'sender'
2024-06-29 16:18:16,568 - cauldron - DEBUG  - agent_tools.py - get_recipe_from_pot - Getting recipe from pot.
2024-06-29 16:18:16,579 - cauldron - INFO   - class_defs.py - load_from_file - Loading Pot from file.
2024-06-29 16:18:16,613 - cauldron - DEBUG  - class_defs.py - get_recipe - Getting recipe from pot.
2024-06-29 16:18:16,645 - cauldron - INFO   - class_defs.py - save_to_file - Saving Pot to file.
2024-06-29 16:18:24,285 - cauldron - DEBUG  - agent_tools.py - create_recipe_graph - Creating recipe graph with foundational recipe.
2024-06-29 16:18:24,308 - cauldron - INFO   - class_defs.py - load_from_file - Loading RecipeGraph from file.
2024-06-29 16:18:24,346 - cauldron - DEBUG  - class_defs.py - create_recipe_graph - Creating recipe graph with foundational recipe.
2024-06-29 16:18:24,363 - cauldron - INFO   - class_defs.py - save_to_file - Saving RecipeGraph to file.
2024-06-29 16:18:26,298 - cauldron - INFO   - cauldron_app.py - post - {'Spinnaret': {'messages': [AIMessage(content='The "Best Chocolate Chip Cookies" recipe has been added to the Recipe Graph as the foundational recipe.', name='Spinnaret')], 'sender': 'Spinnaret'}}
2024-06-29 16:18:26,310 - cauldron - ERROR  - cauldron_app.py - post - 'sender'
2024-06-29 16:18:28,577 - cauldron - DEBUG  - agent_tools.py - clear_pot - Clearing pot.
2024-06-29 16:18:28,588 - cauldron - INFO   - class_defs.py - load_from_file - Loading Pot from file.
2024-06-29 16:18:28,628 - cauldron - DEBUG  - class_defs.py - clear_pot - Clearing pot.
2024-06-29 16:18:28,658 - cauldron - INFO   - class_defs.py - save_to_file - Saving Pot to file.
2024-06-29 16:18:30,553 - cauldron - INFO   - cauldron_app.py - post - {'Frontman': {'messages': [AIMessage(content='I have cleared the Pot of all recipes. If you need any more recipes or assistance, feel free to ask!', name='Frontman')], 'sender': 'Frontman'}}
2024-06-29 16:18:30,565 - cauldron - ERROR  - cauldron_app.py - post - 'sender'
2024-06-29 16:18:30,686 - cauldron - DEBUG  - recipe_print_demo.py - button_pressed - Getting foundational recipe from recipe graph.
2024-06-29 16:18:30,701 - cauldron - INFO   - class_defs.py - load_from_file - Loading RecipeGraph from file.
2024-06-29 16:18:30,748 - cauldron - DEBUG  - class_defs.py - get_foundational_recipe - Getting foundational recipe from recipe graph.
2024-06-29 16:18:30,750 - cauldron - DEBUG  - class_defs.py - get_recipe - Getting recipe from recipe graph.
2024-06-29 16:18:30,750 - cauldron - DEBUG  - class_defs.py - get_graph_size - Getting the number of nodes in the recipe graph.
2024-06-29 16:18:30,768 - cauldron - DEBUG  - class_defs.py - from_json - Creating Recipe object from JSON string.
2024-06-29 16:19:06,460 - cauldron - INFO   - recipe_print_demo.py - button_pressed - Button pressed! Starting recording...
2024-06-29 16:19:06,461 - cauldron - INFO   - recipe_print_demo.py - start_recording - Recording started...
2024-06-29 16:19:06,472 - cauldron - INFO   - recipe_print_demo.py - start_recording - Recording finished
2024-06-29 16:19:06,472 - cauldron - INFO   - recipe_print_demo.py - start_recording - No audio data recorded.
2024-06-29 16:19:06,472 - cauldron - INFO   - recipe_print_demo.py - button_pressed - No audio recorded. Skipping transcription and printing.
2024-06-29 16:19:06,473 - cauldron - INFO   - recipe_print_demo.py - button_pressed - Button pressed! Starting recording...
2024-06-29 16:19:06,473 - cauldron - INFO   - recipe_print_demo.py - start_recording - Recording started...
2024-06-29 16:19:06,488 - cauldron - INFO   - recipe_print_demo.py - start_recording - Recording finished
2024-06-29 16:19:06,489 - cauldron - INFO   - recipe_print_demo.py - start_recording - No audio data recorded.
2024-06-29 16:19:06,489 - cauldron - INFO   - recipe_print_demo.py - button_pressed - No audio recorded. Skipping transcription and printing.
2024-06-29 16:19:06,489 - cauldron - INFO   - recipe_print_demo.py - button_pressed - Button pressed! Starting recording...
2024-06-29 16:19:06,490 - cauldron - INFO   - recipe_print_demo.py - start_recording - Recording started...
2024-06-29 16:19:06,509 - cauldron - INFO   - recipe_print_demo.py - start_recording - Recording finished
2024-06-29 16:19:06,509 - cauldron - INFO   - recipe_print_demo.py - start_recording - No audio data recorded.
2024-06-29 16:19:06,509 - cauldron - INFO   - recipe_print_demo.py - button_pressed - No audio recorded. Skipping transcription and printing.
2024-06-29 16:19:06,510 - cauldron - INFO   - recipe_print_demo.py - button_pressed - Button pressed! Starting recording...
2024-06-29 16:19:06,510 - cauldron - INFO   - recipe_print_demo.py - start_recording - Recording started...
2024-06-29 16:19:06,523 - cauldron - INFO   - recipe_print_demo.py - start_recording - Recording finished
2024-06-29 16:19:06,524 - cauldron - INFO   - recipe_print_demo.py - start_recording - No audio data recorded.
2024-06-29 16:19:06,525 - cauldron - INFO   - recipe_print_demo.py - button_pressed - No audio recorded. Skipping transcription and printing.
2024-06-29 16:19:06,525 - cauldron - INFO   - recipe_print_demo.py - button_pressed - Button pressed! Starting recording...
2024-06-29 16:19:06,525 - cauldron - INFO   - recipe_print_demo.py - start_recording - Recording started...
2024-06-29 16:19:06,540 - cauldron - INFO   - recipe_print_demo.py - start_recording - Recording finished
2024-06-29 16:19:06,540 - cauldron - INFO   - recipe_print_demo.py - start_recording - No audio data recorded.
2024-06-29 16:19:06,540 - cauldron - INFO   - recipe_print_demo.py - button_pressed - No audio recorded. Skipping transcription and printing.
2024-06-29 16:19:06,541 - cauldron - INFO   - recipe_print_demo.py - button_pressed - Button pressed! Starting recording...
2024-06-29 16:19:06,541 - cauldron - INFO   - recipe_print_demo.py - start_recording - Recording started...
2024-06-29 16:19:06,552 - cauldron - INFO   - recipe_print_demo.py - start_recording - Recording finished
2024-06-29 16:19:06,553 - cauldron - INFO   - recipe_print_demo.py - start_recording - No audio data recorded.
2024-06-29 16:19:06,553 - cauldron - INFO   - recipe_print_demo.py - button_pressed - No audio recorded. Skipping transcription and printing.
2024-06-29 16:19:06,553 - cauldron - INFO   - recipe_print_demo.py - button_pressed - Button pressed! Starting recording...
2024-06-29 16:19:06,554 - cauldron - INFO   - recipe_print_demo.py - start_recording - Recording started...
2024-06-29 16:19:06,573 - cauldron - INFO   - recipe_print_demo.py - start_recording - Recording finished
2024-06-29 16:19:06,573 - cauldron - INFO   - recipe_print_demo.py - start_recording - No audio data recorded.
2024-06-29 16:19:06,573 - cauldron - INFO   - recipe_print_demo.py - button_pressed - No audio recorded. Skipping transcription and printing.
2024-06-29 16:19:06,573 - cauldron - INFO   - recipe_print_demo.py - button_pressed - Button pressed! Starting recording...
2024-06-29 16:19:06,574 - cauldron - INFO   - recipe_print_demo.py - start_recording - Recording started...
2024-06-29 16:19:06,587 - cauldron - INFO   - recipe_print_demo.py - start_recording - Recording finished
2024-06-29 16:19:06,588 - cauldron - INFO   - recipe_print_demo.py - start_recording - No audio data recorded.
2024-06-29 16:19:06,588 - cauldron - INFO   - recipe_print_demo.py - button_pressed - No audio recorded. Skipping transcription and printing.
2024-06-29 16:19:06,588 - cauldron - INFO   - recipe_print_demo.py - button_pressed - Button pressed! Starting recording...
2024-06-29 16:19:06,588 - cauldron - INFO   - recipe_print_demo.py - start_recording - Recording started...
2024-06-29 16:19:06,604 - cauldron - INFO   - recipe_print_demo.py - start_recording - Recording finished
2024-06-29 16:19:06,604 - cauldron - INFO   - recipe_print_demo.py - start_recording - No audio data recorded.
2024-06-29 16:19:06,604 - cauldron - INFO   - recipe_print_demo.py - button_pressed - No audio recorded. Skipping transcription and printing.
2024-06-29 16:19:06,605 - cauldron - INFO   - recipe_print_demo.py - button_pressed - Button pressed! Starting recording...
2024-06-29 16:19:06,605 - cauldron - INFO   - recipe_print_demo.py - start_recording - Recording started...
2024-06-29 16:19:06,616 - cauldron - INFO   - recipe_print_demo.py - start_recording - Recording finished
2024-06-29 16:19:06,617 - cauldron - INFO   - recipe_print_demo.py - start_recording - No audio data recorded.
2024-06-29 16:19:06,618 - cauldron - INFO   - recipe_print_demo.py - button_pressed - No audio recorded. Skipping transcription and printing.
