2024-06-29 15:36:14,902 - cauldron - INFO   - cauldron_app.py - __init__ - Initializing Caldron Application
2024-06-29 15:36:15,085 - cauldron - INFO   - class_defs.py - fresh_instance - Creating a new instance of Pot.
2024-06-29 15:36:15,086 - cauldron - INFO   - class_defs.py - __init__ - Initializing Pot object.
2024-06-29 15:36:15,086 - cauldron - INFO   - class_defs.py - save_to_file - Saving Pot to file.
2024-06-29 15:36:15,086 - cauldron - INFO   - class_defs.py - fresh_instance - Creating a new instance of RecipeGraph.
2024-06-29 15:36:15,087 - cauldron - INFO   - class_defs.py - __init__ - Initializing RecipeGraph object.
2024-06-29 15:36:15,087 - cauldron - INFO   - class_defs.py - save_to_file - Saving RecipeGraph to file.
2024-06-29 15:36:15,088 - cauldron - INFO   - class_defs.py - fresh_instance - Creating a new instance of ModsList.
2024-06-29 15:36:15,088 - cauldron - INFO   - class_defs.py - __init__ - Initializing ModsList object.
2024-06-29 15:36:15,089 - cauldron - INFO   - class_defs.py - save_to_file - Saving ModsList to file.
2024-06-29 15:36:15,089 - cauldron - INFO   - agent_defs.py - create_all_agents - Creating all agents.
2024-06-29 15:36:15,089 - cauldron - INFO   - agent_defs.py - create_all_agents - Creating agent: Frontman
2024-06-29 15:36:15,379 - cauldron - INFO   - agent_defs.py - create_all_agents - Agent Frontman created.
2024-06-29 15:36:15,379 - cauldron - INFO   - agent_defs.py - create_all_agents - Creating agent: Tavily
2024-06-29 15:36:15,382 - cauldron - INFO   - agent_defs.py - create_all_agents - Agent Tavily created.
2024-06-29 15:36:15,382 - cauldron - INFO   - agent_defs.py - create_all_agents - Creating agent: Sleuth
2024-06-29 15:36:15,386 - cauldron - INFO   - agent_defs.py - create_all_agents - Agent Sleuth created.
2024-06-29 15:36:15,387 - cauldron - INFO   - agent_defs.py - create_all_agents - Creating agent: Spinnaret
2024-06-29 15:36:15,393 - cauldron - INFO   - agent_defs.py - create_all_agents - Agent Spinnaret created.
2024-06-29 15:36:15,394 - cauldron - INFO   - agent_defs.py - create_all_agents - All agents created.
2024-06-29 15:36:15,454 - cauldron - INFO   - recipe_print_demo.py - <module> - Printer has paper? :True
