2024-06-29 16:22:01,906 - cauldron - INFO   - cauldron_app.py - __init__ - Initializing Caldron Application
2024-06-29 16:22:02,089 - cauldron - INFO   - class_defs.py - fresh_instance - Creating a new instance of Pot.
2024-06-29 16:22:02,090 - cauldron - INFO   - class_defs.py - __init__ - Initializing Pot object.
2024-06-29 16:22:02,090 - cauldron - INFO   - class_defs.py - save_to_file - Saving Pot to file.
2024-06-29 16:22:02,091 - cauldron - INFO   - class_defs.py - fresh_instance - Creating a new instance of RecipeGraph.
2024-06-29 16:22:02,091 - cauldron - INFO   - class_defs.py - __init__ - Initializing RecipeGraph object.
2024-06-29 16:22:02,091 - cauldron - INFO   - class_defs.py - save_to_file - Saving RecipeGraph to file.
2024-06-29 16:22:02,092 - cauldron - INFO   - class_defs.py - fresh_instance - Creating a new instance of ModsList.
2024-06-29 16:22:02,093 - cauldron - INFO   - class_defs.py - __init__ - Initializing ModsList object.
2024-06-29 16:22:02,093 - cauldron - INFO   - class_defs.py - save_to_file - Saving ModsList to file.
2024-06-29 16:22:02,093 - cauldron - INFO   - agent_defs.py - create_all_agents - Creating all agents.
2024-06-29 16:22:02,093 - cauldron - INFO   - agent_defs.py - create_all_agents - Creating agent: Frontman
2024-06-29 16:22:02,388 - cauldron - INFO   - agent_defs.py - create_all_agents - Agent Frontman created.
2024-06-29 16:22:02,388 - cauldron - INFO   - agent_defs.py - create_all_agents - Creating agent: Tavily
2024-06-29 16:22:02,391 - cauldron - INFO   - agent_defs.py - create_all_agents - Agent Tavily created.
2024-06-29 16:22:02,391 - cauldron - INFO   - agent_defs.py - create_all_agents - Creating agent: Sleuth
2024-06-29 16:22:02,395 - cauldron - INFO   - agent_defs.py - create_all_agents - Agent Sleuth created.
2024-06-29 16:22:02,395 - cauldron - INFO   - agent_defs.py - create_all_agents - Creating agent: Spinnaret
2024-06-29 16:22:02,401 - cauldron - INFO   - agent_defs.py - create_all_agents - Agent Spinnaret created.
2024-06-29 16:22:02,401 - cauldron - INFO   - agent_defs.py - create_all_agents - All agents created.
2024-06-29 16:22:02,461 - cauldron - INFO   - recipe_print_demo.py - <module> - Printer has paper? :True
2024-06-29 16:22:07,623 - cauldron - INFO   - recipe_print_demo.py - button_pressed - Button pressed! Starting recording...
2024-06-29 16:22:07,623 - cauldron - INFO   - recipe_print_demo.py - start_recording - Recording started...
2024-06-29 16:22:10,268 - cauldron - INFO   - recipe_print_demo.py - start_recording - Recording finished
2024-06-29 16:22:12,344 - cauldron - INFO   - recipe_print_demo.py - button_pressed - Transcribed Text: I'd like a recipe for chocolate chip cookies.
2024-06-29 16:22:19,486 - cauldron - DEBUG  - agent_tools.py - add_url_to_pot - Adding URL to pot.
2024-06-29 16:22:19,497 - cauldron - INFO   - class_defs.py - load_from_file - Loading Pot from file.
2024-06-29 16:22:19,527 - cauldron - DEBUG  - class_defs.py - add_url - Adding URL to pot.
2024-06-29 16:22:19,545 - cauldron - INFO   - class_defs.py - save_to_file - Saving Pot to file.
2024-06-29 16:22:21,925 - cauldron - INFO   - cauldron_app.py - post - {'Tavily': {'messages': [AIMessage(content='I have found a recipe for chocolate chip cookies. You can view the recipe at this link: [Best Chocolate Chip Cookies Recipe](https://www.allrecipes.com/recipe/10813/best-chocolate-chip-cookies/).', name='Tavily')], 'sender': 'Tavily'}}
2024-06-29 16:22:21,936 - cauldron - ERROR  - cauldron_app.py - post - 'dict_keys' object is not subscriptable
2024-06-29 16:22:34,101 - cauldron - DEBUG  - agent_tools.py - generate_recipe - Generating representation of Recipe object.
2024-06-29 16:22:34,117 - cauldron - DEBUG  - agent_tools.py - generate_recipe - Name: Best Chocolate Chip Cookies, Ingredients: [], Instructions: ['Gather your ingredients, making sure your butter is softened, and your eggs are room temperature.', 'Preheat the oven to 350 degrees F (175 degrees C).', 'Beat butter, white sugar, and brown sugar with an electric mixer in a large bowl until smooth.', 'Beat in eggs, one at a time, then stir in vanilla.', 'Dissolve baking soda in hot water. Add to batter along with salt.', 'Stir in flour, chocolate chips, and walnuts.', 'Drop spoonfuls of dough 2 inches apart onto ungreased baking sheets.', 'Bake in the preheated oven until edges are nicely browned, about 10 minutes.', 'Cool on the baking sheets briefly before removing to a wire rack to cool completely.', 'Store in an airtight container or serve immediately and enjoy!'], Tags: None, Sources: ['https://www.allrecipes.com/recipe/10813/best-chocolate-chip-cookies/']
2024-06-29 16:22:34,129 - cauldron - INFO   - class_defs.py - load_from_file - Loading Pot from file.
2024-06-29 16:22:34,162 - cauldron - DEBUG  - class_defs.py - add_recipe - Adding recipe to pot.
2024-06-29 16:22:34,178 - cauldron - INFO   - class_defs.py - save_to_file - Saving Pot to file.
2024-06-29 16:22:36,428 - cauldron - INFO   - cauldron_app.py - post - {'Sleuth': {'messages': [AIMessage(content='I have generated the recipe for "Best Chocolate Chip Cookies." You can find the recipe in the Pot with the ID: 38e7e3c9-85b3-4908-9335-36664f2947d6.', name='Sleuth')], 'sender': 'Sleuth'}}
2024-06-29 16:22:36,430 - cauldron - ERROR  - cauldron_app.py - post - 'dict_keys' object is not subscriptable
2024-06-29 16:22:39,048 - cauldron - DEBUG  - agent_tools.py - get_recipe_from_pot - Getting recipe from pot.
2024-06-29 16:22:39,062 - cauldron - INFO   - class_defs.py - load_from_file - Loading Pot from file.
2024-06-29 16:22:39,132 - cauldron - DEBUG  - class_defs.py - get_recipe - Getting recipe from pot.
2024-06-29 16:22:39,154 - cauldron - INFO   - class_defs.py - save_to_file - Saving Pot to file.
2024-06-29 16:22:43,389 - cauldron - INFO   - cauldron_app.py - post - {'Spinnaret': {'messages': [AIMessage(content='I have retrieved the recipe for "Best Chocolate Chip Cookies" from the Pot. Here are the instructions for making the cookies:\n\n1. Gather your ingredients, ensuring your butter is softened, and your eggs are at room temperature.\n2. Preheat the oven to 350 degrees F (175 degrees C).\n3. Beat butter, white sugar, and brown sugar in a large bowl with an electric mixer until smooth.\n4. Beat in eggs one at a time, then stir in vanilla.\n5. Dissolve baking soda in hot water and add to the batter along with salt.\n6. Stir in flour, chocolate chips, and walnuts.\n7. Drop spoonfuls of dough 2 inches apart onto ungreased baking sheets.\n8. Bake in the preheated oven until the edges are nicely browned, about 10 minutes.\n9. Cool on the baking sheets briefly before transferring to a wire rack to cool completely.\n10. Store in an airtight container or serve immediately and enjoy!\n\nYou can find the recipe source [here](https://www.allrecipes.com/recipe/10813/best-chocolate-chip-cookies/).', name='Spinnaret')], 'sender': 'Spinnaret'}}
2024-06-29 16:22:43,400 - cauldron - ERROR  - cauldron_app.py - post - 'dict_keys' object is not subscriptable
2024-06-29 16:22:45,373 - cauldron - DEBUG  - agent_tools.py - clear_pot - Clearing pot.
2024-06-29 16:22:45,389 - cauldron - INFO   - class_defs.py - load_from_file - Loading Pot from file.
2024-06-29 16:22:45,441 - cauldron - DEBUG  - class_defs.py - clear_pot - Clearing pot.
2024-06-29 16:22:45,457 - cauldron - INFO   - class_defs.py - save_to_file - Saving Pot to file.
2024-06-29 16:22:47,642 - cauldron - INFO   - cauldron_app.py - post - {'Frontman': {'messages': [AIMessage(content='I have cleared the Pot of all recipes. If you need any more assistance or have any other requests, feel free to let me know!', name='Frontman')], 'sender': 'Frontman'}}
2024-06-29 16:22:47,650 - cauldron - ERROR  - cauldron_app.py - post - 'dict_keys' object is not subscriptable
2024-06-29 16:22:47,778 - cauldron - DEBUG  - recipe_print_demo.py - button_pressed - Getting foundational recipe from recipe graph.
2024-06-29 16:22:47,794 - cauldron - INFO   - class_defs.py - load_from_file - Loading RecipeGraph from file.
2024-06-29 16:22:47,826 - cauldron - DEBUG  - class_defs.py - get_foundational_recipe - Getting foundational recipe from recipe graph.
2024-06-29 16:22:47,842 - cauldron - DEBUG  - class_defs.py - get_recipe - Getting recipe from recipe graph.
2024-06-29 16:22:47,863 - cauldron - DEBUG  - class_defs.py - get_graph_size - Getting the number of nodes in the recipe graph.
2024-06-29 16:22:59,769 - cauldron - INFO   - recipe_print_demo.py - button_pressed - Button pressed! Starting recording...
2024-06-29 16:22:59,769 - cauldron - INFO   - recipe_print_demo.py - start_recording - Recording started...
2024-06-29 16:22:59,783 - cauldron - INFO   - recipe_print_demo.py - start_recording - Recording finished
2024-06-29 16:22:59,784 - cauldron - INFO   - recipe_print_demo.py - start_recording - No audio data recorded.
2024-06-29 16:22:59,784 - cauldron - INFO   - recipe_print_demo.py - button_pressed - No audio recorded. Skipping transcription and printing.
2024-06-29 16:22:59,784 - cauldron - INFO   - recipe_print_demo.py - button_pressed - Button pressed! Starting recording...
2024-06-29 16:22:59,785 - cauldron - INFO   - recipe_print_demo.py - start_recording - Recording started...
2024-06-29 16:22:59,796 - cauldron - INFO   - recipe_print_demo.py - start_recording - Recording finished
2024-06-29 16:22:59,796 - cauldron - INFO   - recipe_print_demo.py - start_recording - No audio data recorded.
2024-06-29 16:22:59,796 - cauldron - INFO   - recipe_print_demo.py - button_pressed - No audio recorded. Skipping transcription and printing.
2024-06-29 16:22:59,797 - cauldron - INFO   - recipe_print_demo.py - button_pressed - Button pressed! Starting recording...
2024-06-29 16:22:59,797 - cauldron - INFO   - recipe_print_demo.py - start_recording - Recording started...
2024-06-29 16:22:59,808 - cauldron - INFO   - recipe_print_demo.py - start_recording - Recording finished
2024-06-29 16:22:59,809 - cauldron - INFO   - recipe_print_demo.py - start_recording - No audio data recorded.
2024-06-29 16:22:59,809 - cauldron - INFO   - recipe_print_demo.py - button_pressed - No audio recorded. Skipping transcription and printing.
2024-06-29 16:22:59,809 - cauldron - INFO   - recipe_print_demo.py - button_pressed - Button pressed! Starting recording...
2024-06-29 16:22:59,810 - cauldron - INFO   - recipe_print_demo.py - start_recording - Recording started...
2024-06-29 16:22:59,825 - cauldron - INFO   - recipe_print_demo.py - start_recording - Recording finished
2024-06-29 16:22:59,825 - cauldron - INFO   - recipe_print_demo.py - start_recording - No audio data recorded.
2024-06-29 16:22:59,825 - cauldron - INFO   - recipe_print_demo.py - button_pressed - No audio recorded. Skipping transcription and printing.
2024-06-29 16:22:59,826 - cauldron - INFO   - recipe_print_demo.py - button_pressed - Button pressed! Starting recording...
2024-06-29 16:22:59,826 - cauldron - INFO   - recipe_print_demo.py - start_recording - Recording started...
2024-06-29 16:22:59,839 - cauldron - INFO   - recipe_print_demo.py - start_recording - Recording finished
2024-06-29 16:22:59,840 - cauldron - INFO   - recipe_print_demo.py - start_recording - No audio data recorded.
2024-06-29 16:22:59,840 - cauldron - INFO   - recipe_print_demo.py - button_pressed - No audio recorded. Skipping transcription and printing.
2024-06-29 16:22:59,840 - cauldron - INFO   - recipe_print_demo.py - button_pressed - Button pressed! Starting recording...
2024-06-29 16:22:59,840 - cauldron - INFO   - recipe_print_demo.py - start_recording - Recording started...
2024-06-29 16:22:59,852 - cauldron - INFO   - recipe_print_demo.py - start_recording - Recording finished
2024-06-29 16:22:59,852 - cauldron - INFO   - recipe_print_demo.py - start_recording - No audio data recorded.
2024-06-29 16:22:59,852 - cauldron - INFO   - recipe_print_demo.py - button_pressed - No audio recorded. Skipping transcription and printing.
2024-06-29 16:22:59,853 - cauldron - INFO   - recipe_print_demo.py - button_pressed - Button pressed! Starting recording...
2024-06-29 16:22:59,853 - cauldron - INFO   - recipe_print_demo.py - start_recording - Recording started...
2024-06-29 16:22:59,864 - cauldron - INFO   - recipe_print_demo.py - start_recording - Recording finished
2024-06-29 16:22:59,865 - cauldron - INFO   - recipe_print_demo.py - start_recording - No audio data recorded.
2024-06-29 16:22:59,865 - cauldron - INFO   - recipe_print_demo.py - button_pressed - No audio recorded. Skipping transcription and printing.
2024-06-29 16:22:59,865 - cauldron - INFO   - recipe_print_demo.py - button_pressed - Button pressed! Starting recording...
2024-06-29 16:22:59,865 - cauldron - INFO   - recipe_print_demo.py - start_recording - Recording started...
2024-06-29 16:22:59,881 - cauldron - INFO   - recipe_print_demo.py - start_recording - Recording finished
2024-06-29 16:22:59,881 - cauldron - INFO   - recipe_print_demo.py - start_recording - No audio data recorded.
2024-06-29 16:22:59,881 - cauldron - INFO   - recipe_print_demo.py - button_pressed - No audio recorded. Skipping transcription and printing.
2024-06-29 16:22:59,882 - cauldron - INFO   - recipe_print_demo.py - button_pressed - Button pressed! Starting recording...
2024-06-29 16:22:59,882 - cauldron - INFO   - recipe_print_demo.py - start_recording - Recording started...
2024-06-29 16:22:59,895 - cauldron - INFO   - recipe_print_demo.py - start_recording - Recording finished
2024-06-29 16:22:59,896 - cauldron - INFO   - recipe_print_demo.py - start_recording - No audio data recorded.
2024-06-29 16:22:59,896 - cauldron - INFO   - recipe_print_demo.py - button_pressed - No audio recorded. Skipping transcription and printing.
