2024-05-30 14:24:11,737 - cauldron - INFO   - cauldron_app.py - Initializing Cauldron Application
2024-05-30 14:24:13,038 - cauldron - INFO   - agent_defs.py - Creating all agents.
2024-05-30 14:24:13,038 - cauldron - INFO   - agent_defs.py - Creating supervisor agent: ConductorAgent
2024-05-30 14:24:13,040 - cauldron - INFO   - agent_defs.py - Agent ConductorAgent created.
2024-05-30 14:24:13,040 - cauldron - INFO   - agent_defs.py - Creating supervisor agent: RecipeResearchAgent
2024-05-30 14:24:13,041 - cauldron - INFO   - agent_defs.py - Agent RecipeResearchAgent created.
2024-05-30 14:24:13,042 - cauldron - INFO   - agent_defs.py - Creating agent: FlavorProfileAgent
2024-05-30 14:24:13,552 - cauldron - INFO   - agent_defs.py - Agent FlavorProfileAgent created.
2024-05-30 14:24:13,553 - cauldron - INFO   - agent_defs.py - Creating agent: NutrionalAnalysisAgent
2024-05-30 14:24:13,554 - cauldron - INFO   - agent_defs.py - Agent NutrionalAnalysisAgent created.
2024-05-30 14:24:13,554 - cauldron - INFO   - agent_defs.py - Creating agent: CostAvailabilityAgent
2024-05-30 14:24:13,555 - cauldron - INFO   - agent_defs.py - Agent CostAvailabilityAgent created.
2024-05-30 14:24:13,556 - cauldron - INFO   - agent_defs.py - Creating agent: FeedbackAgent
2024-05-30 14:24:13,557 - cauldron - INFO   - agent_defs.py - Agent FeedbackAgent created.
2024-05-30 14:24:13,557 - cauldron - INFO   - agent_defs.py - Creating agent: SQLAgent
2024-05-30 14:24:13,558 - cauldron - INFO   - agent_defs.py - Agent SQLAgent created.
2024-05-30 14:24:13,558 - cauldron - INFO   - agent_defs.py - Creating agent: ModificationsAgent
2024-05-30 14:24:13,562 - cauldron - INFO   - agent_defs.py - Agent ModificationsAgent created.
2024-05-30 14:24:13,562 - cauldron - INFO   - agent_defs.py - Creating agent: DevelopmentTrackerAgent
2024-05-30 14:24:13,565 - cauldron - INFO   - agent_defs.py - Agent DevelopmentTrackerAgent created.
2024-05-30 14:24:13,565 - cauldron - INFO   - agent_defs.py - Creating agent: PeripheralFeedbackAgent
2024-05-30 14:24:13,566 - cauldron - INFO   - agent_defs.py - Agent PeripheralFeedbackAgent created.
2024-05-30 14:24:13,567 - cauldron - INFO   - agent_defs.py - All agents created.
