2024-06-04 10:54:02,784 - cauldron - INFO   - cauldron_app.py - __init__ - Initializing Cauldron Application
2024-06-04 10:54:05,857 - cauldron - INFO   - recipe_graph.py - fresh_graph - Creating a new recipe graph.
2024-06-04 10:54:05,858 - cauldron - INFO   - recipe_graph.py - __init__ - Initializing RecipeGraph object.
2024-06-04 10:54:05,860 - cauldron - INFO   - recipe_graph.py - fresh_mods_list - Creating a new mods list.
2024-06-04 10:54:05,861 - cauldron - INFO   - recipe_graph.py - __init__ - Initializing ModsList object.
2024-06-04 10:54:05,862 - cauldron - INFO   - recipe_graph.py - save_mods_list_to_file - Saving mods list to file.
2024-06-04 10:54:05,889 - cauldron - INFO   - agent_defs.py - create_all_agents - Creating all agents.
2024-06-04 10:54:05,890 - cauldron - INFO   - agent_defs.py - create_all_agents - Creating agent: SummaryAgent
2024-06-04 10:54:07,544 - cauldron - INFO   - agent_defs.py - create_all_agents - Agent SummaryAgent created.
2024-06-04 10:54:07,545 - cauldron - INFO   - agent_defs.py - create_all_agents - Creating supervisor agent: CauldronRouter
2024-06-04 10:54:07,548 - cauldron - INFO   - agent_defs.py - create_all_agents - Agent CauldronRouter created.
2024-06-04 10:54:07,549 - cauldron - INFO   - agent_defs.py - create_all_agents - Creating supervisor agent: RecipeResearchAgent
2024-06-04 10:54:07,551 - cauldron - INFO   - agent_defs.py - create_all_agents - Agent RecipeResearchAgent created.
2024-06-04 10:54:07,552 - cauldron - INFO   - agent_defs.py - create_all_agents - Creating agent: SearchAgent
2024-06-04 10:54:07,556 - cauldron - INFO   - agent_defs.py - create_all_agents - Agent SearchAgent created.
2024-06-04 10:54:07,557 - cauldron - INFO   - agent_defs.py - create_all_agents - Creating agent: RecipeScraperAgent
2024-06-04 10:54:07,567 - cauldron - INFO   - agent_defs.py - create_all_agents - Agent RecipeScraperAgent created.
2024-06-04 10:54:07,568 - cauldron - INFO   - agent_defs.py - create_all_agents - Creating agent: ModificationsAgent
2024-06-04 10:54:07,581 - cauldron - INFO   - agent_defs.py - create_all_agents - Agent ModificationsAgent created.
2024-06-04 10:54:07,582 - cauldron - INFO   - agent_defs.py - create_all_agents - Creating agent: DevelopmentTrackerAgent
2024-06-04 10:54:07,588 - cauldron - INFO   - agent_defs.py - create_all_agents - Agent DevelopmentTrackerAgent created.
2024-06-04 10:54:07,589 - cauldron - INFO   - agent_defs.py - create_all_agents - All agents created.
2024-06-04 10:55:06,863 - cauldron - DEBUG  - agent_tools.py - get_graph - Getting recipe graph.
2024-06-04 10:55:06,865 - cauldron - INFO   - recipe_graph.py - load_graph_from_file - Loading recipe graph from file.
2024-06-04 10:55:06,870 - cauldron - DEBUG  - recipe_graph.py - get_graph - Getting recipe graph.
2024-06-04 10:55:07,876 - cauldron - DEBUG  - agent_tools.py - get_foundational_recipe - Getting foundational recipe from recipe graph.
2024-06-04 10:55:07,878 - cauldron - INFO   - recipe_graph.py - load_graph_from_file - Loading recipe graph from file.
2024-06-04 10:55:07,881 - cauldron - DEBUG  - recipe_graph.py - get_foundational_recipe - Getting foundational recipe from recipe graph.
2024-06-04 10:55:07,882 - cauldron - DEBUG  - recipe_graph.py - get_recipe - Getting recipe from recipe graph.
2024-06-04 10:55:07,884 - cauldron - DEBUG  - recipe_graph.py - get_graph_size - Getting the number of nodes in the recipe graph.
2024-06-04 10:55:11,106 - cauldron - DEBUG  - recipe_graph.py - give_id - Updating ID for Recipe object.
2024-06-04 10:55:11,108 - cauldron - DEBUG  - agent_tools.py - generate_recipe - Generating JSON representation of Recipe object.
2024-06-04 10:55:11,110 - cauldron - DEBUG  - agent_tools.py - generate_recipe - Name: Brazilian Pudim, Ingredients: [Ingredient(name='sugar', quantity=1.0, unit='cup'), Ingredient(name='eggs', quantity=4.0, unit=''), Ingredient(name='sweetened condensed milk', quantity=14.0, unit='ounce'), Ingredient(name='milk', quantity=0.75, unit='cup')], Instructions: ['1. Preheat the oven to 350 degrees F.', '2. Melt sugar in a saucepan, pour into a baking dish, and let it cool.', '3. Blend egg yolks, condensed milk, milk, and egg whites.', '4. Bake until set, cool, and refrigerate before serving.'], Tags: None, Sources: None
2024-06-04 10:55:11,113 - cauldron - DEBUG  - recipe_graph.py - give_id - Updating ID for Recipe object.
2024-06-04 10:55:15,587 - cauldron - DEBUG  - agent_tools.py - create_recipe_graph - Creating recipe graph with foundational recipe.
2024-06-04 10:55:15,588 - cauldron - INFO   - recipe_graph.py - load_graph_from_file - Loading recipe graph from file.
2024-06-04 10:55:15,590 - cauldron - DEBUG  - recipe_graph.py - create_recipe_graph - Creating recipe graph with foundational recipe.
2024-06-04 10:55:15,592 - cauldron - INFO   - recipe_graph.py - save_graph_to_file - Saving recipe graph to file.
2024-06-04 10:55:19,455 - cauldron - DEBUG  - agent_tools.py - get_mods_list - Getting mods list.
2024-06-04 10:55:19,457 - cauldron - INFO   - recipe_graph.py - load_mods_list_from_file - Loading mods list from file.
2024-06-04 10:55:19,474 - cauldron - DEBUG  - recipe_graph.py - get_mods_list - Getting mods list.
2024-06-04 10:55:24,542 - cauldron - INFO   - recipe_graph.py - load_graph_from_file - Loading recipe graph from file.
2024-06-04 10:55:24,561 - cauldron - DEBUG  - recipe_graph.py - get_foundational_recipe - Getting foundational recipe from recipe graph.
2024-06-04 10:55:24,562 - cauldron - DEBUG  - recipe_graph.py - get_recipe - Getting recipe from recipe graph.
2024-06-04 10:55:24,564 - cauldron - DEBUG  - recipe_graph.py - get_graph_size - Getting the number of nodes in the recipe graph.
2024-06-04 10:55:24,565 - cauldron - DEBUG  - recipe_graph.py - from_dict - Creating Recipe object from dictionary.
2024-06-04 10:55:24,567 - cauldron - DEBUG  - recipe_graph.py - give_id - Updating ID for Recipe object.
