2024-05-30 13:13:47,288 - cauldron - INFO   - cauldron_app.py - Initializing Cauldron Application
2024-05-30 13:13:48,495 - cauldron - INFO   - agent_defs.py - Creating all agents.
2024-05-30 13:13:48,495 - cauldron - INFO   - agent_defs.py - Creating supervisor agent: ConductorAgent
2024-05-30 13:13:48,496 - cauldron - INFO   - agent_defs.py - Agent ConductorAgent created.
2024-05-30 13:13:48,496 - cauldron - INFO   - agent_defs.py - Creating supervisor agent: RecipeResearchAgent
2024-05-30 13:13:48,497 - cauldron - INFO   - agent_defs.py - Agent RecipeResearchAgent created.
2024-05-30 13:13:48,502 - cauldron - INFO   - agent_defs.py - Creating agent: FlavorProfileAgent
2024-05-30 13:13:48,955 - cauldron - INFO   - agent_defs.py - Agent FlavorProfileAgent created.
2024-05-30 13:13:48,955 - cauldron - INFO   - agent_defs.py - Creating agent: NutrionalAnalysisAgent
2024-05-30 13:13:48,956 - cauldron - INFO   - agent_defs.py - Agent NutrionalAnalysisAgent created.
2024-05-30 13:13:48,957 - cauldron - INFO   - agent_defs.py - Creating agent: CostAvailabilityAgent
2024-05-30 13:13:48,957 - cauldron - INFO   - agent_defs.py - Agent CostAvailabilityAgent created.
2024-05-30 13:13:48,958 - cauldron - INFO   - agent_defs.py - Creating agent: FeedbackAgent
2024-05-30 13:13:48,959 - cauldron - INFO   - agent_defs.py - Agent FeedbackAgent created.
2024-05-30 13:13:48,959 - cauldron - INFO   - agent_defs.py - Creating agent: SQLAgent
2024-05-30 13:13:48,960 - cauldron - INFO   - agent_defs.py - Agent SQLAgent created.
2024-05-30 13:13:48,960 - cauldron - INFO   - agent_defs.py - Creating agent: ModificationsAgent
2024-05-30 13:13:48,963 - cauldron - INFO   - agent_defs.py - Agent ModificationsAgent created.
2024-05-30 13:13:48,964 - cauldron - INFO   - agent_defs.py - Creating agent: DevelopmentTrackerAgent
2024-05-30 13:13:48,966 - cauldron - INFO   - agent_defs.py - Agent DevelopmentTrackerAgent created.
2024-05-30 13:13:48,966 - cauldron - INFO   - agent_defs.py - Creating agent: PeripheralFeedbackAgent
2024-05-30 13:13:48,968 - cauldron - INFO   - agent_defs.py - Agent PeripheralFeedbackAgent created.
2024-05-30 13:13:48,968 - cauldron - INFO   - agent_defs.py - All agents created.
