2024-06-04 12:39:24,922 - cauldron - INFO   - cauldron_app.py - __init__ - Initializing Cauldron Application
2024-06-04 12:39:25,876 - cauldron - INFO   - recipe_graph.py - fresh_graph - Creating a new recipe graph.
2024-06-04 12:39:25,877 - cauldron - INFO   - recipe_graph.py - __init__ - Initializing RecipeGraph object.
2024-06-04 12:39:25,877 - cauldron - INFO   - recipe_graph.py - fresh_mods_list - Creating a new mods list.
2024-06-04 12:39:25,878 - cauldron - INFO   - recipe_graph.py - __init__ - Initializing ModsList object.
2024-06-04 12:39:25,878 - cauldron - INFO   - recipe_graph.py - save_mods_list_to_file - Saving mods list to file.
2024-06-04 12:39:25,879 - cauldron - INFO   - agent_defs.py - create_all_agents - Creating all agents.
2024-06-04 12:39:25,879 - cauldron - INFO   - agent_defs.py - create_all_agents - Creating agent: SummaryAgent
2024-06-04 12:39:26,359 - cauldron - INFO   - agent_defs.py - create_all_agents - Agent SummaryAgent created.
2024-06-04 12:39:26,360 - cauldron - INFO   - agent_defs.py - create_all_agents - Creating supervisor agent: CauldronRouter
2024-06-04 12:39:26,360 - cauldron - INFO   - agent_defs.py - create_all_agents - Agent CauldronRouter created.
2024-06-04 12:39:26,361 - cauldron - INFO   - agent_defs.py - create_all_agents - Creating supervisor agent: RecipeResearchAgent
2024-06-04 12:39:26,362 - cauldron - INFO   - agent_defs.py - create_all_agents - Agent RecipeResearchAgent created.
2024-06-04 12:39:26,362 - cauldron - INFO   - agent_defs.py - create_all_agents - Creating agent: SearchAgent
2024-06-04 12:39:26,364 - cauldron - INFO   - agent_defs.py - create_all_agents - Agent SearchAgent created.
2024-06-04 12:39:26,364 - cauldron - INFO   - agent_defs.py - create_all_agents - Creating agent: RecipeScraperAgent
2024-06-04 12:39:26,366 - cauldron - INFO   - agent_defs.py - create_all_agents - Agent RecipeScraperAgent created.
2024-06-04 12:39:26,366 - cauldron - INFO   - agent_defs.py - create_all_agents - Creating agent: ModificationsAgent
2024-06-04 12:39:26,371 - cauldron - INFO   - agent_defs.py - create_all_agents - Agent ModificationsAgent created.
2024-06-04 12:39:26,371 - cauldron - INFO   - agent_defs.py - create_all_agents - Creating agent: DevelopmentTrackerAgent
2024-06-04 12:39:26,375 - cauldron - INFO   - agent_defs.py - create_all_agents - Agent DevelopmentTrackerAgent created.
2024-06-04 12:39:26,376 - cauldron - INFO   - agent_defs.py - create_all_agents - All agents created.
2024-06-04 12:39:45,508 - cauldron - ERROR  - agent_tools.py - get_recipe_info - Failed to get name: argument of type 'NoneType' is not iterable
2024-06-04 12:39:57,336 - cauldron - DEBUG  - agent_tools.py - generate_recipe - Generating JSON representation of Recipe object.
2024-06-04 12:39:57,337 - cauldron - DEBUG  - agent_tools.py - generate_recipe - Name: Potato Gnocchi (Authentic Italian Recipe), Ingredients: [Ingredient(name='Russet potatoes', quantity=500.0, unit='g'), Ingredient(name='All-purpose flour', quantity=125.0, unit='g'), Ingredient(name='Beaten egg', quantity=2.0, unit='Tbsp')], Instructions: ['Be sure to boil, peel, and rice the potatoes. Mix potatoes, flour, and egg to form a dough. Shape the dough into gnocchi and cook in boiling water. Serve with desired sauce and cheese.'], Tags: ['Italian', 'Gnocchi'], Sources: ['https://www.christinascucina.com/potato-gnocchi-authentic-italian-recipe/']
2024-06-04 12:40:03,417 - cauldron - DEBUG  - agent_tools.py - generate_recipe - Generating JSON representation of Recipe object.
2024-06-04 12:40:03,418 - cauldron - DEBUG  - agent_tools.py - generate_recipe - Name: Creamy Tuscan Gnocchi (20 Minutes, ONE-PAN), Ingredients: [Ingredient(name='Olive oil', quantity=1.0, unit='Tbsp'), Ingredient(name='Sun-dried tomatoes', quantity=4.0, unit='oz'), Ingredient(name='Potato gnocchi', quantity=16.0, unit='oz'), Ingredient(name='Garlic cloves', quantity=5.0, unit=''), Ingredient(name='Italian seasoning', quantity=1.0, unit='tsp'), Ingredient(name='Paprika', quantity=0.5, unit='tsp'), Ingredient(name='Salt', quantity=0.25, unit='tsp'), Ingredient(name='Chicken broth', quantity=0.5, unit='cup'), Ingredient(name='Heavy cream', quantity=1.0, unit='cup'), Ingredient(name='Fresh spinach', quantity=5.0, unit='oz'), Ingredient(name='Artichoke hearts', quantity=7.0, unit='oz'), Ingredient(name='Red pepper flakes', quantity=0.25, unit='tsp'), Ingredient(name='Fresh thyme leaves', quantity=1.0, unit='tsp')], Instructions: ['Heat olive oil and sauté sun-dried tomatoes, gnocchi, garlic, and seasonings. Add broth and cream, simmer. Stir in spinach and artichokes. Season to taste. Serve with thyme.'], Tags: ['Tuscan', 'Gnocchi'], Sources: ['https://juliasalbum.com/creamy-gnocchi/']
2024-06-04 12:40:13,168 - cauldron - DEBUG  - agent_tools.py - create_recipe_graph - Creating recipe graph with foundational recipe.
2024-06-04 12:40:13,169 - cauldron - INFO   - recipe_graph.py - load_graph_from_file - Loading recipe graph from file.
2024-06-04 12:40:13,170 - cauldron - DEBUG  - recipe_graph.py - create_recipe_graph - Creating recipe graph with foundational recipe.
2024-06-04 12:40:13,171 - cauldron - INFO   - recipe_graph.py - save_graph_to_file - Saving recipe graph to file.
2024-06-04 12:40:17,863 - cauldron - INFO   - recipe_graph.py - load_graph_from_file - Loading recipe graph from file.
2024-06-04 12:40:17,872 - cauldron - DEBUG  - recipe_graph.py - get_foundational_recipe - Getting foundational recipe from recipe graph.
2024-06-04 12:40:17,873 - cauldron - DEBUG  - recipe_graph.py - get_recipe - Getting recipe from recipe graph.
2024-06-04 12:40:17,874 - cauldron - DEBUG  - recipe_graph.py - get_graph_size - Getting the number of nodes in the recipe graph.
2024-06-04 12:40:17,874 - cauldron - DEBUG  - recipe_graph.py - from_dict - Creating Recipe object from dictionary.
