2024-05-30 13:16:30,755 - cauldron - INFO   - cauldron_app.py - Initializing Cauldron Application
2024-05-30 13:16:31,930 - cauldron - INFO   - agent_defs.py - Creating all agents.
2024-05-30 13:16:31,930 - cauldron - INFO   - agent_defs.py - Creating supervisor agent: ConductorAgent
2024-05-30 13:16:31,931 - cauldron - INFO   - agent_defs.py - Agent ConductorAgent created.
2024-05-30 13:16:31,932 - cauldron - INFO   - agent_defs.py - Creating supervisor agent: RecipeResearchAgent
2024-05-30 13:16:31,932 - cauldron - INFO   - agent_defs.py - Agent RecipeResearchAgent created.
2024-05-30 13:16:31,937 - cauldron - INFO   - agent_defs.py - Creating agent: FlavorProfileAgent
2024-05-30 13:16:32,402 - cauldron - INFO   - agent_defs.py - Agent FlavorProfileAgent created.
2024-05-30 13:16:32,403 - cauldron - INFO   - agent_defs.py - Creating agent: NutrionalAnalysisAgent
2024-05-30 13:16:32,404 - cauldron - INFO   - agent_defs.py - Agent NutrionalAnalysisAgent created.
2024-05-30 13:16:32,404 - cauldron - INFO   - agent_defs.py - Creating agent: CostAvailabilityAgent
2024-05-30 13:16:32,405 - cauldron - INFO   - agent_defs.py - Agent CostAvailabilityAgent created.
2024-05-30 13:16:32,406 - cauldron - INFO   - agent_defs.py - Creating agent: FeedbackAgent
2024-05-30 13:16:32,407 - cauldron - INFO   - agent_defs.py - Agent FeedbackAgent created.
2024-05-30 13:16:32,407 - cauldron - INFO   - agent_defs.py - Creating agent: SQLAgent
2024-05-30 13:16:32,408 - cauldron - INFO   - agent_defs.py - Agent SQLAgent created.
2024-05-30 13:16:32,408 - cauldron - INFO   - agent_defs.py - Creating agent: ModificationsAgent
2024-05-30 13:16:32,411 - cauldron - INFO   - agent_defs.py - Agent ModificationsAgent created.
2024-05-30 13:16:32,412 - cauldron - INFO   - agent_defs.py - Creating agent: DevelopmentTrackerAgent
2024-05-30 13:16:32,414 - cauldron - INFO   - agent_defs.py - Agent DevelopmentTrackerAgent created.
2024-05-30 13:16:32,414 - cauldron - INFO   - agent_defs.py - Creating agent: PeripheralFeedbackAgent
2024-05-30 13:16:32,416 - cauldron - INFO   - agent_defs.py - Agent PeripheralFeedbackAgent created.
2024-05-30 13:16:32,416 - cauldron - INFO   - agent_defs.py - All agents created.
