2024-06-04 11:59:57,784 - cauldron - INFO   - cauldron_app.py - __init__ - Initializing Cauldron Application
2024-06-04 11:59:58,683 - cauldron - INFO   - recipe_graph.py - fresh_graph - Creating a new recipe graph.
2024-06-04 11:59:58,683 - cauldron - INFO   - recipe_graph.py - __init__ - Initializing RecipeGraph object.
2024-06-04 11:59:58,684 - cauldron - INFO   - recipe_graph.py - fresh_mods_list - Creating a new mods list.
2024-06-04 11:59:58,685 - cauldron - INFO   - recipe_graph.py - __init__ - Initializing ModsList object.
2024-06-04 11:59:58,685 - cauldron - INFO   - recipe_graph.py - save_mods_list_to_file - Saving mods list to file.
2024-06-04 11:59:58,686 - cauldron - INFO   - agent_defs.py - create_all_agents - Creating all agents.
2024-06-04 11:59:58,686 - cauldron - INFO   - agent_defs.py - create_all_agents - Creating agent: SummaryAgent
2024-06-04 11:59:59,144 - cauldron - INFO   - agent_defs.py - create_all_agents - Agent SummaryAgent created.
2024-06-04 11:59:59,145 - cauldron - INFO   - agent_defs.py - create_all_agents - Creating supervisor agent: CauldronRouter
2024-06-04 11:59:59,145 - cauldron - INFO   - agent_defs.py - create_all_agents - Agent CauldronRouter created.
2024-06-04 11:59:59,145 - cauldron - INFO   - agent_defs.py - create_all_agents - Creating supervisor agent: RecipeResearchAgent
2024-06-04 11:59:59,146 - cauldron - INFO   - agent_defs.py - create_all_agents - Agent RecipeResearchAgent created.
2024-06-04 11:59:59,146 - cauldron - INFO   - agent_defs.py - create_all_agents - Creating agent: SearchAgent
2024-06-04 11:59:59,148 - cauldron - INFO   - agent_defs.py - create_all_agents - Agent SearchAgent created.
2024-06-04 11:59:59,148 - cauldron - INFO   - agent_defs.py - create_all_agents - Creating agent: RecipeScraperAgent
2024-06-04 11:59:59,150 - cauldron - INFO   - agent_defs.py - create_all_agents - Agent RecipeScraperAgent created.
2024-06-04 11:59:59,150 - cauldron - INFO   - agent_defs.py - create_all_agents - Creating agent: ModificationsAgent
2024-06-04 11:59:59,155 - cauldron - INFO   - agent_defs.py - create_all_agents - Agent ModificationsAgent created.
2024-06-04 11:59:59,155 - cauldron - INFO   - agent_defs.py - create_all_agents - Creating agent: DevelopmentTrackerAgent
2024-06-04 11:59:59,158 - cauldron - INFO   - agent_defs.py - create_all_agents - Agent DevelopmentTrackerAgent created.
2024-06-04 11:59:59,159 - cauldron - INFO   - agent_defs.py - create_all_agents - All agents created.
2024-06-04 12:00:21,124 - cauldron - ERROR  - agent_tools.py - get_recipe_info - Failed to get name: argument of type 'NoneType' is not iterable
2024-06-04 12:00:32,092 - cauldron - DEBUG  - agent_tools.py - get_graph - Getting recipe graph.
2024-06-04 12:00:32,093 - cauldron - INFO   - recipe_graph.py - load_graph_from_file - Loading recipe graph from file.
2024-06-04 12:00:32,094 - cauldron - DEBUG  - recipe_graph.py - get_graph - Getting recipe graph.
2024-06-04 12:00:33,228 - cauldron - DEBUG  - agent_tools.py - get_foundational_recipe - Getting foundational recipe from recipe graph.
2024-06-04 12:00:33,229 - cauldron - INFO   - recipe_graph.py - load_graph_from_file - Loading recipe graph from file.
2024-06-04 12:00:33,230 - cauldron - DEBUG  - recipe_graph.py - get_foundational_recipe - Getting foundational recipe from recipe graph.
2024-06-04 12:00:33,230 - cauldron - DEBUG  - recipe_graph.py - get_recipe - Getting recipe from recipe graph.
2024-06-04 12:00:33,231 - cauldron - DEBUG  - recipe_graph.py - get_graph_size - Getting the number of nodes in the recipe graph.
2024-06-04 12:00:36,447 - cauldron - DEBUG  - recipe_graph.py - give_id - Updating ID for Recipe object.
2024-06-04 12:00:36,448 - cauldron - DEBUG  - agent_tools.py - generate_recipe - Generating JSON representation of Recipe object.
2024-06-04 12:00:36,448 - cauldron - DEBUG  - agent_tools.py - generate_recipe - Name: Potato Gnocchi, Ingredients: [Ingredient(name='potatoes', quantity=1.0, unit='pound'), Ingredient(name='flour', quantity=1.0, unit='cup'), Ingredient(name='salt', quantity=0.5, unit='teaspoon'), Ingredient(name='egg', quantity=1.0, unit='medium'), Ingredient(name='olive oil', quantity=2.0, unit='tablespoons')], Instructions: ['1. Boil and mash the potatoes.', '2. Mix in flour, salt, egg, and olive oil to form a dough.', '3. Roll the dough into ropes and cut into gnocchi pieces.', '4. Cook the gnocchi in boiling water until they float to the surface.', '5. Serve with your favorite sauce.'], Tags: None, Sources: None
2024-06-04 12:00:36,450 - cauldron - DEBUG  - recipe_graph.py - give_id - Updating ID for Recipe object.
2024-06-04 12:00:40,859 - cauldron - DEBUG  - agent_tools.py - create_recipe_graph - Creating recipe graph with foundational recipe.
2024-06-04 12:00:40,860 - cauldron - INFO   - recipe_graph.py - load_graph_from_file - Loading recipe graph from file.
2024-06-04 12:00:40,860 - cauldron - DEBUG  - recipe_graph.py - create_recipe_graph - Creating recipe graph with foundational recipe.
2024-06-04 12:00:40,861 - cauldron - INFO   - recipe_graph.py - save_graph_to_file - Saving recipe graph to file.
2024-06-04 12:00:48,126 - cauldron - INFO   - recipe_graph.py - load_graph_from_file - Loading recipe graph from file.
2024-06-04 12:00:48,135 - cauldron - DEBUG  - recipe_graph.py - get_foundational_recipe - Getting foundational recipe from recipe graph.
2024-06-04 12:00:48,136 - cauldron - DEBUG  - recipe_graph.py - get_recipe - Getting recipe from recipe graph.
2024-06-04 12:00:48,136 - cauldron - DEBUG  - recipe_graph.py - get_graph_size - Getting the number of nodes in the recipe graph.
2024-06-04 12:00:48,137 - cauldron - DEBUG  - recipe_graph.py - from_dict - Creating Recipe object from dictionary.
2024-06-04 12:00:48,137 - cauldron - DEBUG  - recipe_graph.py - give_id - Updating ID for Recipe object.
2024-06-04 12:00:52,854 - cauldron - DEBUG  - recipe_graph.py - give_id - Updating ID for RecipeModification object.
