2024-06-03 22:29:42,436 - cauldron - INFO   - cauldron_app.py - __init__ - Initializing Cauldron Application
2024-06-03 22:29:43,345 - cauldron - INFO   - recipe_graph.py - fresh_graph - Creating a new recipe graph.
2024-06-03 22:29:43,346 - cauldron - INFO   - recipe_graph.py - __init__ - Initializing RecipeGraph object.
2024-06-03 22:29:43,347 - cauldron - INFO   - recipe_graph.py - fresh_mods_list - Creating a new mods list.
2024-06-03 22:29:43,347 - cauldron - INFO   - recipe_graph.py - __init__ - Initializing ModsList object.
2024-06-03 22:29:43,348 - cauldron - INFO   - recipe_graph.py - save_mods_list_to_file - Saving mods list to file.
2024-06-03 22:29:43,349 - cauldron - INFO   - agent_defs.py - create_all_agents - Creating all agents.
2024-06-03 22:29:43,349 - cauldron - INFO   - agent_defs.py - create_all_agents - Creating agent: SummaryAgent
2024-06-03 22:29:43,805 - cauldron - INFO   - agent_defs.py - create_all_agents - Agent SummaryAgent created.
2024-06-03 22:29:43,806 - cauldron - INFO   - agent_defs.py - create_all_agents - Creating supervisor agent: CauldronRouter
2024-06-03 22:29:43,807 - cauldron - INFO   - agent_defs.py - create_all_agents - Agent CauldronRouter created.
2024-06-03 22:29:43,807 - cauldron - INFO   - agent_defs.py - create_all_agents - Creating supervisor agent: RecipeResearchAgent
2024-06-03 22:29:43,807 - cauldron - INFO   - agent_defs.py - create_all_agents - Agent RecipeResearchAgent created.
2024-06-03 22:29:43,808 - cauldron - INFO   - agent_defs.py - create_all_agents - Creating agent: SearchAgent
2024-06-03 22:29:43,809 - cauldron - INFO   - agent_defs.py - create_all_agents - Agent SearchAgent created.
2024-06-03 22:29:43,809 - cauldron - INFO   - agent_defs.py - create_all_agents - Creating agent: RecipeScraperAgent
2024-06-03 22:29:43,811 - cauldron - INFO   - agent_defs.py - create_all_agents - Agent RecipeScraperAgent created.
2024-06-03 22:29:43,811 - cauldron - INFO   - agent_defs.py - create_all_agents - Creating agent: ModificationsAgent
2024-06-03 22:29:43,816 - cauldron - INFO   - agent_defs.py - create_all_agents - Agent ModificationsAgent created.
2024-06-03 22:29:43,816 - cauldron - INFO   - agent_defs.py - create_all_agents - Creating agent: DevelopmentTrackerAgent
2024-06-03 22:29:43,818 - cauldron - INFO   - agent_defs.py - create_all_agents - Agent DevelopmentTrackerAgent created.
2024-06-03 22:29:43,818 - cauldron - INFO   - agent_defs.py - create_all_agents - All agents created.
2024-06-03 22:30:22,508 - cauldron - DEBUG  - agent_tools.py - get_foundational_recipe - Getting foundational recipe from recipe graph.
2024-06-03 22:30:22,509 - cauldron - INFO   - recipe_graph.py - load_graph_from_file - Loading recipe graph from file.
2024-06-03 22:30:22,513 - cauldron - DEBUG  - recipe_graph.py - get_foundational_recipe - Getting foundational recipe from recipe graph.
2024-06-03 22:30:22,514 - cauldron - DEBUG  - recipe_graph.py - get_recipe - Getting recipe from recipe graph.
2024-06-03 22:30:22,515 - cauldron - DEBUG  - recipe_graph.py - get_graph_size - Getting the number of nodes in the recipe graph.
2024-06-03 22:30:26,877 - cauldron - DEBUG  - recipe_graph.py - give_id - Updating ID for Recipe object.
2024-06-03 22:30:26,878 - cauldron - DEBUG  - agent_tools.py - generate_recipe - Generating JSON representation of Recipe object.
2024-06-03 22:30:26,879 - cauldron - DEBUG  - agent_tools.py - generate_recipe - Name: Gluten-Free Sandwich Bread, Ingredients: [Ingredient(name='gluten-free flour blend', quantity=3.0, unit='cups'), Ingredient(name='xanthan gum', quantity=3.0, unit='teaspoons'), Ingredient(name='instant yeast', quantity=2.5, unit='teaspoons'), Ingredient(name='cream of tartar', quantity=0.25, unit='teaspoon'), Ingredient(name='granulated sugar', quantity=2.0, unit='tablespoons'), Ingredient(name='kosher salt', quantity=2.0, unit='teaspoons'), Ingredient(name='warm milk', quantity=1.5, unit='cups'), Ingredient(name='unsalted butter', quantity=4.0, unit='tablespoons'), Ingredient(name='apple cider vinegar', quantity=1.0, unit='teaspoon'), Ingredient(name='egg whites', quantity=2.0, unit='')], Instructions: ['Mix the dry ingredients in a bowl.', 'Warm the milk and butter until melted.', 'Combine wet and dry ingredients, add vinegar and egg whites.', 'Mix until smooth, let rise until doubled in size.', 'Pour into a loaf pan, let rise again.', 'Bake at 350°F for 30-35 minutes or until golden brown.'], Tags: None, Sources: None
2024-06-03 22:30:26,880 - cauldron - DEBUG  - recipe_graph.py - give_id - Updating ID for Recipe object.
2024-06-03 22:30:32,749 - cauldron - DEBUG  - agent_tools.py - create_recipe_graph - Creating recipe graph with foundational recipe.
2024-06-03 22:30:32,750 - cauldron - INFO   - recipe_graph.py - load_graph_from_file - Loading recipe graph from file.
2024-06-03 22:30:32,751 - cauldron - DEBUG  - recipe_graph.py - create_recipe_graph - Creating recipe graph with foundational recipe.
2024-06-03 22:30:32,751 - cauldron - INFO   - recipe_graph.py - save_graph_to_file - Saving recipe graph to file.
2024-06-03 22:30:41,257 - cauldron - INFO   - recipe_graph.py - load_graph_from_file - Loading recipe graph from file.
2024-06-03 22:30:41,266 - cauldron - DEBUG  - recipe_graph.py - get_foundational_recipe - Getting foundational recipe from recipe graph.
2024-06-03 22:30:41,267 - cauldron - DEBUG  - recipe_graph.py - get_recipe - Getting recipe from recipe graph.
2024-06-03 22:30:41,267 - cauldron - DEBUG  - recipe_graph.py - get_graph_size - Getting the number of nodes in the recipe graph.
2024-06-03 22:30:41,268 - cauldron - DEBUG  - recipe_graph.py - from_dict - Creating Recipe object from dictionary.
2024-06-03 22:30:41,269 - cauldron - DEBUG  - recipe_graph.py - give_id - Updating ID for Recipe object.
