2024-05-30 16:13:06,916 - cauldron - INFO   - cauldron_app.py - Initializing Cauldron Application
2024-05-30 16:13:08,343 - cauldron - INFO   - agent_defs.py - Creating all agents.
2024-05-30 16:13:08,343 - cauldron - INFO   - agent_defs.py - Creating supervisor agent: ConductorAgent
2024-05-30 16:13:08,344 - cauldron - INFO   - agent_defs.py - Agent ConductorAgent created.
2024-05-30 16:13:08,344 - cauldron - INFO   - agent_defs.py - Creating supervisor agent: RecipeResearchAgent
2024-05-30 16:13:08,345 - cauldron - INFO   - agent_defs.py - Agent RecipeResearchAgent created.
2024-05-30 16:13:08,346 - cauldron - INFO   - agent_defs.py - Creating agent: FlavorProfileAgent
2024-05-30 16:13:08,953 - cauldron - INFO   - agent_defs.py - Agent FlavorProfileAgent created.
2024-05-30 16:13:08,953 - cauldron - INFO   - agent_defs.py - Creating agent: NutrionalAnalysisAgent
2024-05-30 16:13:08,954 - cauldron - INFO   - agent_defs.py - Agent NutrionalAnalysisAgent created.
2024-05-30 16:13:08,954 - cauldron - INFO   - agent_defs.py - Creating agent: CostAvailabilityAgent
2024-05-30 16:13:08,955 - cauldron - INFO   - agent_defs.py - Agent CostAvailabilityAgent created.
2024-05-30 16:13:08,956 - cauldron - INFO   - agent_defs.py - Creating agent: FeedbackAgent
2024-05-30 16:13:08,956 - cauldron - INFO   - agent_defs.py - Agent FeedbackAgent created.
2024-05-30 16:13:08,957 - cauldron - INFO   - agent_defs.py - Creating agent: SQLAgent
2024-05-30 16:13:08,958 - cauldron - INFO   - agent_defs.py - Agent SQLAgent created.
2024-05-30 16:13:08,958 - cauldron - INFO   - agent_defs.py - Creating agent: ModificationsAgent
2024-05-30 16:13:08,963 - cauldron - INFO   - agent_defs.py - Agent ModificationsAgent created.
2024-05-30 16:13:08,963 - cauldron - INFO   - agent_defs.py - Creating agent: DevelopmentTrackerAgent
2024-05-30 16:13:08,966 - cauldron - INFO   - agent_defs.py - Agent DevelopmentTrackerAgent created.
2024-05-30 16:13:08,967 - cauldron - INFO   - agent_defs.py - Creating agent: PeripheralFeedbackAgent
2024-05-30 16:13:08,968 - cauldron - INFO   - agent_defs.py - Agent PeripheralFeedbackAgent created.
2024-05-30 16:13:08,969 - cauldron - INFO   - agent_defs.py - All agents created.
