2024-06-03 21:12:35,301 - cauldron - INFO   - cauldron_app.py - __init__ - Initializing Cauldron Application
2024-06-03 21:12:36,212 - cauldron - INFO   - recipe_graph.py - fresh_graph - Creating a new recipe graph.
2024-06-03 21:12:36,212 - cauldron - INFO   - recipe_graph.py - __init__ - Initializing RecipeGraph object.
2024-06-03 21:12:36,214 - cauldron - INFO   - recipe_graph.py - fresh_mods_list - Creating a new mods list.
2024-06-03 21:12:36,214 - cauldron - INFO   - recipe_graph.py - __init__ - Initializing ModsList object.
2024-06-03 21:12:36,214 - cauldron - INFO   - recipe_graph.py - save_mods_list_to_file - Saving mods list to file.
2024-06-03 21:12:36,215 - cauldron - INFO   - agent_defs.py - create_all_agents - Creating all agents.
2024-06-03 21:12:36,216 - cauldron - INFO   - agent_defs.py - create_all_agents - Creating supervisor agent: ConductorAgent
2024-06-03 21:12:36,216 - cauldron - INFO   - agent_defs.py - create_all_agents - Agent ConductorAgent created.
2024-06-03 21:12:36,217 - cauldron - INFO   - agent_defs.py - create_all_agents - Creating supervisor agent: RecipeResearchAgent
2024-06-03 21:12:36,217 - cauldron - INFO   - agent_defs.py - create_all_agents - Agent RecipeResearchAgent created.
2024-06-03 21:12:36,218 - cauldron - INFO   - agent_defs.py - create_all_agents - Creating agent: SearchAgent
2024-06-03 21:12:36,681 - cauldron - INFO   - agent_defs.py - create_all_agents - Agent SearchAgent created.
2024-06-03 21:12:36,681 - cauldron - INFO   - agent_defs.py - create_all_agents - Creating agent: RecipeScraperAgent
2024-06-03 21:12:36,684 - cauldron - INFO   - agent_defs.py - create_all_agents - Agent RecipeScraperAgent created.
2024-06-03 21:12:36,684 - cauldron - INFO   - agent_defs.py - create_all_agents - Creating agent: ModificationsAgent
2024-06-03 21:12:36,688 - cauldron - INFO   - agent_defs.py - create_all_agents - Agent ModificationsAgent created.
2024-06-03 21:12:36,689 - cauldron - INFO   - agent_defs.py - create_all_agents - Creating agent: DevelopmentTrackerAgent
2024-06-03 21:12:36,692 - cauldron - INFO   - agent_defs.py - create_all_agents - Agent DevelopmentTrackerAgent created.
2024-06-03 21:12:36,692 - cauldron - INFO   - agent_defs.py - create_all_agents - All agents created.
2024-06-03 21:13:12,607 - cauldron - DEBUG  - agent_tools.py - get_foundational_recipe - Getting foundational recipe from recipe graph.
2024-06-03 21:13:12,608 - cauldron - INFO   - recipe_graph.py - load_graph_from_file - Loading recipe graph from file.
2024-06-03 21:13:12,610 - cauldron - DEBUG  - recipe_graph.py - get_foundational_recipe - Getting foundational recipe from recipe graph.
2024-06-03 21:13:12,610 - cauldron - DEBUG  - recipe_graph.py - get_recipe - Getting recipe from recipe graph.
2024-06-03 21:13:12,611 - cauldron - DEBUG  - recipe_graph.py - get_graph_size - Getting the number of nodes in the recipe graph.
2024-06-03 21:13:18,432 - cauldron - DEBUG  - agent_tools.py - generate_recipe - Generating JSON representation of Recipe object.
2024-06-03 21:13:18,433 - cauldron - DEBUG  - agent_tools.py - generate_recipe - Name: Gluten-Free Sandwich Bread, Ingredients: [Ingredient(name='Gluten-free all-purpose flour', quantity=2.5, unit='cups'), Ingredient(name='Instant yeast', quantity=1.5, unit='tsp'), Ingredient(name='Psyllium husk powder', quantity=1.5, unit='tbsp'), Ingredient(name='Baking powder', quantity=1.5, unit='tsp'), Ingredient(name='Salt', quantity=1.0, unit='tsp'), Ingredient(name='Warm water', quantity=1.25, unit='cups'), Ingredient(name='Eggs', quantity=2.0, unit=''), Ingredient(name='Honey', quantity=2.0, unit='tbsp'), Ingredient(name='Vegetable oil', quantity=2.5, unit='tbsp')], Instructions: ['1. In a stand mixer, combine gluten-free all-purpose flour, instant yeast, psyllium husk powder, baking powder, and salt.', '2. Add warm water, eggs, honey, and vegetable oil to the dry ingredients.', '3. Beat the batter on high speed for 5 minutes until well combined.', '4. Pour the batter into a greased loaf pan.', '5. Let the batter rise in a warm place until it reaches an internal temperature of at least 200°F.', '6. Preheat the oven to 375°F and bake the bread for 60-70 minutes or until golden brown and fully cooked.', '7. Allow the bread to cool before slicing and serving.'], Tags: None, Sources: None
2024-06-03 21:13:23,638 - cauldron - DEBUG  - agent_tools.py - create_recipe_graph - Creating recipe graph with foundational recipe.
2024-06-03 21:13:23,639 - cauldron - INFO   - recipe_graph.py - load_graph_from_file - Loading recipe graph from file.
2024-06-03 21:13:23,639 - cauldron - DEBUG  - recipe_graph.py - create_recipe_graph - Creating recipe graph with foundational recipe.
2024-06-03 21:13:23,640 - cauldron - INFO   - recipe_graph.py - save_graph_to_file - Saving recipe graph to file.
2024-06-03 21:13:25,681 - cauldron - INFO   - recipe_graph.py - load_graph_from_file - Loading recipe graph from file.
2024-06-03 21:13:25,688 - cauldron - DEBUG  - recipe_graph.py - get_foundational_recipe - Getting foundational recipe from recipe graph.
2024-06-03 21:13:25,688 - cauldron - DEBUG  - recipe_graph.py - get_recipe - Getting recipe from recipe graph.
2024-06-03 21:13:25,689 - cauldron - DEBUG  - recipe_graph.py - get_graph_size - Getting the number of nodes in the recipe graph.
2024-06-03 21:13:25,689 - cauldron - DEBUG  - recipe_graph.py - from_dict - Creating Recipe object from dictionary.
