2024-05-30 16:10:03,376 - cauldron - INFO   - cauldron_app.py - Initializing Cauldron Application
2024-05-30 16:10:04,760 - cauldron - INFO   - agent_defs.py - Creating all agents.
2024-05-30 16:10:04,761 - cauldron - INFO   - agent_defs.py - Creating supervisor agent: ConductorAgent
2024-05-30 16:10:04,762 - cauldron - INFO   - agent_defs.py - Agent ConductorAgent created.
2024-05-30 16:10:04,763 - cauldron - INFO   - agent_defs.py - Creating supervisor agent: RecipeResearchAgent
2024-05-30 16:10:04,763 - cauldron - INFO   - agent_defs.py - Agent RecipeResearchAgent created.
2024-05-30 16:10:04,768 - cauldron - INFO   - agent_defs.py - Creating agent: FlavorProfileAgent
2024-05-30 16:10:05,314 - cauldron - INFO   - agent_defs.py - Agent FlavorProfileAgent created.
2024-05-30 16:10:05,315 - cauldron - INFO   - agent_defs.py - Creating agent: NutrionalAnalysisAgent
2024-05-30 16:10:05,316 - cauldron - INFO   - agent_defs.py - Agent NutrionalAnalysisAgent created.
2024-05-30 16:10:05,316 - cauldron - INFO   - agent_defs.py - Creating agent: CostAvailabilityAgent
2024-05-30 16:10:05,318 - cauldron - INFO   - agent_defs.py - Agent CostAvailabilityAgent created.
2024-05-30 16:10:05,318 - cauldron - INFO   - agent_defs.py - Creating agent: FeedbackAgent
2024-05-30 16:10:05,319 - cauldron - INFO   - agent_defs.py - Agent FeedbackAgent created.
2024-05-30 16:10:05,320 - cauldron - INFO   - agent_defs.py - Creating agent: SQLAgent
2024-05-30 16:10:05,321 - cauldron - INFO   - agent_defs.py - Agent SQLAgent created.
2024-05-30 16:10:05,321 - cauldron - INFO   - agent_defs.py - Creating agent: ModificationsAgent
2024-05-30 16:10:05,328 - cauldron - INFO   - agent_defs.py - Agent ModificationsAgent created.
2024-05-30 16:10:05,329 - cauldron - INFO   - agent_defs.py - Creating agent: DevelopmentTrackerAgent
2024-05-30 16:10:05,331 - cauldron - INFO   - agent_defs.py - Agent DevelopmentTrackerAgent created.
2024-05-30 16:10:05,332 - cauldron - INFO   - agent_defs.py - Creating agent: PeripheralFeedbackAgent
2024-05-30 16:10:05,333 - cauldron - INFO   - agent_defs.py - Agent PeripheralFeedbackAgent created.
2024-05-30 16:10:05,333 - cauldron - INFO   - agent_defs.py - All agents created.
