2024-06-04 12:17:40,919 - cauldron - INFO   - cauldron_app.py - __init__ - Initializing Cauldron Application
2024-06-04 12:17:41,954 - cauldron - INFO   - recipe_graph.py - fresh_graph - Creating a new recipe graph.
2024-06-04 12:17:41,955 - cauldron - INFO   - recipe_graph.py - __init__ - Initializing RecipeGraph object.
2024-06-04 12:17:41,955 - cauldron - INFO   - recipe_graph.py - fresh_mods_list - Creating a new mods list.
2024-06-04 12:17:41,956 - cauldron - INFO   - recipe_graph.py - __init__ - Initializing ModsList object.
2024-06-04 12:17:41,956 - cauldron - INFO   - recipe_graph.py - save_mods_list_to_file - Saving mods list to file.
2024-06-04 12:17:41,957 - cauldron - INFO   - agent_defs.py - create_all_agents - Creating all agents.
2024-06-04 12:17:41,957 - cauldron - INFO   - agent_defs.py - create_all_agents - Creating agent: SummaryAgent
2024-06-04 12:17:42,442 - cauldron - INFO   - agent_defs.py - create_all_agents - Agent SummaryAgent created.
2024-06-04 12:17:42,442 - cauldron - INFO   - agent_defs.py - create_all_agents - Creating supervisor agent: CauldronRouter
2024-06-04 12:17:42,443 - cauldron - INFO   - agent_defs.py - create_all_agents - Agent CauldronRouter created.
2024-06-04 12:17:42,443 - cauldron - INFO   - agent_defs.py - create_all_agents - Creating supervisor agent: RecipeResearchAgent
2024-06-04 12:17:42,444 - cauldron - INFO   - agent_defs.py - create_all_agents - Agent RecipeResearchAgent created.
2024-06-04 12:17:42,444 - cauldron - INFO   - agent_defs.py - create_all_agents - Creating agent: SearchAgent
2024-06-04 12:17:42,446 - cauldron - INFO   - agent_defs.py - create_all_agents - Agent SearchAgent created.
2024-06-04 12:17:42,446 - cauldron - INFO   - agent_defs.py - create_all_agents - Creating agent: RecipeScraperAgent
2024-06-04 12:17:42,448 - cauldron - INFO   - agent_defs.py - create_all_agents - Agent RecipeScraperAgent created.
2024-06-04 12:17:42,448 - cauldron - INFO   - agent_defs.py - create_all_agents - Creating agent: ModificationsAgent
2024-06-04 12:17:42,453 - cauldron - INFO   - agent_defs.py - create_all_agents - Agent ModificationsAgent created.
2024-06-04 12:17:42,454 - cauldron - INFO   - agent_defs.py - create_all_agents - Creating agent: DevelopmentTrackerAgent
2024-06-04 12:17:42,456 - cauldron - INFO   - agent_defs.py - create_all_agents - Agent DevelopmentTrackerAgent created.
2024-06-04 12:17:42,457 - cauldron - INFO   - agent_defs.py - create_all_agents - All agents created.
2024-06-04 12:18:01,901 - cauldron - ERROR  - agent_tools.py - get_recipe_info - Failed to get name: argument of type 'NoneType' is not iterable
2024-06-04 12:18:16,138 - cauldron - DEBUG  - agent_tools.py - get_graph - Getting recipe graph.
2024-06-04 12:18:16,139 - cauldron - INFO   - recipe_graph.py - load_graph_from_file - Loading recipe graph from file.
2024-06-04 12:18:16,144 - cauldron - DEBUG  - recipe_graph.py - get_graph - Getting recipe graph.
2024-06-04 12:18:17,054 - cauldron - DEBUG  - agent_tools.py - get_foundational_recipe - Getting foundational recipe from recipe graph.
2024-06-04 12:18:17,055 - cauldron - INFO   - recipe_graph.py - load_graph_from_file - Loading recipe graph from file.
2024-06-04 12:18:17,055 - cauldron - DEBUG  - recipe_graph.py - get_foundational_recipe - Getting foundational recipe from recipe graph.
2024-06-04 12:18:17,056 - cauldron - DEBUG  - recipe_graph.py - get_recipe - Getting recipe from recipe graph.
2024-06-04 12:18:17,056 - cauldron - DEBUG  - recipe_graph.py - get_graph_size - Getting the number of nodes in the recipe graph.
2024-06-04 12:18:19,113 - cauldron - DEBUG  - agent_tools.py - generate_recipe - Generating JSON representation of Recipe object.
2024-06-04 12:18:19,114 - cauldron - DEBUG  - agent_tools.py - generate_recipe - Name: Potato Gnocchi, Ingredients: [Ingredient(name='potatoes', quantity=500.0, unit='g'), Ingredient(name='all-purpose flour', quantity=125.0, unit='g'), Ingredient(name='beaten egg', quantity=2.0, unit='Tbsp')], Instructions: ['Boil, peel, and rice the potatoes.', 'Mix potatoes, flour, and egg to form a dough.', 'Shape the gnocchi and cook in salted water.', 'Serve with sauce and cheese.'], Tags: None, Sources: None
2024-06-04 12:18:22,068 - cauldron - DEBUG  - agent_tools.py - create_recipe_graph - Creating recipe graph with foundational recipe.
2024-06-04 12:18:22,068 - cauldron - INFO   - recipe_graph.py - load_graph_from_file - Loading recipe graph from file.
2024-06-04 12:18:22,070 - cauldron - DEBUG  - recipe_graph.py - create_recipe_graph - Creating recipe graph with foundational recipe.
2024-06-04 12:18:22,070 - cauldron - INFO   - recipe_graph.py - save_graph_to_file - Saving recipe graph to file.
2024-06-04 12:18:33,690 - cauldron - INFO   - recipe_graph.py - load_graph_from_file - Loading recipe graph from file.
2024-06-04 12:18:33,695 - cauldron - DEBUG  - recipe_graph.py - get_foundational_recipe - Getting foundational recipe from recipe graph.
2024-06-04 12:18:33,696 - cauldron - DEBUG  - recipe_graph.py - get_recipe - Getting recipe from recipe graph.
2024-06-04 12:18:33,696 - cauldron - DEBUG  - recipe_graph.py - get_graph_size - Getting the number of nodes in the recipe graph.
2024-06-04 12:18:33,697 - cauldron - DEBUG  - recipe_graph.py - from_dict - Creating Recipe object from dictionary.
2024-06-04 12:18:43,618 - cauldron - DEBUG  - agent_tools.py - generate_mod - Generating JSON representation of RecipeModification object.
2024-06-04 12:18:45,164 - cauldron - DEBUG  - agent_tools.py - suggest_mod - Suggesting modification to mods list.
