2024-05-30 14:28:28,361 - cauldron - INFO   - cauldron_app.py - Initializing Cauldron Application
2024-05-30 14:28:29,672 - cauldron - INFO   - agent_defs.py - Creating all agents.
2024-05-30 14:28:29,673 - cauldron - INFO   - agent_defs.py - Creating supervisor agent: ConductorAgent
2024-05-30 14:28:29,674 - cauldron - INFO   - agent_defs.py - Agent ConductorAgent created.
2024-05-30 14:28:29,674 - cauldron - INFO   - agent_defs.py - Creating supervisor agent: RecipeResearchAgent
2024-05-30 14:28:29,675 - cauldron - INFO   - agent_defs.py - Agent RecipeResearchAgent created.
2024-05-30 14:28:29,676 - cauldron - INFO   - agent_defs.py - Creating agent: FlavorProfileAgent
2024-05-30 14:28:30,174 - cauldron - INFO   - agent_defs.py - Agent FlavorProfileAgent created.
2024-05-30 14:28:30,174 - cauldron - INFO   - agent_defs.py - Creating agent: NutrionalAnalysisAgent
2024-05-30 14:28:30,175 - cauldron - INFO   - agent_defs.py - Agent NutrionalAnalysisAgent created.
2024-05-30 14:28:30,176 - cauldron - INFO   - agent_defs.py - Creating agent: CostAvailabilityAgent
2024-05-30 14:28:30,177 - cauldron - INFO   - agent_defs.py - Agent CostAvailabilityAgent created.
2024-05-30 14:28:30,177 - cauldron - INFO   - agent_defs.py - Creating agent: FeedbackAgent
2024-05-30 14:28:30,178 - cauldron - INFO   - agent_defs.py - Agent FeedbackAgent created.
2024-05-30 14:28:30,179 - cauldron - INFO   - agent_defs.py - Creating agent: SQLAgent
2024-05-30 14:28:30,180 - cauldron - INFO   - agent_defs.py - Agent SQLAgent created.
2024-05-30 14:28:30,180 - cauldron - INFO   - agent_defs.py - Creating agent: ModificationsAgent
2024-05-30 14:28:30,184 - cauldron - INFO   - agent_defs.py - Agent ModificationsAgent created.
2024-05-30 14:28:30,185 - cauldron - INFO   - agent_defs.py - Creating agent: DevelopmentTrackerAgent
2024-05-30 14:28:30,187 - cauldron - INFO   - agent_defs.py - Agent DevelopmentTrackerAgent created.
2024-05-30 14:28:30,188 - cauldron - INFO   - agent_defs.py - Creating agent: PeripheralFeedbackAgent
2024-05-30 14:28:30,188 - cauldron - INFO   - agent_defs.py - Agent PeripheralFeedbackAgent created.
2024-05-30 14:28:30,188 - cauldron - INFO   - agent_defs.py - All agents created.
