2024-05-30 13:18:17,832 - cauldron - INFO   - cauldron_app.py - Initializing Cauldron Application
2024-05-30 13:18:19,046 - cauldron - INFO   - agent_defs.py - Creating all agents.
2024-05-30 13:18:19,047 - cauldron - INFO   - agent_defs.py - Creating supervisor agent: ConductorAgent
2024-05-30 13:18:19,048 - cauldron - INFO   - agent_defs.py - Agent ConductorAgent created.
2024-05-30 13:18:19,048 - cauldron - INFO   - agent_defs.py - Creating supervisor agent: RecipeResearchAgent
2024-05-30 13:18:19,049 - cauldron - INFO   - agent_defs.py - Agent RecipeResearchAgent created.
2024-05-30 13:18:19,049 - cauldron - INFO   - agent_defs.py - Creating agent: FlavorProfileAgent
2024-05-30 13:18:19,520 - cauldron - INFO   - agent_defs.py - Agent FlavorProfileAgent created.
2024-05-30 13:18:19,521 - cauldron - INFO   - agent_defs.py - Creating agent: NutrionalAnalysisAgent
2024-05-30 13:18:19,522 - cauldron - INFO   - agent_defs.py - Agent NutrionalAnalysisAgent created.
2024-05-30 13:18:19,522 - cauldron - INFO   - agent_defs.py - Creating agent: CostAvailabilityAgent
2024-05-30 13:18:19,523 - cauldron - INFO   - agent_defs.py - Agent CostAvailabilityAgent created.
2024-05-30 13:18:19,524 - cauldron - INFO   - agent_defs.py - Creating agent: FeedbackAgent
2024-05-30 13:18:19,525 - cauldron - INFO   - agent_defs.py - Agent FeedbackAgent created.
2024-05-30 13:18:19,525 - cauldron - INFO   - agent_defs.py - Creating agent: SQLAgent
2024-05-30 13:18:19,526 - cauldron - INFO   - agent_defs.py - Agent SQLAgent created.
2024-05-30 13:18:19,527 - cauldron - INFO   - agent_defs.py - Creating agent: ModificationsAgent
2024-05-30 13:18:19,530 - cauldron - INFO   - agent_defs.py - Agent ModificationsAgent created.
2024-05-30 13:18:19,530 - cauldron - INFO   - agent_defs.py - Creating agent: DevelopmentTrackerAgent
2024-05-30 13:18:19,532 - cauldron - INFO   - agent_defs.py - Agent DevelopmentTrackerAgent created.
2024-05-30 13:18:19,533 - cauldron - INFO   - agent_defs.py - Creating agent: PeripheralFeedbackAgent
2024-05-30 13:18:19,535 - cauldron - INFO   - agent_defs.py - Agent PeripheralFeedbackAgent created.
2024-05-30 13:18:19,535 - cauldron - INFO   - agent_defs.py - All agents created.
