2024-06-03 20:58:46,281 - cauldron - INFO   - cauldron_app.py - __init__ - Initializing Cauldron Application
2024-06-03 20:58:47,285 - cauldron - INFO   - recipe_graph.py - fresh_graph - Creating a new recipe graph.
2024-06-03 20:58:47,285 - cauldron - INFO   - recipe_graph.py - __init__ - Initializing RecipeGraph object.
2024-06-03 20:58:47,286 - cauldron - INFO   - recipe_graph.py - fresh_mods_list - Creating a new mods list.
2024-06-03 20:58:47,286 - cauldron - INFO   - recipe_graph.py - __init__ - Initializing ModsList object.
2024-06-03 20:58:47,287 - cauldron - INFO   - recipe_graph.py - save_mods_list_to_file - Saving mods list to file.
2024-06-03 20:58:47,288 - cauldron - INFO   - agent_defs.py - create_all_agents - Creating all agents.
2024-06-03 20:58:47,288 - cauldron - INFO   - agent_defs.py - create_all_agents - Creating supervisor agent: ConductorAgent
2024-06-03 20:58:47,289 - cauldron - INFO   - agent_defs.py - create_all_agents - Agent ConductorAgent created.
2024-06-03 20:58:47,289 - cauldron - INFO   - agent_defs.py - create_all_agents - Creating supervisor agent: RecipeResearchAgent
2024-06-03 20:58:47,290 - cauldron - INFO   - agent_defs.py - create_all_agents - Agent RecipeResearchAgent created.
2024-06-03 20:58:47,290 - cauldron - INFO   - agent_defs.py - create_all_agents - Creating agent: SearchAgent
2024-06-03 20:58:47,763 - cauldron - INFO   - agent_defs.py - create_all_agents - Agent SearchAgent created.
2024-06-03 20:58:47,763 - cauldron - INFO   - agent_defs.py - create_all_agents - Creating agent: RecipeScraperAgent
2024-06-03 20:58:47,766 - cauldron - INFO   - agent_defs.py - create_all_agents - Agent RecipeScraperAgent created.
2024-06-03 20:58:47,766 - cauldron - INFO   - agent_defs.py - create_all_agents - Creating agent: ModificationsAgent
2024-06-03 20:58:47,771 - cauldron - INFO   - agent_defs.py - create_all_agents - Agent ModificationsAgent created.
2024-06-03 20:58:47,772 - cauldron - INFO   - agent_defs.py - create_all_agents - Creating agent: DevelopmentTrackerAgent
2024-06-03 20:58:47,774 - cauldron - INFO   - agent_defs.py - create_all_agents - Agent DevelopmentTrackerAgent created.
2024-06-03 20:58:47,774 - cauldron - INFO   - agent_defs.py - create_all_agents - All agents created.
2024-06-03 20:59:26,956 - cauldron - DEBUG  - agent_tools.py - get_foundational_recipe - Getting foundational recipe from recipe graph.
2024-06-03 20:59:26,956 - cauldron - INFO   - recipe_graph.py - load_graph_from_file - Loading recipe graph from file.
2024-06-03 20:59:26,958 - cauldron - DEBUG  - recipe_graph.py - get_foundational_recipe - Getting foundational recipe from recipe graph.
2024-06-03 20:59:26,959 - cauldron - DEBUG  - recipe_graph.py - get_recipe - Getting recipe from recipe graph.
2024-06-03 20:59:26,959 - cauldron - DEBUG  - recipe_graph.py - get_graph_size - Getting the number of nodes in the recipe graph.
2024-06-03 20:59:30,742 - cauldron - DEBUG  - agent_tools.py - generate_recipe - Generating JSON representation of Recipe object.
2024-06-03 20:59:30,743 - cauldron - DEBUG  - agent_tools.py - generate_recipe - Name: Gluten-Free Sandwich Bread, Ingredients: [Ingredient(name='Gluten-Free All-Purpose Flour', quantity=3.0, unit='cups'), Ingredient(name='Granulated Sugar', quantity=3.0, unit='tablespoons'), Ingredient(name='Instant Yeast', quantity=2.0, unit='teaspoons'), Ingredient(name='Table Salt', quantity=1.25, unit='teaspoons'), Ingredient(name='Xanthan Gum', quantity=1.25, unit='teaspoons'), Ingredient(name='Warm Milk', quantity=1.0, unit='cup'), Ingredient(name='Butter', quantity=4.0, unit='tablespoons'), Ingredient(name='Eggs', quantity=3.0, unit='large')], Instructions: ['Mix dry ingredients in a bowl.', 'Add warm milk, softened butter, and eggs to the dry ingredients.', 'Beat the mixture until smooth and well combined.', 'Let the batter rise until it doubles in size.', 'Scoop the batter into a loaf pan and let it rise again until it crowns above the rim of the pan.', 'Bake in a preheated oven until golden brown.'], Tags: None, Sources: None
2024-06-03 20:59:35,156 - cauldron - DEBUG  - agent_tools.py - create_recipe_graph - Creating recipe graph with foundational recipe.
2024-06-03 20:59:35,157 - cauldron - INFO   - recipe_graph.py - load_graph_from_file - Loading recipe graph from file.
2024-06-03 20:59:35,158 - cauldron - DEBUG  - recipe_graph.py - create_recipe_graph - Creating recipe graph with foundational recipe.
2024-06-03 20:59:35,158 - cauldron - INFO   - recipe_graph.py - save_graph_to_file - Saving recipe graph to file.
2024-06-03 20:59:38,086 - cauldron - DEBUG  - agent_tools.py - get_mods_list - Getting mods list.
2024-06-03 20:59:38,087 - cauldron - INFO   - recipe_graph.py - load_mods_list_from_file - Loading mods list from file.
2024-06-03 20:59:38,092 - cauldron - DEBUG  - recipe_graph.py - get_mods_list - Getting mods list.
2024-06-03 20:59:41,515 - cauldron - INFO   - recipe_graph.py - load_graph_from_file - Loading recipe graph from file.
2024-06-03 20:59:41,524 - cauldron - DEBUG  - recipe_graph.py - get_foundational_recipe - Getting foundational recipe from recipe graph.
2024-06-03 20:59:41,525 - cauldron - DEBUG  - recipe_graph.py - get_recipe - Getting recipe from recipe graph.
2024-06-03 20:59:41,526 - cauldron - DEBUG  - recipe_graph.py - get_graph_size - Getting the number of nodes in the recipe graph.
