2024-05-30 15:48:09,573 - cauldron - INFO   - cauldron_app.py - Initializing Cauldron Application
2024-05-30 15:48:10,893 - cauldron - INFO   - agent_defs.py - Creating all agents.
2024-05-30 15:48:10,894 - cauldron - INFO   - agent_defs.py - Creating supervisor agent: ConductorAgent
2024-05-30 15:48:10,895 - cauldron - INFO   - agent_defs.py - Agent ConductorAgent created.
2024-05-30 15:48:10,895 - cauldron - INFO   - agent_defs.py - Creating supervisor agent: RecipeResearchAgent
2024-05-30 15:48:10,896 - cauldron - INFO   - agent_defs.py - Agent RecipeResearchAgent created.
2024-05-30 15:48:10,896 - cauldron - INFO   - agent_defs.py - Creating agent: FlavorProfileAgent
2024-05-30 15:48:11,400 - cauldron - INFO   - agent_defs.py - Agent FlavorProfileAgent created.
2024-05-30 15:48:11,400 - cauldron - INFO   - agent_defs.py - Creating agent: NutrionalAnalysisAgent
2024-05-30 15:48:11,402 - cauldron - INFO   - agent_defs.py - Agent NutrionalAnalysisAgent created.
2024-05-30 15:48:11,402 - cauldron - INFO   - agent_defs.py - Creating agent: CostAvailabilityAgent
2024-05-30 15:48:11,403 - cauldron - INFO   - agent_defs.py - Agent CostAvailabilityAgent created.
2024-05-30 15:48:11,403 - cauldron - INFO   - agent_defs.py - Creating agent: FeedbackAgent
2024-05-30 15:48:11,404 - cauldron - INFO   - agent_defs.py - Agent FeedbackAgent created.
2024-05-30 15:48:11,404 - cauldron - INFO   - agent_defs.py - Creating agent: SQLAgent
2024-05-30 15:48:11,405 - cauldron - INFO   - agent_defs.py - Agent SQLAgent created.
2024-05-30 15:48:11,406 - cauldron - INFO   - agent_defs.py - Creating agent: ModificationsAgent
2024-05-30 15:48:11,411 - cauldron - INFO   - agent_defs.py - Agent ModificationsAgent created.
2024-05-30 15:48:11,412 - cauldron - INFO   - agent_defs.py - Creating agent: DevelopmentTrackerAgent
2024-05-30 15:48:11,414 - cauldron - INFO   - agent_defs.py - Agent DevelopmentTrackerAgent created.
2024-05-30 15:48:11,414 - cauldron - INFO   - agent_defs.py - Creating agent: PeripheralFeedbackAgent
2024-05-30 15:48:11,415 - cauldron - INFO   - agent_defs.py - Agent PeripheralFeedbackAgent created.
2024-05-30 15:48:11,416 - cauldron - INFO   - agent_defs.py - All agents created.
