2024-06-05 12:55:01,642 - cauldron - INFO   - cauldron_app.py - __init__ - Initializing Cauldron Application
2024-06-05 12:55:03,345 - cauldron - INFO   - recipe_graph.py - fresh_graph - Creating a new recipe graph.
2024-06-05 12:55:03,345 - cauldron - DEBUG  - recipe_graph.py - fresh_graph - Filename: recipe_graph.pkl
2024-06-05 12:55:03,346 - cauldron - INFO   - recipe_graph.py - __init__ - Initializing RecipeGraph object.
2024-06-05 12:55:03,347 - cauldron - INFO   - recipe_graph.py - fresh_mods_list - Creating a new mods list.
2024-06-05 12:55:03,347 - cauldron - INFO   - recipe_graph.py - __init__ - Initializing ModsList object.
2024-06-05 12:55:03,348 - cauldron - INFO   - recipe_graph.py - save_mods_list_to_file - Saving mods list to file.
2024-06-05 12:55:03,349 - cauldron - INFO   - agent_defs.py - create_all_agents - Creating all agents.
2024-06-05 12:55:03,350 - cauldron - INFO   - agent_defs.py - create_all_agents - Creating agent: SummaryAgent
2024-06-05 12:55:04,212 - cauldron - INFO   - agent_defs.py - create_all_agents - Agent SummaryAgent created.
2024-06-05 12:55:04,212 - cauldron - INFO   - agent_defs.py - create_all_agents - Creating supervisor agent: CauldronRouter
2024-06-05 12:55:04,213 - cauldron - INFO   - agent_defs.py - create_all_agents - Agent CauldronRouter created.
2024-06-05 12:55:04,213 - cauldron - INFO   - agent_defs.py - create_all_agents - Creating supervisor agent: RecipeResearchAgent
2024-06-05 12:55:04,214 - cauldron - INFO   - agent_defs.py - create_all_agents - Agent RecipeResearchAgent created.
2024-06-05 12:55:04,214 - cauldron - INFO   - agent_defs.py - create_all_agents - Creating agent: SearchAgent
2024-06-05 12:55:04,216 - cauldron - INFO   - agent_defs.py - create_all_agents - Agent SearchAgent created.
2024-06-05 12:55:04,217 - cauldron - INFO   - agent_defs.py - create_all_agents - Creating agent: RecipeScraperAgent
2024-06-05 12:55:04,221 - cauldron - INFO   - agent_defs.py - create_all_agents - Agent RecipeScraperAgent created.
2024-06-05 12:55:04,222 - cauldron - INFO   - agent_defs.py - create_all_agents - Creating agent: ModificationsAgent
2024-06-05 12:55:04,229 - cauldron - INFO   - agent_defs.py - create_all_agents - Agent ModificationsAgent created.
2024-06-05 12:55:04,229 - cauldron - INFO   - agent_defs.py - create_all_agents - Creating agent: DevelopmentTrackerAgent
2024-06-05 12:55:04,233 - cauldron - INFO   - agent_defs.py - create_all_agents - Agent DevelopmentTrackerAgent created.
2024-06-05 12:55:04,234 - cauldron - INFO   - agent_defs.py - create_all_agents - All agents created.
2024-06-05 12:55:43,276 - cauldron - DEBUG  - agent_tools.py - generate_recipe - Generating JSON representation of Recipe object.
2024-06-05 12:55:43,277 - cauldron - DEBUG  - agent_tools.py - generate_recipe - Name: Ultimate Chocolate Chip Cookies, Ingredients: [Ingredient(name='all-purpose flour', quantity=2.25, unit='cups'), Ingredient(name='baking soda', quantity=1.0, unit='teaspoon'), Ingredient(name='salt', quantity=0.5, unit='teaspoon'), Ingredient(name='butter', quantity=1.0, unit='cup'), Ingredient(name='granulated sugar', quantity=0.75, unit='cup'), Ingredient(name='brown sugar', quantity=0.75, unit='cup'), Ingredient(name='egg', quantity=1.0, unit=''), Ingredient(name='vanilla', quantity=1.0, unit='teaspoon'), Ingredient(name='semisweet chocolate chips', quantity=2.0, unit='cups'), Ingredient(name='nuts', quantity=1.0, unit='cup')], Instructions: ['Follow the detailed instructions provided in the recipe.'], Tags: None, Sources: ['https://www.bettycrocker.com/recipes/ultimate-chocolate-chip-cookies/77c14e03-d8b0-4844-846d-f19304f61c57']
2024-06-05 12:55:47,409 - cauldron - DEBUG  - agent_tools.py - create_recipe_graph - Creating recipe graph with foundational recipe.
2024-06-05 12:55:47,410 - cauldron - INFO   - recipe_graph.py - load_graph_from_file - Loading recipe graph from file.
2024-06-05 12:55:47,412 - cauldron - DEBUG  - recipe_graph.py - create_recipe_graph - Creating recipe graph with foundational recipe.
2024-06-05 12:55:47,413 - cauldron - INFO   - recipe_graph.py - save_graph_to_file - Saving recipe graph to file.
2024-06-05 12:55:54,519 - cauldron - INFO   - recipe_graph.py - load_graph_from_file - Loading recipe graph from file.
2024-06-05 12:55:54,532 - cauldron - DEBUG  - recipe_graph.py - get_foundational_recipe - Getting foundational recipe from recipe graph.
2024-06-05 12:55:54,533 - cauldron - DEBUG  - recipe_graph.py - get_recipe - Getting recipe from recipe graph.
2024-06-05 12:55:54,534 - cauldron - DEBUG  - recipe_graph.py - get_graph_size - Getting the number of nodes in the recipe graph.
2024-06-05 12:55:54,535 - cauldron - DEBUG  - recipe_graph.py - from_json - Creating Recipe object from JSON string.
