2024-06-04 12:22:46,411 - cauldron - INFO   - cauldron_app.py - __init__ - Initializing Cauldron Application
2024-06-04 12:22:47,340 - cauldron - INFO   - recipe_graph.py - fresh_graph - Creating a new recipe graph.
2024-06-04 12:22:47,341 - cauldron - INFO   - recipe_graph.py - __init__ - Initializing RecipeGraph object.
2024-06-04 12:22:47,341 - cauldron - INFO   - recipe_graph.py - fresh_mods_list - Creating a new mods list.
2024-06-04 12:22:47,342 - cauldron - INFO   - recipe_graph.py - __init__ - Initializing ModsList object.
2024-06-04 12:22:47,342 - cauldron - INFO   - recipe_graph.py - save_mods_list_to_file - Saving mods list to file.
2024-06-04 12:22:47,343 - cauldron - INFO   - agent_defs.py - create_all_agents - Creating all agents.
2024-06-04 12:22:47,344 - cauldron - INFO   - agent_defs.py - create_all_agents - Creating agent: SummaryAgent
2024-06-04 12:22:47,873 - cauldron - INFO   - agent_defs.py - create_all_agents - Agent SummaryAgent created.
2024-06-04 12:22:47,873 - cauldron - INFO   - agent_defs.py - create_all_agents - Creating supervisor agent: CauldronRouter
2024-06-04 12:22:47,874 - cauldron - INFO   - agent_defs.py - create_all_agents - Agent CauldronRouter created.
2024-06-04 12:22:47,874 - cauldron - INFO   - agent_defs.py - create_all_agents - Creating supervisor agent: RecipeResearchAgent
2024-06-04 12:22:47,875 - cauldron - INFO   - agent_defs.py - create_all_agents - Agent RecipeResearchAgent created.
2024-06-04 12:22:47,875 - cauldron - INFO   - agent_defs.py - create_all_agents - Creating agent: SearchAgent
2024-06-04 12:22:47,876 - cauldron - INFO   - agent_defs.py - create_all_agents - Agent SearchAgent created.
2024-06-04 12:22:47,877 - cauldron - INFO   - agent_defs.py - create_all_agents - Creating agent: RecipeScraperAgent
2024-06-04 12:22:47,879 - cauldron - INFO   - agent_defs.py - create_all_agents - Agent RecipeScraperAgent created.
2024-06-04 12:22:47,879 - cauldron - INFO   - agent_defs.py - create_all_agents - Creating agent: ModificationsAgent
2024-06-04 12:22:47,883 - cauldron - INFO   - agent_defs.py - create_all_agents - Agent ModificationsAgent created.
2024-06-04 12:22:47,884 - cauldron - INFO   - agent_defs.py - create_all_agents - Creating agent: DevelopmentTrackerAgent
2024-06-04 12:22:47,888 - cauldron - INFO   - agent_defs.py - create_all_agents - Agent DevelopmentTrackerAgent created.
2024-06-04 12:22:47,889 - cauldron - INFO   - agent_defs.py - create_all_agents - All agents created.
2024-06-04 12:23:11,388 - cauldron - ERROR  - agent_tools.py - get_recipe_info - Failed to get name: argument of type 'NoneType' is not iterable
2024-06-04 12:23:33,877 - cauldron - DEBUG  - agent_tools.py - generate_recipe - Generating JSON representation of Recipe object.
2024-06-04 12:23:33,878 - cauldron - DEBUG  - agent_tools.py - generate_recipe - Name: Gnocchi, Ingredients: [Ingredient(name='russet potatoes', quantity=3.0, unit='medium'), Ingredient(name='all-purpose flour', quantity=1.5, unit='cups'), Ingredient(name='egg', quantity=1.0, unit='large'), Ingredient(name='kosher salt', quantity=1.0, unit='teaspoon')], Instructions: ['Gather the ingredients.', 'Boil and peel potatoes, mash or rice.', 'Mix with flour, egg, and salt to form dough.', 'Shape gnocchi and cook in boiling water.', 'Serve with desired sauce.'], Tags: ['Italian', 'Potato', 'Homemade'], Sources: ['https://www.allrecipes.com/recipe/18465/gnocchi-i/']
2024-06-04 12:23:33,885 - cauldron - DEBUG  - agent_tools.py - generate_recipe - Generating JSON representation of Recipe object.
2024-06-04 12:23:33,886 - cauldron - DEBUG  - agent_tools.py - generate_recipe - Name: Homemade Potato Gnocchi, Ingredients: [Ingredient(name='potatoes', quantity=1.0, unit='pound'), Ingredient(name='flour', quantity=1.0, unit='cup'), Ingredient(name='egg', quantity=1.0, unit='medium'), Ingredient(name='olive oil', quantity=2.0, unit='tablespoons'), Ingredient(name='salt', quantity=0.5, unit='teaspoon')], Instructions: ['Boil and rice potatoes.', 'Mix flour, salt, potatoes, and egg to form dough.', 'Shape gnocchi and let rest.', 'Prepare tomato sauce with garlic, herbs, and tomatoes.', 'Cook gnocchi, combine with sauce, and serve with cheese.'], Tags: ['Italian', 'Potato', 'Tomato Sauce'], Sources: ['https://anitalianinmykitchen.com/gnocchi/']
2024-06-04 12:23:33,896 - cauldron - DEBUG  - agent_tools.py - generate_recipe - Generating JSON representation of Recipe object.
2024-06-04 12:23:33,897 - cauldron - DEBUG  - agent_tools.py - generate_recipe - Name: Potato Gnocchi (Authentic Italian Recipe), Ingredients: [Ingredient(name='Russet potatoes', quantity=500.0, unit='grams'), Ingredient(name='all-purpose flour', quantity=125.0, unit='grams'), Ingredient(name='egg', quantity=2.0, unit='tablespoons')], Instructions: ['Boil, peel, and rice potatoes.', 'Mix potatoes, flour, and egg to form dough.', 'Shape gnocchi with ridges.', 'Boil gnocchi in salted water.', 'Serve with desired sauce and cheese.'], Tags: ['Italian', 'Potato', 'Authentic'], Sources: ['https://www.christinascucina.com/potato-gnocchi-authentic-italian-recipe/']
2024-06-04 12:23:33,909 - cauldron - DEBUG  - agent_tools.py - generate_recipe - Generating JSON representation of Recipe object.
2024-06-04 12:23:33,910 - cauldron - DEBUG  - agent_tools.py - generate_recipe - Name: Creamy Tuscan Gnocchi, Ingredients: [Ingredient(name='olive oil', quantity=1.0, unit='tablespoon'), Ingredient(name='sun-dried tomatoes', quantity=4.0, unit='oz'), Ingredient(name='potato gnocchi', quantity=16.0, unit='oz'), Ingredient(name='garlic', quantity=5.0, unit='cloves'), Ingredient(name='Italian seasoning', quantity=1.0, unit='teaspoon'), Ingredient(name='paprika', quantity=0.5, unit='teaspoon'), Ingredient(name='salt', quantity=0.25, unit='teaspoon'), Ingredient(name='chicken broth', quantity=0.5, unit='cup'), Ingredient(name='heavy cream', quantity=1.0, unit='cup'), Ingredient(name='spinach', quantity=5.0, unit='oz'), Ingredient(name='artichoke hearts', quantity=7.0, unit='oz'), Ingredient(name='red pepper flakes', quantity=0.25, unit='teaspoon'), Ingredient(name='fresh thyme leaves', quantity=1.0, unit='teaspoon')], Instructions: ['Cook tomatoes, gnocchi, garlic, and seasonings in oil.', 'Add broth and cream, simmer.', 'Add spinach and artichokes, cook until wilted.', 'Season to taste, top with thyme, and serve.'], Tags: ['Creamy', 'Tuscan', 'Quick'], Sources: ['https://juliasalbum.com/creamy-gnocchi/']
2024-06-04 12:23:44,049 - cauldron - DEBUG  - agent_tools.py - get_graph - Getting recipe graph.
2024-06-04 12:23:44,049 - cauldron - INFO   - recipe_graph.py - load_graph_from_file - Loading recipe graph from file.
2024-06-04 12:23:44,051 - cauldron - DEBUG  - recipe_graph.py - get_graph - Getting recipe graph.
2024-06-04 12:23:44,766 - cauldron - DEBUG  - agent_tools.py - get_foundational_recipe - Getting foundational recipe from recipe graph.
2024-06-04 12:23:44,767 - cauldron - INFO   - recipe_graph.py - load_graph_from_file - Loading recipe graph from file.
2024-06-04 12:23:44,768 - cauldron - DEBUG  - recipe_graph.py - get_foundational_recipe - Getting foundational recipe from recipe graph.
2024-06-04 12:23:44,769 - cauldron - DEBUG  - recipe_graph.py - get_recipe - Getting recipe from recipe graph.
2024-06-04 12:23:44,770 - cauldron - DEBUG  - recipe_graph.py - get_graph_size - Getting the number of nodes in the recipe graph.
2024-06-04 12:23:48,495 - cauldron - DEBUG  - agent_tools.py - generate_recipe - Generating JSON representation of Recipe object.
2024-06-04 12:23:48,496 - cauldron - DEBUG  - agent_tools.py - generate_recipe - Name: Gnocchi, Ingredients: [Ingredient(name='potatoes', quantity=4.0, unit='medium'), Ingredient(name='all-purpose flour', quantity=1.5, unit='cups'), Ingredient(name='egg', quantity=1.0, unit=''), Ingredient(name='kosher salt', quantity=1.0, unit='teaspoon')], Instructions: ['1. Boil the potatoes until tender, then peel and mash them.', '2. In a large bowl, combine the mashed potatoes with flour, egg, and salt.', '3. Mix until a dough forms, then divide the dough and roll into ropes.', '4. Cut the ropes into bite-sized pieces and shape the gnocchi with a fork.', '5. Cook the gnocchi in boiling water until they float, then drain and serve with your favorite sauce.'], Tags: ['Italian', 'Potato', 'Homemade'], Sources: ['https://www.allrecipes.com/recipe/18465/gnocchi-i/']
2024-06-04 12:23:52,631 - cauldron - DEBUG  - agent_tools.py - create_recipe_graph - Creating recipe graph with foundational recipe.
2024-06-04 12:23:52,632 - cauldron - INFO   - recipe_graph.py - load_graph_from_file - Loading recipe graph from file.
2024-06-04 12:23:52,632 - cauldron - DEBUG  - recipe_graph.py - create_recipe_graph - Creating recipe graph with foundational recipe.
2024-06-04 12:23:52,633 - cauldron - INFO   - recipe_graph.py - save_graph_to_file - Saving recipe graph to file.
2024-06-04 12:23:55,576 - cauldron - DEBUG  - agent_tools.py - get_mods_list - Getting mods list.
2024-06-04 12:23:55,577 - cauldron - INFO   - recipe_graph.py - load_mods_list_from_file - Loading mods list from file.
2024-06-04 12:23:55,579 - cauldron - DEBUG  - recipe_graph.py - get_mods_list - Getting mods list.
2024-06-04 12:24:00,522 - cauldron - INFO   - recipe_graph.py - load_graph_from_file - Loading recipe graph from file.
2024-06-04 12:24:00,531 - cauldron - DEBUG  - recipe_graph.py - get_foundational_recipe - Getting foundational recipe from recipe graph.
2024-06-04 12:24:00,532 - cauldron - DEBUG  - recipe_graph.py - get_recipe - Getting recipe from recipe graph.
2024-06-04 12:24:00,533 - cauldron - DEBUG  - recipe_graph.py - get_graph_size - Getting the number of nodes in the recipe graph.
2024-06-04 12:24:00,533 - cauldron - DEBUG  - recipe_graph.py - from_dict - Creating Recipe object from dictionary.
