2024-05-30 14:36:13,154 - cauldron - INFO   - cauldron_app.py - Initializing Cauldron Application
2024-05-30 14:36:14,416 - cauldron - INFO   - agent_defs.py - Creating all agents.
2024-05-30 14:36:14,417 - cauldron - INFO   - agent_defs.py - Creating supervisor agent: ConductorAgent
2024-05-30 14:36:14,418 - cauldron - INFO   - agent_defs.py - Agent ConductorAgent created.
2024-05-30 14:36:14,418 - cauldron - INFO   - agent_defs.py - Creating supervisor agent: RecipeResearchAgent
2024-05-30 14:36:14,419 - cauldron - INFO   - agent_defs.py - Agent RecipeResearchAgent created.
2024-05-30 14:36:14,421 - cauldron - INFO   - agent_defs.py - Creating agent: FlavorProfileAgent
2024-05-30 14:36:14,919 - cauldron - INFO   - agent_defs.py - Agent FlavorProfileAgent created.
2024-05-30 14:36:14,919 - cauldron - INFO   - agent_defs.py - Creating agent: NutrionalAnalysisAgent
2024-05-30 14:36:14,920 - cauldron - INFO   - agent_defs.py - Agent NutrionalAnalysisAgent created.
2024-05-30 14:36:14,921 - cauldron - INFO   - agent_defs.py - Creating agent: CostAvailabilityAgent
2024-05-30 14:36:14,922 - cauldron - INFO   - agent_defs.py - Agent CostAvailabilityAgent created.
2024-05-30 14:36:14,922 - cauldron - INFO   - agent_defs.py - Creating agent: FeedbackAgent
2024-05-30 14:36:14,923 - cauldron - INFO   - agent_defs.py - Agent FeedbackAgent created.
2024-05-30 14:36:14,923 - cauldron - INFO   - agent_defs.py - Creating agent: SQLAgent
2024-05-30 14:36:14,924 - cauldron - INFO   - agent_defs.py - Agent SQLAgent created.
2024-05-30 14:36:14,925 - cauldron - INFO   - agent_defs.py - Creating agent: ModificationsAgent
2024-05-30 14:36:14,928 - cauldron - INFO   - agent_defs.py - Agent ModificationsAgent created.
2024-05-30 14:36:14,929 - cauldron - INFO   - agent_defs.py - Creating agent: DevelopmentTrackerAgent
2024-05-30 14:36:14,931 - cauldron - INFO   - agent_defs.py - Agent DevelopmentTrackerAgent created.
2024-05-30 14:36:14,932 - cauldron - INFO   - agent_defs.py - Creating agent: PeripheralFeedbackAgent
2024-05-30 14:36:14,933 - cauldron - INFO   - agent_defs.py - Agent PeripheralFeedbackAgent created.
2024-05-30 14:36:14,933 - cauldron - INFO   - agent_defs.py - All agents created.
