2024-05-30 13:20:48,402 - cauldron - INFO   - cauldron_app.py - Initializing Cauldron Application
2024-05-30 13:20:49,523 - cauldron - INFO   - agent_defs.py - Creating all agents.
2024-05-30 13:20:49,523 - cauldron - INFO   - agent_defs.py - Creating supervisor agent: ConductorAgent
2024-05-30 13:20:49,524 - cauldron - INFO   - agent_defs.py - Agent ConductorAgent created.
2024-05-30 13:20:49,525 - cauldron - INFO   - agent_defs.py - Creating supervisor agent: RecipeResearchAgent
2024-05-30 13:20:49,525 - cauldron - INFO   - agent_defs.py - Agent RecipeResearchAgent created.
2024-05-30 13:20:49,530 - cauldron - INFO   - agent_defs.py - Creating agent: FlavorProfileAgent
2024-05-30 13:20:50,027 - cauldron - INFO   - agent_defs.py - Agent FlavorProfileAgent created.
2024-05-30 13:20:50,027 - cauldron - INFO   - agent_defs.py - Creating agent: NutrionalAnalysisAgent
2024-05-30 13:20:50,029 - cauldron - INFO   - agent_defs.py - Agent NutrionalAnalysisAgent created.
2024-05-30 13:20:50,029 - cauldron - INFO   - agent_defs.py - Creating agent: CostAvailabilityAgent
2024-05-30 13:20:50,030 - cauldron - INFO   - agent_defs.py - Agent CostAvailabilityAgent created.
2024-05-30 13:20:50,030 - cauldron - INFO   - agent_defs.py - Creating agent: FeedbackAgent
2024-05-30 13:20:50,031 - cauldron - INFO   - agent_defs.py - Agent FeedbackAgent created.
2024-05-30 13:20:50,032 - cauldron - INFO   - agent_defs.py - Creating agent: SQLAgent
2024-05-30 13:20:50,033 - cauldron - INFO   - agent_defs.py - Agent SQLAgent created.
2024-05-30 13:20:50,034 - cauldron - INFO   - agent_defs.py - Creating agent: ModificationsAgent
2024-05-30 13:20:50,036 - cauldron - INFO   - agent_defs.py - Agent ModificationsAgent created.
2024-05-30 13:20:50,037 - cauldron - INFO   - agent_defs.py - Creating agent: DevelopmentTrackerAgent
2024-05-30 13:20:50,039 - cauldron - INFO   - agent_defs.py - Agent DevelopmentTrackerAgent created.
2024-05-30 13:20:50,040 - cauldron - INFO   - agent_defs.py - Creating agent: PeripheralFeedbackAgent
2024-05-30 13:20:50,041 - cauldron - INFO   - agent_defs.py - Agent PeripheralFeedbackAgent created.
2024-05-30 13:20:50,041 - cauldron - INFO   - agent_defs.py - All agents created.
