2024-06-04 11:41:59,217 - cauldron - INFO   - cauldron_app.py - __init__ - Initializing Cauldron Application
2024-06-04 11:42:00,183 - cauldron - INFO   - recipe_graph.py - fresh_graph - Creating a new recipe graph.
2024-06-04 11:42:00,183 - cauldron - INFO   - recipe_graph.py - __init__ - Initializing RecipeGraph object.
2024-06-04 11:42:00,184 - cauldron - INFO   - recipe_graph.py - fresh_mods_list - Creating a new mods list.
2024-06-04 11:42:00,185 - cauldron - INFO   - recipe_graph.py - __init__ - Initializing ModsList object.
2024-06-04 11:42:00,185 - cauldron - INFO   - recipe_graph.py - save_mods_list_to_file - Saving mods list to file.
2024-06-04 11:42:00,186 - cauldron - INFO   - agent_defs.py - create_all_agents - Creating all agents.
2024-06-04 11:42:00,187 - cauldron - INFO   - agent_defs.py - create_all_agents - Creating agent: SummaryAgent
2024-06-04 11:42:00,685 - cauldron - INFO   - agent_defs.py - create_all_agents - Agent SummaryAgent created.
2024-06-04 11:42:00,686 - cauldron - INFO   - agent_defs.py - create_all_agents - Creating supervisor agent: CauldronRouter
2024-06-04 11:42:00,687 - cauldron - INFO   - agent_defs.py - create_all_agents - Agent CauldronRouter created.
2024-06-04 11:42:00,688 - cauldron - INFO   - agent_defs.py - create_all_agents - Creating supervisor agent: RecipeResearchAgent
2024-06-04 11:42:00,690 - cauldron - INFO   - agent_defs.py - create_all_agents - Agent RecipeResearchAgent created.
2024-06-04 11:42:00,691 - cauldron - INFO   - agent_defs.py - create_all_agents - Creating agent: SearchAgent
2024-06-04 11:42:00,692 - cauldron - INFO   - agent_defs.py - create_all_agents - Agent SearchAgent created.
2024-06-04 11:42:00,693 - cauldron - INFO   - agent_defs.py - create_all_agents - Creating agent: RecipeScraperAgent
2024-06-04 11:42:00,695 - cauldron - INFO   - agent_defs.py - create_all_agents - Agent RecipeScraperAgent created.
2024-06-04 11:42:00,695 - cauldron - INFO   - agent_defs.py - create_all_agents - Creating agent: ModificationsAgent
2024-06-04 11:42:00,699 - cauldron - INFO   - agent_defs.py - create_all_agents - Agent ModificationsAgent created.
2024-06-04 11:42:00,700 - cauldron - INFO   - agent_defs.py - create_all_agents - Creating agent: DevelopmentTrackerAgent
2024-06-04 11:42:00,702 - cauldron - INFO   - agent_defs.py - create_all_agents - Agent DevelopmentTrackerAgent created.
2024-06-04 11:42:00,702 - cauldron - INFO   - agent_defs.py - create_all_agents - All agents created.
2024-06-04 11:42:05,799 - cauldron - DEBUG  - agent_tools.py - generate_mod - Generating JSON representation of RecipeModification object.
2024-06-04 11:42:05,799 - cauldron - DEBUG  - recipe_graph.py - to_dict - Creating dictionary representation of RecipeModification object.
2024-06-04 11:42:06,493 - cauldron - DEBUG  - agent_tools.py - push_mod - Pushing modification from mods list.
2024-06-04 11:42:06,494 - cauldron - INFO   - recipe_graph.py - load_mods_list_from_file - Loading mods list from file.
2024-06-04 11:42:06,495 - cauldron - INFO   - recipe_graph.py - load_graph_from_file - Loading recipe graph from file.
2024-06-04 11:42:06,496 - cauldron - DEBUG  - recipe_graph.py - push_mod - Pushing modification from mods list.
2024-06-04 11:42:06,496 - cauldron - INFO   - recipe_graph.py - save_graph_to_file - Saving recipe graph to file.
2024-06-04 11:42:06,497 - cauldron - INFO   - recipe_graph.py - save_mods_list_to_file - Saving mods list to file.
2024-06-04 11:42:06,498 - cauldron - ERROR  - agent_tools.py - push_mod - Failed to apply modification: None
2024-06-04 11:42:09,395 - cauldron - DEBUG  - agent_tools.py - generate_mod - Generating JSON representation of RecipeModification object.
2024-06-04 11:42:09,395 - cauldron - DEBUG  - recipe_graph.py - to_dict - Creating dictionary representation of RecipeModification object.
2024-06-04 11:42:10,250 - cauldron - DEBUG  - agent_tools.py - push_mod - Pushing modification from mods list.
2024-06-04 11:42:10,250 - cauldron - INFO   - recipe_graph.py - load_mods_list_from_file - Loading mods list from file.
2024-06-04 11:42:10,252 - cauldron - INFO   - recipe_graph.py - load_graph_from_file - Loading recipe graph from file.
2024-06-04 11:42:10,253 - cauldron - DEBUG  - recipe_graph.py - push_mod - Pushing modification from mods list.
2024-06-04 11:42:10,253 - cauldron - INFO   - recipe_graph.py - save_graph_to_file - Saving recipe graph to file.
2024-06-04 11:42:10,255 - cauldron - INFO   - recipe_graph.py - save_mods_list_to_file - Saving mods list to file.
2024-06-04 11:42:10,257 - cauldron - ERROR  - agent_tools.py - push_mod - Failed to apply modification: None
2024-06-04 11:42:35,915 - cauldron - ERROR  - agent_tools.py - get_recipe_info - Failed to get name: argument of type 'NoneType' is not iterable
2024-06-04 11:42:49,075 - cauldron - DEBUG  - agent_tools.py - generate_mod - Generating JSON representation of RecipeModification object.
2024-06-04 11:42:49,076 - cauldron - DEBUG  - recipe_graph.py - to_dict - Creating dictionary representation of RecipeModification object.
2024-06-04 11:42:49,802 - cauldron - DEBUG  - agent_tools.py - push_mod - Pushing modification from mods list.
2024-06-04 11:42:49,804 - cauldron - INFO   - recipe_graph.py - load_mods_list_from_file - Loading mods list from file.
2024-06-04 11:42:49,806 - cauldron - INFO   - recipe_graph.py - load_graph_from_file - Loading recipe graph from file.
2024-06-04 11:42:49,808 - cauldron - DEBUG  - recipe_graph.py - push_mod - Pushing modification from mods list.
2024-06-04 11:42:49,808 - cauldron - INFO   - recipe_graph.py - save_graph_to_file - Saving recipe graph to file.
2024-06-04 11:42:49,809 - cauldron - INFO   - recipe_graph.py - save_mods_list_to_file - Saving mods list to file.
2024-06-04 11:42:49,811 - cauldron - ERROR  - agent_tools.py - push_mod - Failed to apply modification: None
2024-06-04 11:42:52,182 - cauldron - DEBUG  - agent_tools.py - get_foundational_recipe - Getting foundational recipe from recipe graph.
2024-06-04 11:42:52,182 - cauldron - INFO   - recipe_graph.py - load_graph_from_file - Loading recipe graph from file.
2024-06-04 11:42:52,184 - cauldron - DEBUG  - recipe_graph.py - get_foundational_recipe - Getting foundational recipe from recipe graph.
2024-06-04 11:42:52,185 - cauldron - DEBUG  - recipe_graph.py - get_recipe - Getting recipe from recipe graph.
2024-06-04 11:42:52,186 - cauldron - DEBUG  - recipe_graph.py - get_graph_size - Getting the number of nodes in the recipe graph.
2024-06-04 11:42:53,296 - cauldron - DEBUG  - agent_tools.py - generate_ingredient - Generating JSON representation of Ingredient object.
2024-06-04 11:42:53,297 - cauldron - DEBUG  - agent_tools.py - generate_ingredient - Name: cinnamon, Quantity: 1.0, Unit: teaspoon
2024-06-04 11:42:55,683 - cauldron - DEBUG  - recipe_graph.py - give_id - Updating ID for Recipe object.
