2024-05-30 13:14:34,132 - cauldron - INFO   - cauldron_app.py - Initializing Cauldron Application
2024-05-30 13:14:35,401 - cauldron - INFO   - agent_defs.py - Creating all agents.
2024-05-30 13:14:35,401 - cauldron - INFO   - agent_defs.py - Creating supervisor agent: ConductorAgent
2024-05-30 13:14:35,402 - cauldron - INFO   - agent_defs.py - Agent ConductorAgent created.
2024-05-30 13:14:35,402 - cauldron - INFO   - agent_defs.py - Creating supervisor agent: RecipeResearchAgent
2024-05-30 13:14:35,403 - cauldron - INFO   - agent_defs.py - Agent RecipeResearchAgent created.
2024-05-30 13:14:35,407 - cauldron - INFO   - agent_defs.py - Creating agent: FlavorProfileAgent
2024-05-30 13:14:35,883 - cauldron - INFO   - agent_defs.py - Agent FlavorProfileAgent created.
2024-05-30 13:14:35,884 - cauldron - INFO   - agent_defs.py - Creating agent: NutrionalAnalysisAgent
2024-05-30 13:14:35,885 - cauldron - INFO   - agent_defs.py - Agent NutrionalAnalysisAgent created.
2024-05-30 13:14:35,885 - cauldron - INFO   - agent_defs.py - Creating agent: CostAvailabilityAgent
2024-05-30 13:14:35,886 - cauldron - INFO   - agent_defs.py - Agent CostAvailabilityAgent created.
2024-05-30 13:14:35,886 - cauldron - INFO   - agent_defs.py - Creating agent: FeedbackAgent
2024-05-30 13:14:35,887 - cauldron - INFO   - agent_defs.py - Agent FeedbackAgent created.
2024-05-30 13:14:35,887 - cauldron - INFO   - agent_defs.py - Creating agent: SQLAgent
2024-05-30 13:14:35,888 - cauldron - INFO   - agent_defs.py - Agent SQLAgent created.
2024-05-30 13:14:35,889 - cauldron - INFO   - agent_defs.py - Creating agent: ModificationsAgent
2024-05-30 13:14:35,892 - cauldron - INFO   - agent_defs.py - Agent ModificationsAgent created.
2024-05-30 13:14:35,892 - cauldron - INFO   - agent_defs.py - Creating agent: DevelopmentTrackerAgent
2024-05-30 13:14:35,894 - cauldron - INFO   - agent_defs.py - Agent DevelopmentTrackerAgent created.
2024-05-30 13:14:35,895 - cauldron - INFO   - agent_defs.py - Creating agent: PeripheralFeedbackAgent
2024-05-30 13:14:35,896 - cauldron - INFO   - agent_defs.py - Agent PeripheralFeedbackAgent created.
2024-05-30 13:14:35,896 - cauldron - INFO   - agent_defs.py - All agents created.
