2024-06-05 10:25:52,147 - cauldron - INFO   - cauldron_app.py - __init__ - Initializing Cauldron Application
2024-06-05 10:25:53,789 - cauldron - INFO   - recipe_graph.py - fresh_graph - Creating a new recipe graph.
2024-06-05 10:25:53,790 - cauldron - DEBUG  - recipe_graph.py - fresh_graph - Filename: recipe_graph.pkl
2024-06-05 10:25:53,790 - cauldron - INFO   - recipe_graph.py - __init__ - Initializing RecipeGraph object.
2024-06-05 10:25:53,792 - cauldron - INFO   - recipe_graph.py - fresh_mods_list - Creating a new mods list.
2024-06-05 10:25:53,792 - cauldron - INFO   - recipe_graph.py - __init__ - Initializing ModsList object.
2024-06-05 10:25:53,797 - cauldron - INFO   - recipe_graph.py - save_mods_list_to_file - Saving mods list to file.
2024-06-05 10:25:53,798 - cauldron - INFO   - agent_defs.py - create_all_agents - Creating all agents.
2024-06-05 10:25:53,798 - cauldron - INFO   - agent_defs.py - create_all_agents - Creating agent: SummaryAgent
2024-06-05 10:25:54,628 - cauldron - INFO   - agent_defs.py - create_all_agents - Agent SummaryAgent created.
2024-06-05 10:25:54,629 - cauldron - INFO   - agent_defs.py - create_all_agents - Creating supervisor agent: CauldronRouter
2024-06-05 10:25:54,630 - cauldron - INFO   - agent_defs.py - create_all_agents - Agent CauldronRouter created.
2024-06-05 10:25:54,631 - cauldron - INFO   - agent_defs.py - create_all_agents - Creating supervisor agent: RecipeResearchAgent
2024-06-05 10:25:54,632 - cauldron - INFO   - agent_defs.py - create_all_agents - Agent RecipeResearchAgent created.
2024-06-05 10:25:54,632 - cauldron - INFO   - agent_defs.py - create_all_agents - Creating agent: SearchAgent
2024-06-05 10:25:54,635 - cauldron - INFO   - agent_defs.py - create_all_agents - Agent SearchAgent created.
2024-06-05 10:25:54,635 - cauldron - INFO   - agent_defs.py - create_all_agents - Creating agent: RecipeScraperAgent
2024-06-05 10:25:54,640 - cauldron - INFO   - agent_defs.py - create_all_agents - Agent RecipeScraperAgent created.
2024-06-05 10:25:54,640 - cauldron - INFO   - agent_defs.py - create_all_agents - Creating agent: ModificationsAgent
2024-06-05 10:25:54,648 - cauldron - INFO   - agent_defs.py - create_all_agents - Agent ModificationsAgent created.
2024-06-05 10:25:54,648 - cauldron - INFO   - agent_defs.py - create_all_agents - Creating agent: DevelopmentTrackerAgent
2024-06-05 10:25:54,654 - cauldron - INFO   - agent_defs.py - create_all_agents - Agent DevelopmentTrackerAgent created.
2024-06-05 10:25:54,655 - cauldron - INFO   - agent_defs.py - create_all_agents - All agents created.
2024-06-05 10:26:30,932 - cauldron - ERROR  - agent_tools.py - get_recipe_info - Failed to scrape recipe: recipe-scrapers exception: No Recipe Schema found at https://www.verybestbaking.com/toll-house/recipes/original-nestle-toll-house-chocolate-chip-cookies/.
2024-06-05 10:27:15,725 - cauldron - DEBUG  - agent_tools.py - create_recipe_graph - Creating recipe graph with foundational recipe.
2024-06-05 10:27:15,726 - cauldron - INFO   - recipe_graph.py - load_graph_from_file - Loading recipe graph from file.
2024-06-05 10:27:15,733 - cauldron - DEBUG  - recipe_graph.py - create_recipe_graph - Creating recipe graph with foundational recipe.
2024-06-05 10:27:15,734 - cauldron - INFO   - recipe_graph.py - save_graph_to_file - Saving recipe graph to file.
2024-06-05 10:27:19,554 - cauldron - DEBUG  - agent_tools.py - get_mods_list - Getting mods list.
2024-06-05 10:27:19,555 - cauldron - INFO   - recipe_graph.py - load_mods_list_from_file - Loading mods list from file.
2024-06-05 10:27:19,562 - cauldron - DEBUG  - recipe_graph.py - get_mods_list - Getting mods list.
2024-06-05 10:27:24,226 - cauldron - INFO   - recipe_graph.py - load_graph_from_file - Loading recipe graph from file.
2024-06-05 10:27:24,236 - cauldron - DEBUG  - recipe_graph.py - get_foundational_recipe - Getting foundational recipe from recipe graph.
2024-06-05 10:27:24,238 - cauldron - DEBUG  - recipe_graph.py - get_recipe - Getting recipe from recipe graph.
2024-06-05 10:27:24,238 - cauldron - DEBUG  - recipe_graph.py - get_graph_size - Getting the number of nodes in the recipe graph.
2024-06-05 10:27:24,239 - cauldron - DEBUG  - recipe_graph.py - from_json - Creating Recipe object from JSON string.
2024-06-05 10:43:44,871 - cauldron - DEBUG  - agent_tools.py - suggest_mod - Suggesting modification to mods list.
2024-06-05 10:43:44,872 - cauldron - DEBUG  - recipe_graph.py - from_json - Creating RecipeModification object from JSON string.
2024-06-05 10:43:44,873 - cauldron - INFO   - recipe_graph.py - load_mods_list_from_file - Loading mods list from file.
2024-06-05 10:43:44,874 - cauldron - DEBUG  - recipe_graph.py - suggest_mod - Suggesting modification to mods list.
2024-06-05 10:43:44,875 - cauldron - DEBUG  - recipe_graph.py - get_mods_list - Getting mods list.
2024-06-05 10:43:44,876 - cauldron - INFO   - recipe_graph.py - save_mods_list_to_file - Saving mods list to file.
2024-06-05 10:43:47,389 - cauldron - DEBUG  - agent_tools.py - get_foundational_recipe - Getting foundational recipe from recipe graph.
2024-06-05 10:43:47,390 - cauldron - INFO   - recipe_graph.py - load_graph_from_file - Loading recipe graph from file.
2024-06-05 10:43:47,391 - cauldron - DEBUG  - recipe_graph.py - get_foundational_recipe - Getting foundational recipe from recipe graph.
2024-06-05 10:43:47,392 - cauldron - DEBUG  - recipe_graph.py - get_recipe - Getting recipe from recipe graph.
2024-06-05 10:43:47,393 - cauldron - DEBUG  - recipe_graph.py - get_graph_size - Getting the number of nodes in the recipe graph.
2024-06-05 10:43:47,393 - cauldron - DEBUG  - recipe_graph.py - from_json - Creating Recipe object from JSON string.
2024-06-05 10:43:48,649 - cauldron - DEBUG  - agent_tools.py - generate_ingredient - Generating JSON representation of Ingredient object.
2024-06-05 10:43:48,650 - cauldron - DEBUG  - agent_tools.py - generate_ingredient - Name: cinnamon, Quantity: 1.0, Unit: teaspoon
