2024-06-04 12:04:28,670 - cauldron - INFO   - cauldron_app.py - __init__ - Initializing Cauldron Application
2024-06-04 12:04:29,576 - cauldron - INFO   - agent_defs.py - create_all_agents - Creating all agents.
2024-06-04 12:04:29,577 - cauldron - INFO   - agent_defs.py - create_all_agents - Creating agent: SummaryAgent
2024-06-04 12:04:30,041 - cauldron - INFO   - agent_defs.py - create_all_agents - Agent SummaryAgent created.
2024-06-04 12:04:30,042 - cauldron - INFO   - agent_defs.py - create_all_agents - Creating supervisor agent: CauldronRouter
2024-06-04 12:04:30,042 - cauldron - INFO   - agent_defs.py - create_all_agents - Agent CauldronRouter created.
2024-06-04 12:04:30,043 - cauldron - INFO   - agent_defs.py - create_all_agents - Creating supervisor agent: RecipeResearchAgent
2024-06-04 12:04:30,043 - cauldron - INFO   - agent_defs.py - create_all_agents - Agent RecipeResearchAgent created.
2024-06-04 12:04:30,043 - cauldron - INFO   - agent_defs.py - create_all_agents - Creating agent: SearchAgent
2024-06-04 12:04:30,045 - cauldron - INFO   - agent_defs.py - create_all_agents - Agent SearchAgent created.
2024-06-04 12:04:30,045 - cauldron - INFO   - agent_defs.py - create_all_agents - Creating agent: RecipeScraperAgent
2024-06-04 12:04:30,048 - cauldron - INFO   - agent_defs.py - create_all_agents - Agent RecipeScraperAgent created.
2024-06-04 12:04:30,048 - cauldron - INFO   - agent_defs.py - create_all_agents - Creating agent: ModificationsAgent
2024-06-04 12:04:30,053 - cauldron - INFO   - agent_defs.py - create_all_agents - Agent ModificationsAgent created.
2024-06-04 12:04:30,053 - cauldron - INFO   - agent_defs.py - create_all_agents - Creating agent: DevelopmentTrackerAgent
2024-06-04 12:04:30,055 - cauldron - INFO   - agent_defs.py - create_all_agents - Agent DevelopmentTrackerAgent created.
2024-06-04 12:04:30,056 - cauldron - INFO   - agent_defs.py - create_all_agents - All agents created.
2024-06-04 12:04:55,798 - cauldron - ERROR  - agent_tools.py - get_recipe_info - Failed to scrape recipe: recipe-scrapers exception: No Recipe Schema found at https://happybodyformula.com/natural-makeup-recipes/.
2024-06-04 12:04:57,036 - cauldron - ERROR  - agent_tools.py - get_recipe_info - Failed to scrape recipe: recipe-scrapers exception: No Recipe Schema found at https://helloglow.co/homemade-foundation/.
2024-06-04 12:04:58,506 - cauldron - ERROR  - agent_tools.py - get_recipe_info - Failed to scrape recipe: recipe-scrapers exception: No Recipe Schema found at https://www.savvyhomemade.com/how-to-make-liquid-foundation/.
2024-06-04 12:04:59,608 - cauldron - ERROR  - agent_tools.py - get_recipe_info - Failed to scrape recipe: recipe-scrapers exception: No Recipe Schema found at https://www.ouroilyhouse.com/all-natural-diy-foundation/.
2024-06-04 12:05:01,346 - cauldron - ERROR  - agent_tools.py - get_recipe_info - Failed to scrape recipe: recipe-scrapers exception: No Recipe Schema found at https://simplelifemom.com/homemade-foundation/.
