2024-05-30 14:50:10,512 - cauldron - INFO   - cauldron_app.py - Initializing Cauldron Application
2024-05-30 14:50:11,972 - cauldron - INFO   - agent_defs.py - Creating all agents.
2024-05-30 14:50:11,972 - cauldron - INFO   - agent_defs.py - Creating supervisor agent: ConductorAgent
2024-05-30 14:50:11,974 - cauldron - INFO   - agent_defs.py - Agent ConductorAgent created.
2024-05-30 14:50:11,974 - cauldron - INFO   - agent_defs.py - Creating supervisor agent: RecipeResearchAgent
2024-05-30 14:50:11,976 - cauldron - INFO   - agent_defs.py - Agent RecipeResearchAgent created.
2024-05-30 14:50:11,978 - cauldron - INFO   - agent_defs.py - Creating agent: FlavorProfileAgent
2024-05-30 14:50:12,518 - cauldron - INFO   - agent_defs.py - Agent FlavorProfileAgent created.
2024-05-30 14:50:12,518 - cauldron - INFO   - agent_defs.py - Creating agent: NutrionalAnalysisAgent
2024-05-30 14:50:12,520 - cauldron - INFO   - agent_defs.py - Agent NutrionalAnalysisAgent created.
2024-05-30 14:50:12,521 - cauldron - INFO   - agent_defs.py - Creating agent: CostAvailabilityAgent
2024-05-30 14:50:12,522 - cauldron - INFO   - agent_defs.py - Agent CostAvailabilityAgent created.
2024-05-30 14:50:12,522 - cauldron - INFO   - agent_defs.py - Creating agent: FeedbackAgent
2024-05-30 14:50:12,523 - cauldron - INFO   - agent_defs.py - Agent FeedbackAgent created.
2024-05-30 14:50:12,523 - cauldron - INFO   - agent_defs.py - Creating agent: SQLAgent
2024-05-30 14:50:12,524 - cauldron - INFO   - agent_defs.py - Agent SQLAgent created.
2024-05-30 14:50:12,525 - cauldron - INFO   - agent_defs.py - Creating agent: ModificationsAgent
2024-05-30 14:50:12,529 - cauldron - INFO   - agent_defs.py - Agent ModificationsAgent created.
2024-05-30 14:50:12,529 - cauldron - INFO   - agent_defs.py - Creating agent: DevelopmentTrackerAgent
2024-05-30 14:50:12,531 - cauldron - INFO   - agent_defs.py - Agent DevelopmentTrackerAgent created.
2024-05-30 14:50:12,532 - cauldron - INFO   - agent_defs.py - Creating agent: PeripheralFeedbackAgent
2024-05-30 14:50:12,533 - cauldron - INFO   - agent_defs.py - Agent PeripheralFeedbackAgent created.
2024-05-30 14:50:12,533 - cauldron - INFO   - agent_defs.py - All agents created.
