2024-05-30 14:46:06,307 - cauldron - INFO   - cauldron_app.py - Initializing Cauldron Application
2024-05-30 14:46:07,609 - cauldron - INFO   - agent_defs.py - Creating all agents.
2024-05-30 14:46:07,609 - cauldron - INFO   - agent_defs.py - Creating supervisor agent: ConductorAgent
2024-05-30 14:46:07,610 - cauldron - INFO   - agent_defs.py - Agent ConductorAgent created.
2024-05-30 14:46:07,610 - cauldron - INFO   - agent_defs.py - Creating supervisor agent: RecipeResearchAgent
2024-05-30 14:46:07,611 - cauldron - INFO   - agent_defs.py - Agent RecipeResearchAgent created.
2024-05-30 14:46:07,613 - cauldron - INFO   - agent_defs.py - Creating agent: FlavorProfileAgent
2024-05-30 14:46:08,137 - cauldron - INFO   - agent_defs.py - Agent FlavorProfileAgent created.
2024-05-30 14:46:08,138 - cauldron - INFO   - agent_defs.py - Creating agent: NutrionalAnalysisAgent
2024-05-30 14:46:08,139 - cauldron - INFO   - agent_defs.py - Agent NutrionalAnalysisAgent created.
2024-05-30 14:46:08,139 - cauldron - INFO   - agent_defs.py - Creating agent: CostAvailabilityAgent
2024-05-30 14:46:08,140 - cauldron - INFO   - agent_defs.py - Agent CostAvailabilityAgent created.
2024-05-30 14:46:08,140 - cauldron - INFO   - agent_defs.py - Creating agent: FeedbackAgent
2024-05-30 14:46:08,141 - cauldron - INFO   - agent_defs.py - Agent FeedbackAgent created.
2024-05-30 14:46:08,142 - cauldron - INFO   - agent_defs.py - Creating agent: SQLAgent
2024-05-30 14:46:08,143 - cauldron - INFO   - agent_defs.py - Agent SQLAgent created.
2024-05-30 14:46:08,143 - cauldron - INFO   - agent_defs.py - Creating agent: ModificationsAgent
2024-05-30 14:46:08,147 - cauldron - INFO   - agent_defs.py - Agent ModificationsAgent created.
2024-05-30 14:46:08,147 - cauldron - INFO   - agent_defs.py - Creating agent: DevelopmentTrackerAgent
2024-05-30 14:46:08,149 - cauldron - INFO   - agent_defs.py - Agent DevelopmentTrackerAgent created.
2024-05-30 14:46:08,149 - cauldron - INFO   - agent_defs.py - Creating agent: PeripheralFeedbackAgent
2024-05-30 14:46:08,150 - cauldron - INFO   - agent_defs.py - Agent PeripheralFeedbackAgent created.
2024-05-30 14:46:08,150 - cauldron - INFO   - agent_defs.py - All agents created.
