2024-06-03 12:10:22,197 - cauldron - INFO   - cauldron_app.py - __init__ - Initializing Cauldron Application
2024-06-03 12:10:25,376 - cauldron - INFO   - recipe_graph.py - fresh_graph - Creating a new recipe graph.
2024-06-03 12:10:25,377 - cauldron - INFO   - recipe_graph.py - __init__ - Initializing RecipeGraph object.
2024-06-03 12:10:25,379 - cauldron - INFO   - recipe_graph.py - fresh_mods_list - Creating a new mods list.
2024-06-03 12:10:25,380 - cauldron - INFO   - recipe_graph.py - __init__ - Initializing ModsList object.
2024-06-03 12:10:25,381 - cauldron - INFO   - recipe_graph.py - save_mods_list_to_file - Saving mods list to file.
2024-06-03 12:10:25,384 - cauldron - INFO   - agent_defs.py - create_all_agents - Creating all agents.
2024-06-03 12:10:25,385 - cauldron - INFO   - agent_defs.py - create_all_agents - Creating supervisor agent: ConductorAgent
2024-06-03 12:10:25,387 - cauldron - INFO   - agent_defs.py - create_all_agents - Agent ConductorAgent created.
2024-06-03 12:10:25,388 - cauldron - INFO   - agent_defs.py - create_all_agents - Creating supervisor agent: RecipeResearchAgent
2024-06-03 12:10:25,390 - cauldron - INFO   - agent_defs.py - create_all_agents - Agent RecipeResearchAgent created.
2024-06-03 12:10:25,391 - cauldron - INFO   - agent_defs.py - create_all_agents - Creating agent: SearchAgent
2024-06-03 12:10:27,016 - cauldron - INFO   - agent_defs.py - create_all_agents - Agent SearchAgent created.
2024-06-03 12:10:27,017 - cauldron - INFO   - agent_defs.py - create_all_agents - Creating agent: RecipeScraperAgent
2024-06-03 12:10:27,021 - cauldron - INFO   - agent_defs.py - create_all_agents - Agent RecipeScraperAgent created.
2024-06-03 12:10:27,021 - cauldron - INFO   - agent_defs.py - create_all_agents - Creating agent: ModificationsAgent
2024-06-03 12:10:27,035 - cauldron - INFO   - agent_defs.py - create_all_agents - Agent ModificationsAgent created.
2024-06-03 12:10:27,036 - cauldron - INFO   - agent_defs.py - create_all_agents - Creating agent: DevelopmentTrackerAgent
2024-06-03 12:10:27,044 - cauldron - INFO   - agent_defs.py - create_all_agents - Agent DevelopmentTrackerAgent created.
2024-06-03 12:10:27,045 - cauldron - INFO   - agent_defs.py - create_all_agents - All agents created.
