2024-06-05 12:56:50,819 - cauldron - INFO   - cauldron_app.py - __init__ - Initializing Cauldron Application
2024-06-05 12:56:52,523 - cauldron - INFO   - recipe_graph.py - fresh_graph - Creating a new recipe graph.
2024-06-05 12:56:52,523 - cauldron - DEBUG  - recipe_graph.py - fresh_graph - Filename: recipe_graph.pkl
2024-06-05 12:56:52,524 - cauldron - INFO   - recipe_graph.py - __init__ - Initializing RecipeGraph object.
2024-06-05 12:56:52,525 - cauldron - INFO   - recipe_graph.py - fresh_mods_list - Creating a new mods list.
2024-06-05 12:56:52,525 - cauldron - INFO   - recipe_graph.py - __init__ - Initializing ModsList object.
2024-06-05 12:56:52,530 - cauldron - INFO   - recipe_graph.py - save_mods_list_to_file - Saving mods list to file.
2024-06-05 12:56:52,532 - cauldron - INFO   - agent_defs.py - create_all_agents - Creating all agents.
2024-06-05 12:56:52,532 - cauldron - INFO   - agent_defs.py - create_all_agents - Creating agent: SummaryAgent
2024-06-05 12:56:53,418 - cauldron - INFO   - agent_defs.py - create_all_agents - Agent SummaryAgent created.
2024-06-05 12:56:53,418 - cauldron - INFO   - agent_defs.py - create_all_agents - Creating supervisor agent: CauldronRouter
2024-06-05 12:56:53,419 - cauldron - INFO   - agent_defs.py - create_all_agents - Agent CauldronRouter created.
2024-06-05 12:56:53,419 - cauldron - INFO   - agent_defs.py - create_all_agents - Creating supervisor agent: RecipeResearchAgent
2024-06-05 12:56:53,420 - cauldron - INFO   - agent_defs.py - create_all_agents - Agent RecipeResearchAgent created.
2024-06-05 12:56:53,420 - cauldron - INFO   - agent_defs.py - create_all_agents - Creating agent: SearchAgent
2024-06-05 12:56:53,423 - cauldron - INFO   - agent_defs.py - create_all_agents - Agent SearchAgent created.
2024-06-05 12:56:53,423 - cauldron - INFO   - agent_defs.py - create_all_agents - Creating agent: RecipeScraperAgent
2024-06-05 12:56:53,428 - cauldron - INFO   - agent_defs.py - create_all_agents - Agent RecipeScraperAgent created.
2024-06-05 12:56:53,429 - cauldron - INFO   - agent_defs.py - create_all_agents - Creating agent: ModificationsAgent
2024-06-05 12:56:53,438 - cauldron - INFO   - agent_defs.py - create_all_agents - Agent ModificationsAgent created.
2024-06-05 12:56:53,438 - cauldron - INFO   - agent_defs.py - create_all_agents - Creating agent: DevelopmentTrackerAgent
2024-06-05 12:56:53,443 - cauldron - INFO   - agent_defs.py - create_all_agents - Agent DevelopmentTrackerAgent created.
2024-06-05 12:56:53,443 - cauldron - INFO   - agent_defs.py - create_all_agents - All agents created.
2024-06-05 13:04:20,828 - cauldron - ERROR  - agent_tools.py - get_recipe_info - Failed to scrape recipe: recipe-scrapers exception: No Recipe Schema found at https://www.verybestbaking.com/toll-house/recipes/original-nestle-toll-house-chocolate-chip-cookies/.
2024-06-05 13:04:40,255 - cauldron - DEBUG  - agent_tools.py - get_foundational_recipe - Getting foundational recipe from recipe graph.
2024-06-05 13:04:40,256 - cauldron - INFO   - recipe_graph.py - load_graph_from_file - Loading recipe graph from file.
2024-06-05 13:04:40,258 - cauldron - DEBUG  - recipe_graph.py - get_foundational_recipe - Getting foundational recipe from recipe graph.
2024-06-05 13:04:40,258 - cauldron - DEBUG  - recipe_graph.py - get_recipe - Getting recipe from recipe graph.
2024-06-05 13:04:40,259 - cauldron - DEBUG  - recipe_graph.py - get_graph_size - Getting the number of nodes in the recipe graph.
2024-06-05 13:04:45,478 - cauldron - DEBUG  - agent_tools.py - generate_recipe - Generating JSON representation of Recipe object.
2024-06-05 13:04:45,479 - cauldron - DEBUG  - agent_tools.py - generate_recipe - Name: Chocolate Chip Cookies, Ingredients: [Ingredient(name='all-purpose flour', quantity=2.25, unit='cups'), Ingredient(name='baking soda', quantity=1.0, unit='teaspoon'), Ingredient(name='salt', quantity=1.0, unit='teaspoon'), Ingredient(name='butter', quantity=1.0, unit='cup'), Ingredient(name='granulated sugar', quantity=0.75, unit='cup'), Ingredient(name='brown sugar', quantity=0.75, unit='cup'), Ingredient(name='vanilla extract', quantity=1.0, unit='teaspoon'), Ingredient(name='eggs', quantity=2.0, unit='large'), Ingredient(name='chocolate chips', quantity=2.0, unit='cups')], Instructions: ['1. Preheat oven to 375 degrees F.', '2. Cream together butter, granulated sugar, and brown sugar until light and fluffy.', '3. Beat in vanilla and eggs one at a time.', '4. Combine flour, baking soda, and salt in a separate bowl.', '5. Gradually add dry ingredients to the wet mixture.', '6. Stir in chocolate chips.', '7. Drop dough by rounded tablespoons onto ungreased baking sheets.', '8. Bake for 9-11 minutes or until golden brown.', '9. Cool on baking sheets for 2 minutes before transferring to wire racks to cool completely.'], Tags: None, Sources: None
2024-06-05 13:04:52,855 - cauldron - DEBUG  - agent_tools.py - create_recipe_graph - Creating recipe graph with foundational recipe.
2024-06-05 13:04:52,856 - cauldron - INFO   - recipe_graph.py - load_graph_from_file - Loading recipe graph from file.
2024-06-05 13:04:52,857 - cauldron - DEBUG  - recipe_graph.py - create_recipe_graph - Creating recipe graph with foundational recipe.
2024-06-05 13:04:52,858 - cauldron - INFO   - recipe_graph.py - save_graph_to_file - Saving recipe graph to file.
2024-06-05 13:05:04,661 - cauldron - INFO   - recipe_graph.py - load_graph_from_file - Loading recipe graph from file.
2024-06-05 13:05:04,669 - cauldron - DEBUG  - recipe_graph.py - get_foundational_recipe - Getting foundational recipe from recipe graph.
2024-06-05 13:05:04,670 - cauldron - DEBUG  - recipe_graph.py - get_recipe - Getting recipe from recipe graph.
2024-06-05 13:05:04,671 - cauldron - DEBUG  - recipe_graph.py - get_graph_size - Getting the number of nodes in the recipe graph.
2024-06-05 13:05:04,672 - cauldron - DEBUG  - recipe_graph.py - from_json - Creating Recipe object from JSON string.
