2024-06-02 16:33:09,046 - cauldron - INFO   - cauldron_app.py - __init__ - Initializing Cauldron Application
2024-06-02 16:33:10,096 - cauldron - INFO   - recipe_graph.py - fresh_graph - Creating a new recipe graph.
2024-06-02 16:33:10,097 - cauldron - INFO   - recipe_graph.py - __init__ - Initializing RecipeGraph object.
2024-06-02 16:33:10,098 - cauldron - INFO   - recipe_graph.py - fresh_mods_list - Creating a new mods list.
2024-06-02 16:33:10,098 - cauldron - INFO   - recipe_graph.py - __init__ - Initializing ModsList object.
2024-06-02 16:33:10,098 - cauldron - INFO   - recipe_graph.py - save_mods_list_to_file - Saving mods list to file.
2024-06-02 16:33:10,099 - cauldron - INFO   - agent_defs.py - create_all_agents - Creating all agents.
2024-06-02 16:33:10,099 - cauldron - INFO   - agent_defs.py - create_all_agents - Creating supervisor agent: ConductorAgent
2024-06-02 16:33:10,100 - cauldron - INFO   - agent_defs.py - create_all_agents - Agent ConductorAgent created.
2024-06-02 16:33:10,100 - cauldron - INFO   - agent_defs.py - create_all_agents - Creating supervisor agent: RecipeResearchAgent
2024-06-02 16:33:10,101 - cauldron - INFO   - agent_defs.py - create_all_agents - Agent RecipeResearchAgent created.
2024-06-02 16:33:10,101 - cauldron - INFO   - agent_defs.py - create_all_agents - Creating agent: SearchAgent
2024-06-02 16:33:10,584 - cauldron - INFO   - agent_defs.py - create_all_agents - Agent SearchAgent created.
2024-06-02 16:33:10,584 - cauldron - INFO   - agent_defs.py - create_all_agents - Creating agent: RecipeScraperAgent
2024-06-02 16:33:10,585 - cauldron - INFO   - agent_defs.py - create_all_agents - Agent RecipeScraperAgent created.
2024-06-02 16:33:10,586 - cauldron - INFO   - agent_defs.py - create_all_agents - Creating agent: ModificationsAgent
2024-06-02 16:33:10,590 - cauldron - INFO   - agent_defs.py - create_all_agents - Agent ModificationsAgent created.
2024-06-02 16:33:10,590 - cauldron - INFO   - agent_defs.py - create_all_agents - Creating agent: DevelopmentTrackerAgent
2024-06-02 16:33:10,592 - cauldron - INFO   - agent_defs.py - create_all_agents - Agent DevelopmentTrackerAgent created.
2024-06-02 16:33:10,592 - cauldron - INFO   - agent_defs.py - create_all_agents - All agents created.
2024-06-02 16:33:21,870 - cauldron - DEBUG  - recipe_graph.py - generate_ingredient - Generating JSON representation of Ingredient object.
2024-06-02 16:33:21,871 - cauldron - DEBUG  - recipe_graph.py - to_dict - Creating dictionary representation of Ingredient object.
2024-06-02 16:33:22,792 - cauldron - DEBUG  - recipe_graph.py - generate_ingredient - Generating JSON representation of Ingredient object.
2024-06-02 16:33:22,793 - cauldron - DEBUG  - recipe_graph.py - to_dict - Creating dictionary representation of Ingredient object.
2024-06-02 16:33:23,775 - cauldron - DEBUG  - recipe_graph.py - generate_ingredient - Generating JSON representation of Ingredient object.
2024-06-02 16:33:23,776 - cauldron - DEBUG  - recipe_graph.py - to_dict - Creating dictionary representation of Ingredient object.
2024-06-02 16:33:24,688 - cauldron - DEBUG  - recipe_graph.py - generate_ingredient - Generating JSON representation of Ingredient object.
2024-06-02 16:33:24,688 - cauldron - DEBUG  - recipe_graph.py - to_dict - Creating dictionary representation of Ingredient object.
2024-06-02 16:33:28,215 - cauldron - DEBUG  - recipe_graph.py - generate_recipe - Generating JSON representation of Recipe object.
2024-06-02 16:33:28,215 - cauldron - DEBUG  - recipe_graph.py - from_dict - Creating Ingredient object from dictionary.
2024-06-02 16:33:28,216 - cauldron - DEBUG  - recipe_graph.py - from_dict - Creating Ingredient object from dictionary.
2024-06-02 16:33:28,216 - cauldron - DEBUG  - recipe_graph.py - from_dict - Creating Ingredient object from dictionary.
2024-06-02 16:33:28,216 - cauldron - DEBUG  - recipe_graph.py - from_dict - Creating Ingredient object from dictionary.
2024-06-02 16:33:28,217 - cauldron - DEBUG  - recipe_graph.py - to_dict - Creating dictionary representation of Recipe object.
2024-06-02 16:33:28,217 - cauldron - DEBUG  - recipe_graph.py - to_dict - Creating dictionary representation of Ingredient object.
2024-06-02 16:33:28,217 - cauldron - DEBUG  - recipe_graph.py - to_dict - Creating dictionary representation of Ingredient object.
2024-06-02 16:33:28,218 - cauldron - DEBUG  - recipe_graph.py - to_dict - Creating dictionary representation of Ingredient object.
2024-06-02 16:33:28,218 - cauldron - DEBUG  - recipe_graph.py - to_dict - Creating dictionary representation of Ingredient object.
2024-06-02 16:33:31,502 - cauldron - DEBUG  - recipe_graph.py - create_recipe_graph - Creating recipe graph with foundational recipe.
2024-06-02 16:33:31,503 - cauldron - INFO   - recipe_graph.py - load_graph_from_file - Loading recipe graph from file.
2024-06-02 16:33:31,504 - cauldron - DEBUG  - recipe_graph.py - create_recipe_graph - Creating recipe graph with foundational recipe.
2024-06-02 16:33:31,504 - cauldron - INFO   - recipe_graph.py - save_graph_to_file - Saving recipe graph to file.
