2024-06-03 19:47:26,899 - cauldron - INFO   - cauldron_app.py - __init__ - Initializing Cauldron Application
2024-06-03 19:47:28,149 - cauldron - INFO   - recipe_graph.py - fresh_graph - Creating a new recipe graph.
2024-06-03 19:47:28,150 - cauldron - INFO   - recipe_graph.py - __init__ - Initializing RecipeGraph object.
2024-06-03 19:47:28,151 - cauldron - INFO   - recipe_graph.py - fresh_mods_list - Creating a new mods list.
2024-06-03 19:47:28,152 - cauldron - INFO   - recipe_graph.py - __init__ - Initializing ModsList object.
2024-06-03 19:47:28,152 - cauldron - INFO   - recipe_graph.py - save_mods_list_to_file - Saving mods list to file.
2024-06-03 19:47:28,153 - cauldron - INFO   - agent_defs.py - create_all_agents - Creating all agents.
2024-06-03 19:47:28,155 - cauldron - INFO   - agent_defs.py - create_all_agents - Creating supervisor agent: ConductorAgent
2024-06-03 19:47:28,157 - cauldron - INFO   - agent_defs.py - create_all_agents - Agent ConductorAgent created.
2024-06-03 19:47:28,158 - cauldron - INFO   - agent_defs.py - create_all_agents - Creating supervisor agent: RecipeResearchAgent
2024-06-03 19:47:28,159 - cauldron - INFO   - agent_defs.py - create_all_agents - Agent RecipeResearchAgent created.
2024-06-03 19:47:28,161 - cauldron - INFO   - agent_defs.py - create_all_agents - Creating agent: SearchAgent
2024-06-03 19:47:28,651 - cauldron - INFO   - agent_defs.py - create_all_agents - Agent SearchAgent created.
2024-06-03 19:47:28,652 - cauldron - INFO   - agent_defs.py - create_all_agents - Creating agent: RecipeScraperAgent
2024-06-03 19:47:28,654 - cauldron - INFO   - agent_defs.py - create_all_agents - Agent RecipeScraperAgent created.
2024-06-03 19:47:28,655 - cauldron - INFO   - agent_defs.py - create_all_agents - Creating agent: ModificationsAgent
2024-06-03 19:47:28,658 - cauldron - INFO   - agent_defs.py - create_all_agents - Agent ModificationsAgent created.
2024-06-03 19:47:28,659 - cauldron - INFO   - agent_defs.py - create_all_agents - Creating agent: DevelopmentTrackerAgent
2024-06-03 19:47:28,661 - cauldron - INFO   - agent_defs.py - create_all_agents - Agent DevelopmentTrackerAgent created.
2024-06-03 19:47:28,662 - cauldron - INFO   - agent_defs.py - create_all_agents - All agents created.
