2024-06-03 12:11:47,290 - cauldron - INFO   - cauldron_app.py - __init__ - Initializing Cauldron Application
2024-06-03 12:11:50,253 - cauldron - INFO   - recipe_graph.py - fresh_graph - Creating a new recipe graph.
2024-06-03 12:11:50,254 - cauldron - INFO   - recipe_graph.py - __init__ - Initializing RecipeGraph object.
2024-06-03 12:11:50,256 - cauldron - INFO   - recipe_graph.py - fresh_mods_list - Creating a new mods list.
2024-06-03 12:11:50,257 - cauldron - INFO   - recipe_graph.py - __init__ - Initializing ModsList object.
2024-06-03 12:11:50,258 - cauldron - INFO   - recipe_graph.py - save_mods_list_to_file - Saving mods list to file.
2024-06-03 12:11:50,264 - cauldron - INFO   - agent_defs.py - create_all_agents - Creating all agents.
2024-06-03 12:11:50,265 - cauldron - INFO   - agent_defs.py - create_all_agents - Creating supervisor agent: ConductorAgent
2024-06-03 12:11:50,268 - cauldron - INFO   - agent_defs.py - create_all_agents - Agent ConductorAgent created.
2024-06-03 12:11:50,269 - cauldron - INFO   - agent_defs.py - create_all_agents - Creating supervisor agent: RecipeResearchAgent
2024-06-03 12:11:50,271 - cauldron - INFO   - agent_defs.py - create_all_agents - Agent RecipeResearchAgent created.
2024-06-03 12:11:50,271 - cauldron - INFO   - agent_defs.py - create_all_agents - Creating agent: SearchAgent
2024-06-03 12:11:51,851 - cauldron - INFO   - agent_defs.py - create_all_agents - Agent SearchAgent created.
2024-06-03 12:11:51,852 - cauldron - INFO   - agent_defs.py - create_all_agents - Creating agent: RecipeScraperAgent
2024-06-03 12:11:51,855 - cauldron - INFO   - agent_defs.py - create_all_agents - Agent RecipeScraperAgent created.
2024-06-03 12:11:51,856 - cauldron - INFO   - agent_defs.py - create_all_agents - Creating agent: ModificationsAgent
2024-06-03 12:11:51,869 - cauldron - INFO   - agent_defs.py - create_all_agents - Agent ModificationsAgent created.
2024-06-03 12:11:51,870 - cauldron - INFO   - agent_defs.py - create_all_agents - Creating agent: DevelopmentTrackerAgent
2024-06-03 12:11:51,877 - cauldron - INFO   - agent_defs.py - create_all_agents - Agent DevelopmentTrackerAgent created.
2024-06-03 12:11:51,878 - cauldron - INFO   - agent_defs.py - create_all_agents - All agents created.
