2024-06-04 12:03:07,276 - cauldron - INFO   - cauldron_app.py - __init__ - Initializing Cauldron Application
2024-06-04 12:03:08,203 - cauldron - INFO   - agent_defs.py - create_all_agents - Creating all agents.
2024-06-04 12:03:08,203 - cauldron - INFO   - agent_defs.py - create_all_agents - Creating agent: SummaryAgent
2024-06-04 12:03:08,666 - cauldron - INFO   - agent_defs.py - create_all_agents - Agent SummaryAgent created.
2024-06-04 12:03:08,666 - cauldron - INFO   - agent_defs.py - create_all_agents - Creating supervisor agent: CauldronRouter
2024-06-04 12:03:08,667 - cauldron - INFO   - agent_defs.py - create_all_agents - Agent CauldronRouter created.
2024-06-04 12:03:08,668 - cauldron - INFO   - agent_defs.py - create_all_agents - Creating supervisor agent: RecipeResearchAgent
2024-06-04 12:03:08,668 - cauldron - INFO   - agent_defs.py - create_all_agents - Agent RecipeResearchAgent created.
2024-06-04 12:03:08,668 - cauldron - INFO   - agent_defs.py - create_all_agents - Creating agent: SearchAgent
2024-06-04 12:03:08,670 - cauldron - INFO   - agent_defs.py - create_all_agents - Agent SearchAgent created.
2024-06-04 12:03:08,671 - cauldron - INFO   - agent_defs.py - create_all_agents - Creating agent: RecipeScraperAgent
2024-06-04 12:03:08,674 - cauldron - INFO   - agent_defs.py - create_all_agents - Agent RecipeScraperAgent created.
2024-06-04 12:03:08,674 - cauldron - INFO   - agent_defs.py - create_all_agents - Creating agent: ModificationsAgent
2024-06-04 12:03:08,683 - cauldron - INFO   - agent_defs.py - create_all_agents - Agent ModificationsAgent created.
2024-06-04 12:03:08,684 - cauldron - INFO   - agent_defs.py - create_all_agents - Creating agent: DevelopmentTrackerAgent
2024-06-04 12:03:08,691 - cauldron - INFO   - agent_defs.py - create_all_agents - Agent DevelopmentTrackerAgent created.
2024-06-04 12:03:08,691 - cauldron - INFO   - agent_defs.py - create_all_agents - All agents created.
2024-06-04 12:03:13,275 - cauldron - DEBUG  - recipe_graph.py - give_id - Updating ID for RecipeModification object.
2024-06-04 12:03:13,275 - cauldron - DEBUG  - agent_tools.py - generate_mod - Generating JSON representation of RecipeModification object.
2024-06-04 12:03:13,276 - cauldron - DEBUG  - recipe_graph.py - give_id - Updating ID for RecipeModification object.
2024-06-04 12:03:13,277 - cauldron - DEBUG  - recipe_graph.py - to_dict - Creating dictionary representation of RecipeModification object.
2024-06-04 12:03:14,034 - cauldron - DEBUG  - agent_tools.py - push_mod - Pushing modification from mods list.
2024-06-04 12:03:14,035 - cauldron - INFO   - recipe_graph.py - load_mods_list_from_file - Loading mods list from file.
2024-06-04 12:03:14,039 - cauldron - INFO   - recipe_graph.py - load_graph_from_file - Loading recipe graph from file.
2024-06-04 12:03:14,039 - cauldron - DEBUG  - recipe_graph.py - push_mod - Pushing modification from mods list.
2024-06-04 12:03:14,040 - cauldron - INFO   - recipe_graph.py - save_graph_to_file - Saving recipe graph to file.
2024-06-04 12:03:14,041 - cauldron - INFO   - recipe_graph.py - save_mods_list_to_file - Saving mods list to file.
2024-06-04 12:03:14,042 - cauldron - ERROR  - agent_tools.py - push_mod - Failed to apply modification: None
2024-06-04 12:03:14,762 - cauldron - DEBUG  - agent_tools.py - get_mods_list - Getting mods list.
2024-06-04 12:03:14,762 - cauldron - INFO   - recipe_graph.py - load_mods_list_from_file - Loading mods list from file.
2024-06-04 12:03:14,763 - cauldron - DEBUG  - recipe_graph.py - get_mods_list - Getting mods list.
2024-06-04 12:03:17,841 - cauldron - DEBUG  - recipe_graph.py - give_id - Updating ID for RecipeModification object.
2024-06-04 12:03:17,841 - cauldron - DEBUG  - agent_tools.py - generate_mod - Generating JSON representation of RecipeModification object.
2024-06-04 12:03:17,841 - cauldron - DEBUG  - recipe_graph.py - give_id - Updating ID for RecipeModification object.
2024-06-04 12:03:17,842 - cauldron - DEBUG  - recipe_graph.py - to_dict - Creating dictionary representation of RecipeModification object.
2024-06-04 12:03:18,696 - cauldron - DEBUG  - agent_tools.py - push_mod - Pushing modification from mods list.
2024-06-04 12:03:18,696 - cauldron - INFO   - recipe_graph.py - load_mods_list_from_file - Loading mods list from file.
2024-06-04 12:03:18,697 - cauldron - INFO   - recipe_graph.py - load_graph_from_file - Loading recipe graph from file.
2024-06-04 12:03:18,698 - cauldron - DEBUG  - recipe_graph.py - push_mod - Pushing modification from mods list.
2024-06-04 12:03:18,698 - cauldron - INFO   - recipe_graph.py - save_graph_to_file - Saving recipe graph to file.
2024-06-04 12:03:18,699 - cauldron - INFO   - recipe_graph.py - save_mods_list_to_file - Saving mods list to file.
2024-06-04 12:03:18,700 - cauldron - ERROR  - agent_tools.py - push_mod - Failed to apply modification: None
2024-06-04 12:03:19,395 - cauldron - DEBUG  - agent_tools.py - get_mods_list - Getting mods list.
2024-06-04 12:03:19,395 - cauldron - INFO   - recipe_graph.py - load_mods_list_from_file - Loading mods list from file.
2024-06-04 12:03:19,396 - cauldron - DEBUG  - recipe_graph.py - get_mods_list - Getting mods list.
2024-06-04 12:03:23,091 - cauldron - DEBUG  - recipe_graph.py - give_id - Updating ID for RecipeModification object.
2024-06-04 12:03:23,091 - cauldron - DEBUG  - agent_tools.py - generate_mod - Generating JSON representation of RecipeModification object.
2024-06-04 12:03:23,092 - cauldron - DEBUG  - recipe_graph.py - give_id - Updating ID for RecipeModification object.
2024-06-04 12:03:23,092 - cauldron - DEBUG  - recipe_graph.py - to_dict - Creating dictionary representation of RecipeModification object.
2024-06-04 12:03:24,291 - cauldron - DEBUG  - recipe_graph.py - give_id - Updating ID for RecipeModification object.
2024-06-04 12:03:24,292 - cauldron - DEBUG  - agent_tools.py - suggest_mod - Suggesting modification to mods list.
