2024-06-03 20:42:57,126 - cauldron - INFO   - cauldron_app.py - __init__ - Initializing Cauldron Application
2024-06-03 20:42:58,022 - cauldron - INFO   - recipe_graph.py - fresh_graph - Creating a new recipe graph.
2024-06-03 20:42:58,023 - cauldron - INFO   - recipe_graph.py - __init__ - Initializing RecipeGraph object.
2024-06-03 20:42:58,024 - cauldron - INFO   - recipe_graph.py - fresh_mods_list - Creating a new mods list.
2024-06-03 20:42:58,024 - cauldron - INFO   - recipe_graph.py - __init__ - Initializing ModsList object.
2024-06-03 20:42:58,025 - cauldron - INFO   - recipe_graph.py - save_mods_list_to_file - Saving mods list to file.
2024-06-03 20:42:58,026 - cauldron - INFO   - agent_defs.py - create_all_agents - Creating all agents.
2024-06-03 20:42:58,026 - cauldron - INFO   - agent_defs.py - create_all_agents - Creating supervisor agent: ConductorAgent
2024-06-03 20:42:58,027 - cauldron - INFO   - agent_defs.py - create_all_agents - Agent ConductorAgent created.
2024-06-03 20:42:58,028 - cauldron - INFO   - agent_defs.py - create_all_agents - Creating supervisor agent: RecipeResearchAgent
2024-06-03 20:42:58,028 - cauldron - INFO   - agent_defs.py - create_all_agents - Agent RecipeResearchAgent created.
2024-06-03 20:42:58,029 - cauldron - INFO   - agent_defs.py - create_all_agents - Creating agent: SearchAgent
2024-06-03 20:42:58,492 - cauldron - INFO   - agent_defs.py - create_all_agents - Agent SearchAgent created.
2024-06-03 20:42:58,493 - cauldron - INFO   - agent_defs.py - create_all_agents - Creating agent: RecipeScraperAgent
2024-06-03 20:42:58,496 - cauldron - INFO   - agent_defs.py - create_all_agents - Agent RecipeScraperAgent created.
2024-06-03 20:42:58,496 - cauldron - INFO   - agent_defs.py - create_all_agents - Creating agent: ModificationsAgent
2024-06-03 20:42:58,500 - cauldron - INFO   - agent_defs.py - create_all_agents - Agent ModificationsAgent created.
2024-06-03 20:42:58,500 - cauldron - INFO   - agent_defs.py - create_all_agents - Creating agent: DevelopmentTrackerAgent
2024-06-03 20:42:58,503 - cauldron - INFO   - agent_defs.py - create_all_agents - Agent DevelopmentTrackerAgent created.
2024-06-03 20:42:58,503 - cauldron - INFO   - agent_defs.py - create_all_agents - All agents created.
2024-06-03 20:43:39,692 - cauldron - DEBUG  - agent_tools.py - get_foundational_recipe - Getting foundational recipe from recipe graph.
2024-06-03 20:43:39,692 - cauldron - INFO   - recipe_graph.py - load_graph_from_file - Loading recipe graph from file.
2024-06-03 20:43:39,694 - cauldron - DEBUG  - recipe_graph.py - get_foundational_recipe - Getting foundational recipe from recipe graph.
2024-06-03 20:43:39,694 - cauldron - DEBUG  - recipe_graph.py - get_recipe - Getting recipe from recipe graph.
2024-06-03 20:43:39,695 - cauldron - DEBUG  - recipe_graph.py - get_graph_size - Getting the number of nodes in the recipe graph.
2024-06-03 20:43:43,076 - cauldron - DEBUG  - agent_tools.py - generate_recipe - Generating JSON representation of Recipe object.
2024-06-03 20:43:43,077 - cauldron - DEBUG  - agent_tools.py - generate_recipe - Name: Gluten-Free Sandwich Bread, Ingredients: [Ingredient(name='gluten-free all-purpose flour', quantity=3.0, unit='cups'), Ingredient(name='instant yeast', quantity=1.0, unit='packet'), Ingredient(name='psyllium husk powder', quantity=1.0, unit='tablespoon'), Ingredient(name='baking powder', quantity=1.0, unit='teaspoon'), Ingredient(name='warm water', quantity=1.5, unit='cups'), Ingredient(name='eggs', quantity=2.0, unit=''), Ingredient(name='honey', quantity=0.25, unit='cup'), Ingredient(name='vegetable oil', quantity=0.25, unit='cup')], Instructions: ['Mix dry ingredients in a bowl.', 'Add wet ingredients and mix well to form a dough.', 'Transfer dough to a greased loaf pan.', 'Let the dough rise until doubled in size.', 'Bake in a preheated oven at 350°F for 30-35 minutes or until golden brown.'], Tags: None, Sources: None
2024-06-03 20:43:48,207 - cauldron - DEBUG  - agent_tools.py - create_recipe_graph - Creating recipe graph with foundational recipe.
2024-06-03 20:43:48,207 - cauldron - INFO   - recipe_graph.py - load_graph_from_file - Loading recipe graph from file.
2024-06-03 20:43:48,208 - cauldron - DEBUG  - recipe_graph.py - create_recipe_graph - Creating recipe graph with foundational recipe.
2024-06-03 20:43:48,209 - cauldron - INFO   - recipe_graph.py - save_graph_to_file - Saving recipe graph to file.
2024-06-03 20:43:51,536 - cauldron - DEBUG  - agent_tools.py - get_mods_list - Getting mods list.
2024-06-03 20:43:51,536 - cauldron - INFO   - recipe_graph.py - load_mods_list_from_file - Loading mods list from file.
2024-06-03 20:43:51,538 - cauldron - DEBUG  - recipe_graph.py - get_mods_list - Getting mods list.
2024-06-03 20:43:53,306 - cauldron - INFO   - recipe_graph.py - load_graph_from_file - Loading recipe graph from file.
2024-06-03 20:43:53,313 - cauldron - DEBUG  - recipe_graph.py - get_foundational_recipe - Getting foundational recipe from recipe graph.
2024-06-03 20:43:53,314 - cauldron - DEBUG  - recipe_graph.py - get_recipe - Getting recipe from recipe graph.
2024-06-03 20:43:53,314 - cauldron - DEBUG  - recipe_graph.py - get_graph_size - Getting the number of nodes in the recipe graph.
