2024-05-30 16:20:45,171 - cauldron - INFO   - cauldron_app.py - Initializing Cauldron Application
2024-05-30 16:20:46,436 - cauldron - INFO   - agent_defs.py - Creating all agents.
2024-05-30 16:20:46,437 - cauldron - INFO   - agent_defs.py - Creating supervisor agent: ConductorAgent
2024-05-30 16:20:46,438 - cauldron - INFO   - agent_defs.py - Agent ConductorAgent created.
2024-05-30 16:20:46,439 - cauldron - INFO   - agent_defs.py - Creating supervisor agent: RecipeResearchAgent
2024-05-30 16:20:46,440 - cauldron - INFO   - agent_defs.py - Agent RecipeResearchAgent created.
2024-05-30 16:20:46,441 - cauldron - INFO   - agent_defs.py - Creating agent: FlavorProfileAgent
2024-05-30 16:20:46,986 - cauldron - INFO   - agent_defs.py - Agent FlavorProfileAgent created.
2024-05-30 16:20:46,986 - cauldron - INFO   - agent_defs.py - Creating agent: NutrionalAnalysisAgent
2024-05-30 16:20:46,987 - cauldron - INFO   - agent_defs.py - Agent NutrionalAnalysisAgent created.
2024-05-30 16:20:46,987 - cauldron - INFO   - agent_defs.py - Creating agent: CostAvailabilityAgent
2024-05-30 16:20:46,988 - cauldron - INFO   - agent_defs.py - Agent CostAvailabilityAgent created.
2024-05-30 16:20:46,989 - cauldron - INFO   - agent_defs.py - Creating agent: FeedbackAgent
2024-05-30 16:20:46,990 - cauldron - INFO   - agent_defs.py - Agent FeedbackAgent created.
2024-05-30 16:20:46,990 - cauldron - INFO   - agent_defs.py - Creating agent: SQLAgent
2024-05-30 16:20:46,991 - cauldron - INFO   - agent_defs.py - Agent SQLAgent created.
2024-05-30 16:20:46,991 - cauldron - INFO   - agent_defs.py - Creating agent: ModificationsAgent
2024-05-30 16:20:46,995 - cauldron - INFO   - agent_defs.py - Agent ModificationsAgent created.
2024-05-30 16:20:46,996 - cauldron - INFO   - agent_defs.py - Creating agent: DevelopmentTrackerAgent
2024-05-30 16:20:46,998 - cauldron - INFO   - agent_defs.py - Agent DevelopmentTrackerAgent created.
2024-05-30 16:20:46,998 - cauldron - INFO   - agent_defs.py - Creating agent: PeripheralFeedbackAgent
2024-05-30 16:20:46,999 - cauldron - INFO   - agent_defs.py - Agent PeripheralFeedbackAgent created.
2024-05-30 16:20:46,999 - cauldron - INFO   - agent_defs.py - All agents created.
