2024-06-02 16:48:10,173 - cauldron - INFO   - cauldron_app.py - __init__ - Initializing Cauldron Application
2024-06-02 16:48:11,191 - cauldron - INFO   - recipe_graph.py - fresh_graph - Creating a new recipe graph.
2024-06-02 16:48:11,192 - cauldron - INFO   - recipe_graph.py - __init__ - Initializing RecipeGraph object.
2024-06-02 16:48:11,193 - cauldron - INFO   - recipe_graph.py - fresh_mods_list - Creating a new mods list.
2024-06-02 16:48:11,193 - cauldron - INFO   - recipe_graph.py - __init__ - Initializing ModsList object.
2024-06-02 16:48:11,193 - cauldron - INFO   - recipe_graph.py - save_mods_list_to_file - Saving mods list to file.
2024-06-02 16:48:11,194 - cauldron - INFO   - agent_defs.py - create_all_agents - Creating all agents.
2024-06-02 16:48:11,195 - cauldron - INFO   - agent_defs.py - create_all_agents - Creating supervisor agent: ConductorAgent
2024-06-02 16:48:11,195 - cauldron - INFO   - agent_defs.py - create_all_agents - Agent ConductorAgent created.
2024-06-02 16:48:11,196 - cauldron - INFO   - agent_defs.py - create_all_agents - Creating supervisor agent: RecipeResearchAgent
2024-06-02 16:48:11,196 - cauldron - INFO   - agent_defs.py - create_all_agents - Agent RecipeResearchAgent created.
2024-06-02 16:48:11,196 - cauldron - INFO   - agent_defs.py - create_all_agents - Creating agent: SearchAgent
2024-06-02 16:48:11,738 - cauldron - INFO   - agent_defs.py - create_all_agents - Agent SearchAgent created.
2024-06-02 16:48:11,739 - cauldron - INFO   - agent_defs.py - create_all_agents - Creating agent: RecipeScraperAgent
2024-06-02 16:48:11,742 - cauldron - INFO   - agent_defs.py - create_all_agents - Agent RecipeScraperAgent created.
2024-06-02 16:48:11,743 - cauldron - INFO   - agent_defs.py - create_all_agents - Creating agent: ModificationsAgent
2024-06-02 16:48:11,755 - cauldron - INFO   - agent_defs.py - create_all_agents - Agent ModificationsAgent created.
2024-06-02 16:48:11,756 - cauldron - INFO   - agent_defs.py - create_all_agents - Creating agent: DevelopmentTrackerAgent
2024-06-02 16:48:11,760 - cauldron - INFO   - agent_defs.py - create_all_agents - Agent DevelopmentTrackerAgent created.
2024-06-02 16:48:11,760 - cauldron - INFO   - agent_defs.py - create_all_agents - All agents created.
2024-06-02 16:48:52,841 - cauldron - DEBUG  - agent_tools.py - generate_recipe - Generating JSON representation of Recipe object.
2024-06-02 16:48:52,841 - cauldron - DEBUG  - recipe_graph.py - from_dict - Creating Ingredient object from dictionary.
2024-06-02 16:48:52,842 - cauldron - DEBUG  - recipe_graph.py - from_dict - Creating Ingredient object from dictionary.
2024-06-02 16:48:52,843 - cauldron - DEBUG  - recipe_graph.py - from_dict - Creating Ingredient object from dictionary.
2024-06-02 16:48:52,843 - cauldron - DEBUG  - recipe_graph.py - from_dict - Creating Ingredient object from dictionary.
2024-06-02 16:48:52,844 - cauldron - DEBUG  - recipe_graph.py - from_dict - Creating Ingredient object from dictionary.
2024-06-02 16:48:52,845 - cauldron - DEBUG  - recipe_graph.py - from_dict - Creating Ingredient object from dictionary.
2024-06-02 16:48:52,846 - cauldron - DEBUG  - recipe_graph.py - from_dict - Creating Ingredient object from dictionary.
2024-06-02 16:48:52,846 - cauldron - DEBUG  - recipe_graph.py - from_dict - Creating Ingredient object from dictionary.
2024-06-02 16:48:52,847 - cauldron - DEBUG  - recipe_graph.py - from_dict - Creating Ingredient object from dictionary.
2024-06-02 16:48:52,848 - cauldron - DEBUG  - recipe_graph.py - from_dict - Creating Ingredient object from dictionary.
2024-06-02 16:48:52,848 - cauldron - DEBUG  - recipe_graph.py - to_dict - Creating dictionary representation of Recipe object.
2024-06-02 16:48:52,849 - cauldron - DEBUG  - recipe_graph.py - to_dict - Creating dictionary representation of Ingredient object.
2024-06-02 16:48:52,850 - cauldron - DEBUG  - recipe_graph.py - to_dict - Creating dictionary representation of Ingredient object.
2024-06-02 16:48:52,850 - cauldron - DEBUG  - recipe_graph.py - to_dict - Creating dictionary representation of Ingredient object.
2024-06-02 16:48:52,851 - cauldron - DEBUG  - recipe_graph.py - to_dict - Creating dictionary representation of Ingredient object.
2024-06-02 16:48:52,852 - cauldron - DEBUG  - recipe_graph.py - to_dict - Creating dictionary representation of Ingredient object.
2024-06-02 16:48:52,852 - cauldron - DEBUG  - recipe_graph.py - to_dict - Creating dictionary representation of Ingredient object.
2024-06-02 16:48:52,853 - cauldron - DEBUG  - recipe_graph.py - to_dict - Creating dictionary representation of Ingredient object.
2024-06-02 16:48:52,853 - cauldron - DEBUG  - recipe_graph.py - to_dict - Creating dictionary representation of Ingredient object.
2024-06-02 16:48:52,854 - cauldron - DEBUG  - recipe_graph.py - to_dict - Creating dictionary representation of Ingredient object.
2024-06-02 16:48:52,855 - cauldron - DEBUG  - recipe_graph.py - to_dict - Creating dictionary representation of Ingredient object.
2024-06-02 16:48:57,661 - cauldron - DEBUG  - agent_tools.py - add_node - Adding node to recipe graph.
2024-06-02 16:48:57,662 - cauldron - INFO   - recipe_graph.py - load_graph_from_file - Loading recipe graph from file.
2024-06-02 16:48:57,664 - cauldron - DEBUG  - recipe_graph.py - add_node - Adding node to recipe graph.
2024-06-02 16:48:57,664 - cauldron - DEBUG  - recipe_graph.py - add_node - Node ID: cf7532ed-2b29-46bf-8ba2-70214465a39c
2024-06-02 16:48:57,665 - cauldron - INFO   - recipe_graph.py - save_graph_to_file - Saving recipe graph to file.
2024-06-02 16:49:34,861 - cauldron - ERROR  - agent_tools.py - get_recipe_info - Failed to scrape recipe: recipe-scrapers exception: No Recipe Schema found at https://www.example.com/recipe.
2024-06-02 16:49:50,975 - cauldron - DEBUG  - agent_tools.py - get_foundational_recipe - Getting foundational recipe from recipe graph.
2024-06-02 16:49:50,976 - cauldron - INFO   - recipe_graph.py - load_graph_from_file - Loading recipe graph from file.
2024-06-02 16:49:50,982 - cauldron - DEBUG  - recipe_graph.py - get_foundational_recipe - Getting foundational recipe from recipe graph.
2024-06-02 16:49:50,983 - cauldron - DEBUG  - recipe_graph.py - get_recipe - Getting recipe from recipe graph.
2024-06-02 16:49:50,984 - cauldron - DEBUG  - recipe_graph.py - get_graph_size - Getting the number of nodes in the recipe graph.
2024-06-02 16:49:54,605 - cauldron - DEBUG  - agent_tools.py - generate_mod - Generating JSON representation of RecipeModification object.
2024-06-02 16:49:54,606 - cauldron - DEBUG  - recipe_graph.py - to_dict - Creating dictionary representation of RecipeModification object.
2024-06-02 16:50:08,164 - cauldron - DEBUG  - agent_tools.py - add_node - Adding node to recipe graph.
2024-06-02 16:50:08,165 - cauldron - INFO   - recipe_graph.py - load_graph_from_file - Loading recipe graph from file.
2024-06-02 16:50:08,166 - cauldron - DEBUG  - recipe_graph.py - add_node - Adding node to recipe graph.
2024-06-02 16:50:08,166 - cauldron - DEBUG  - recipe_graph.py - add_node - Node ID: 4ec21ebf-2624-4f93-b8a2-b7086efd73ca
2024-06-02 16:50:08,167 - cauldron - INFO   - recipe_graph.py - save_graph_to_file - Saving recipe graph to file.
