2024-05-30 14:24:43,735 - cauldron - INFO   - cauldron_app.py - Initializing Cauldron Application
2024-05-30 14:24:44,984 - cauldron - INFO   - agent_defs.py - Creating all agents.
2024-05-30 14:24:44,985 - cauldron - INFO   - agent_defs.py - Creating supervisor agent: ConductorAgent
2024-05-30 14:24:44,986 - cauldron - INFO   - agent_defs.py - Agent ConductorAgent created.
2024-05-30 14:24:44,987 - cauldron - INFO   - agent_defs.py - Creating supervisor agent: RecipeResearchAgent
2024-05-30 14:24:44,987 - cauldron - INFO   - agent_defs.py - Agent RecipeResearchAgent created.
2024-05-30 14:24:44,988 - cauldron - INFO   - agent_defs.py - Creating agent: FlavorProfileAgent
2024-05-30 14:24:45,557 - cauldron - INFO   - agent_defs.py - Agent FlavorProfileAgent created.
2024-05-30 14:24:45,557 - cauldron - INFO   - agent_defs.py - Creating agent: NutrionalAnalysisAgent
2024-05-30 14:24:45,558 - cauldron - INFO   - agent_defs.py - Agent NutrionalAnalysisAgent created.
2024-05-30 14:24:45,559 - cauldron - INFO   - agent_defs.py - Creating agent: CostAvailabilityAgent
2024-05-30 14:24:45,560 - cauldron - INFO   - agent_defs.py - Agent CostAvailabilityAgent created.
2024-05-30 14:24:45,560 - cauldron - INFO   - agent_defs.py - Creating agent: FeedbackAgent
2024-05-30 14:24:45,561 - cauldron - INFO   - agent_defs.py - Agent FeedbackAgent created.
2024-05-30 14:24:45,561 - cauldron - INFO   - agent_defs.py - Creating agent: SQLAgent
2024-05-30 14:24:45,562 - cauldron - INFO   - agent_defs.py - Agent SQLAgent created.
2024-05-30 14:24:45,563 - cauldron - INFO   - agent_defs.py - Creating agent: ModificationsAgent
2024-05-30 14:24:45,566 - cauldron - INFO   - agent_defs.py - Agent ModificationsAgent created.
2024-05-30 14:24:45,566 - cauldron - INFO   - agent_defs.py - Creating agent: DevelopmentTrackerAgent
2024-05-30 14:24:45,568 - cauldron - INFO   - agent_defs.py - Agent DevelopmentTrackerAgent created.
2024-05-30 14:24:45,569 - cauldron - INFO   - agent_defs.py - Creating agent: PeripheralFeedbackAgent
2024-05-30 14:24:45,570 - cauldron - INFO   - agent_defs.py - Agent PeripheralFeedbackAgent created.
2024-05-30 14:24:45,571 - cauldron - INFO   - agent_defs.py - All agents created.
