2024-06-05 08:27:29,776 - cauldron - INFO   - cauldron_app.py - __init__ - Initializing Cauldron Application
2024-06-05 08:27:30,806 - cauldron - INFO   - recipe_graph.py - fresh_graph - Creating a new recipe graph.
2024-06-05 08:27:30,807 - cauldron - INFO   - recipe_graph.py - __init__ - Initializing RecipeGraph object.
2024-06-05 08:27:30,808 - cauldron - INFO   - recipe_graph.py - fresh_mods_list - Creating a new mods list.
2024-06-05 08:27:30,809 - cauldron - INFO   - recipe_graph.py - __init__ - Initializing ModsList object.
2024-06-05 08:27:30,809 - cauldron - INFO   - recipe_graph.py - save_mods_list_to_file - Saving mods list to file.
2024-06-05 08:27:30,809 - cauldron - INFO   - agent_defs.py - create_all_agents - Creating all agents.
2024-06-05 08:27:30,810 - cauldron - INFO   - agent_defs.py - create_all_agents - Creating agent: SummaryAgent
2024-06-05 08:27:31,326 - cauldron - INFO   - agent_defs.py - create_all_agents - Agent SummaryAgent created.
2024-06-05 08:27:31,327 - cauldron - INFO   - agent_defs.py - create_all_agents - Creating supervisor agent: CauldronRouter
2024-06-05 08:27:31,327 - cauldron - INFO   - agent_defs.py - create_all_agents - Agent CauldronRouter created.
2024-06-05 08:27:31,329 - cauldron - INFO   - agent_defs.py - create_all_agents - Creating supervisor agent: RecipeResearchAgent
2024-06-05 08:27:31,329 - cauldron - INFO   - agent_defs.py - create_all_agents - Agent RecipeResearchAgent created.
2024-06-05 08:27:31,329 - cauldron - INFO   - agent_defs.py - create_all_agents - Creating agent: SearchAgent
2024-06-05 08:27:31,331 - cauldron - INFO   - agent_defs.py - create_all_agents - Agent SearchAgent created.
2024-06-05 08:27:31,331 - cauldron - INFO   - agent_defs.py - create_all_agents - Creating agent: RecipeScraperAgent
2024-06-05 08:27:31,333 - cauldron - INFO   - agent_defs.py - create_all_agents - Agent RecipeScraperAgent created.
2024-06-05 08:27:31,333 - cauldron - INFO   - agent_defs.py - create_all_agents - Creating agent: ModificationsAgent
2024-06-05 08:27:31,339 - cauldron - INFO   - agent_defs.py - create_all_agents - Agent ModificationsAgent created.
2024-06-05 08:27:31,340 - cauldron - INFO   - agent_defs.py - create_all_agents - Creating agent: DevelopmentTrackerAgent
2024-06-05 08:27:31,344 - cauldron - INFO   - agent_defs.py - create_all_agents - Agent DevelopmentTrackerAgent created.
2024-06-05 08:27:31,344 - cauldron - INFO   - agent_defs.py - create_all_agents - All agents created.
