2024-06-02 16:35:11,312 - cauldron - INFO   - cauldron_app.py - __init__ - Initializing Cauldron Application
2024-06-02 16:35:12,266 - cauldron - INFO   - recipe_graph.py - fresh_graph - Creating a new recipe graph.
2024-06-02 16:35:12,266 - cauldron - INFO   - recipe_graph.py - __init__ - Initializing RecipeGraph object.
2024-06-02 16:35:12,267 - cauldron - INFO   - recipe_graph.py - fresh_mods_list - Creating a new mods list.
2024-06-02 16:35:12,268 - cauldron - INFO   - recipe_graph.py - __init__ - Initializing ModsList object.
2024-06-02 16:35:12,268 - cauldron - INFO   - recipe_graph.py - save_mods_list_to_file - Saving mods list to file.
2024-06-02 16:35:12,270 - cauldron - INFO   - agent_defs.py - create_all_agents - Creating all agents.
2024-06-02 16:35:12,270 - cauldron - INFO   - agent_defs.py - create_all_agents - Creating supervisor agent: ConductorAgent
2024-06-02 16:35:12,271 - cauldron - INFO   - agent_defs.py - create_all_agents - Agent ConductorAgent created.
2024-06-02 16:35:12,271 - cauldron - INFO   - agent_defs.py - create_all_agents - Creating supervisor agent: RecipeResearchAgent
2024-06-02 16:35:12,272 - cauldron - INFO   - agent_defs.py - create_all_agents - Agent RecipeResearchAgent created.
2024-06-02 16:35:12,272 - cauldron - INFO   - agent_defs.py - create_all_agents - Creating agent: SearchAgent
2024-06-02 16:35:12,752 - cauldron - INFO   - agent_defs.py - create_all_agents - Agent SearchAgent created.
2024-06-02 16:35:12,753 - cauldron - INFO   - agent_defs.py - create_all_agents - Creating agent: RecipeScraperAgent
2024-06-02 16:35:12,754 - cauldron - INFO   - agent_defs.py - create_all_agents - Agent RecipeScraperAgent created.
2024-06-02 16:35:12,754 - cauldron - INFO   - agent_defs.py - create_all_agents - Creating agent: ModificationsAgent
2024-06-02 16:35:12,758 - cauldron - INFO   - agent_defs.py - create_all_agents - Agent ModificationsAgent created.
2024-06-02 16:35:12,758 - cauldron - INFO   - agent_defs.py - create_all_agents - Creating agent: DevelopmentTrackerAgent
2024-06-02 16:35:12,760 - cauldron - INFO   - agent_defs.py - create_all_agents - Agent DevelopmentTrackerAgent created.
2024-06-02 16:35:12,761 - cauldron - INFO   - agent_defs.py - create_all_agents - All agents created.
2024-06-02 16:36:09,635 - cauldron - DEBUG  - recipe_graph.py - create_recipe_graph - Creating recipe graph with foundational recipe.
2024-06-02 16:36:09,635 - cauldron - INFO   - recipe_graph.py - load_graph_from_file - Loading recipe graph from file.
2024-06-02 16:36:09,637 - cauldron - DEBUG  - recipe_graph.py - create_recipe_graph - Creating recipe graph with foundational recipe.
2024-06-02 16:36:09,638 - cauldron - INFO   - recipe_graph.py - save_graph_to_file - Saving recipe graph to file.
