2024-05-30 16:37:41,406 - cauldron - INFO   - cauldron_app.py - Initializing Cauldron Application
2024-05-30 16:37:42,731 - cauldron - INFO   - agent_defs.py - Creating all agents.
2024-05-30 16:37:42,731 - cauldron - INFO   - agent_defs.py - Creating supervisor agent: ConductorAgent
2024-05-30 16:37:42,733 - cauldron - INFO   - agent_defs.py - Agent ConductorAgent created.
2024-05-30 16:37:42,733 - cauldron - INFO   - agent_defs.py - Creating supervisor agent: RecipeResearchAgent
2024-05-30 16:37:42,734 - cauldron - INFO   - agent_defs.py - Agent RecipeResearchAgent created.
2024-05-30 16:37:42,736 - cauldron - INFO   - agent_defs.py - Creating agent: FlavorProfileAgent
2024-05-30 16:37:43,244 - cauldron - INFO   - agent_defs.py - Agent FlavorProfileAgent created.
2024-05-30 16:37:43,244 - cauldron - INFO   - agent_defs.py - Creating agent: NutrionalAnalysisAgent
2024-05-30 16:37:43,246 - cauldron - INFO   - agent_defs.py - Agent NutrionalAnalysisAgent created.
2024-05-30 16:37:43,246 - cauldron - INFO   - agent_defs.py - Creating agent: CostAvailabilityAgent
2024-05-30 16:37:43,247 - cauldron - INFO   - agent_defs.py - Agent CostAvailabilityAgent created.
2024-05-30 16:37:43,247 - cauldron - INFO   - agent_defs.py - Creating agent: FeedbackAgent
2024-05-30 16:37:43,248 - cauldron - INFO   - agent_defs.py - Agent FeedbackAgent created.
2024-05-30 16:37:43,249 - cauldron - INFO   - agent_defs.py - Creating agent: SQLAgent
2024-05-30 16:37:43,250 - cauldron - INFO   - agent_defs.py - Agent SQLAgent created.
2024-05-30 16:37:43,250 - cauldron - INFO   - agent_defs.py - Creating agent: ModificationsAgent
2024-05-30 16:37:43,254 - cauldron - INFO   - agent_defs.py - Agent ModificationsAgent created.
2024-05-30 16:37:43,254 - cauldron - INFO   - agent_defs.py - Creating agent: DevelopmentTrackerAgent
2024-05-30 16:37:43,257 - cauldron - INFO   - agent_defs.py - Agent DevelopmentTrackerAgent created.
2024-05-30 16:37:43,258 - cauldron - INFO   - agent_defs.py - Creating agent: PeripheralFeedbackAgent
2024-05-30 16:37:43,261 - cauldron - INFO   - agent_defs.py - Agent PeripheralFeedbackAgent created.
2024-05-30 16:37:43,261 - cauldron - INFO   - agent_defs.py - All agents created.
