2024-06-05 10:21:02,686 - cauldron - INFO   - cauldron_app.py - __init__ - Initializing Cauldron Application
2024-06-05 10:21:04,329 - cauldron - INFO   - recipe_graph.py - fresh_graph - Creating a new recipe graph.
2024-06-05 10:21:04,330 - cauldron - INFO   - recipe_graph.py - __init__ - Initializing RecipeGraph object.
2024-06-05 10:21:04,331 - cauldron - INFO   - recipe_graph.py - fresh_mods_list - Creating a new mods list.
2024-06-05 10:21:04,332 - cauldron - INFO   - recipe_graph.py - __init__ - Initializing ModsList object.
2024-06-05 10:21:04,332 - cauldron - INFO   - recipe_graph.py - save_mods_list_to_file - Saving mods list to file.
2024-06-05 10:21:04,358 - cauldron - INFO   - agent_defs.py - create_all_agents - Creating all agents.
2024-06-05 10:21:04,359 - cauldron - INFO   - agent_defs.py - create_all_agents - Creating agent: SummaryAgent
2024-06-05 10:21:05,201 - cauldron - INFO   - agent_defs.py - create_all_agents - Agent SummaryAgent created.
2024-06-05 10:21:05,202 - cauldron - INFO   - agent_defs.py - create_all_agents - Creating supervisor agent: CauldronRouter
2024-06-05 10:21:05,203 - cauldron - INFO   - agent_defs.py - create_all_agents - Agent CauldronRouter created.
2024-06-05 10:21:05,203 - cauldron - INFO   - agent_defs.py - create_all_agents - Creating supervisor agent: RecipeResearchAgent
2024-06-05 10:21:05,204 - cauldron - INFO   - agent_defs.py - create_all_agents - Agent RecipeResearchAgent created.
2024-06-05 10:21:05,205 - cauldron - INFO   - agent_defs.py - create_all_agents - Creating agent: SearchAgent
2024-06-05 10:21:05,207 - cauldron - INFO   - agent_defs.py - create_all_agents - Agent SearchAgent created.
2024-06-05 10:21:05,208 - cauldron - INFO   - agent_defs.py - create_all_agents - Creating agent: RecipeScraperAgent
2024-06-05 10:21:05,213 - cauldron - INFO   - agent_defs.py - create_all_agents - Agent RecipeScraperAgent created.
2024-06-05 10:21:05,213 - cauldron - INFO   - agent_defs.py - create_all_agents - Creating agent: ModificationsAgent
2024-06-05 10:21:05,222 - cauldron - INFO   - agent_defs.py - create_all_agents - Agent ModificationsAgent created.
2024-06-05 10:21:05,223 - cauldron - INFO   - agent_defs.py - create_all_agents - Creating agent: DevelopmentTrackerAgent
2024-06-05 10:21:05,227 - cauldron - INFO   - agent_defs.py - create_all_agents - Agent DevelopmentTrackerAgent created.
2024-06-05 10:21:05,228 - cauldron - INFO   - agent_defs.py - create_all_agents - All agents created.
2024-06-05 10:21:49,826 - cauldron - DEBUG  - agent_tools.py - create_recipe_graph - Creating recipe graph with foundational recipe.
2024-06-05 10:21:49,827 - cauldron - INFO   - recipe_graph.py - load_graph_from_file - Loading recipe graph from file.
