2024-06-02 16:45:25,781 - cauldron - INFO   - cauldron_app.py - __init__ - Initializing Cauldron Application
2024-06-02 16:45:26,882 - cauldron - INFO   - recipe_graph.py - fresh_graph - Creating a new recipe graph.
2024-06-02 16:45:26,882 - cauldron - INFO   - recipe_graph.py - __init__ - Initializing RecipeGraph object.
2024-06-02 16:45:26,883 - cauldron - INFO   - recipe_graph.py - fresh_mods_list - Creating a new mods list.
2024-06-02 16:45:26,883 - cauldron - INFO   - recipe_graph.py - __init__ - Initializing ModsList object.
2024-06-02 16:45:26,884 - cauldron - INFO   - recipe_graph.py - save_mods_list_to_file - Saving mods list to file.
2024-06-02 16:45:26,885 - cauldron - INFO   - agent_defs.py - create_all_agents - Creating all agents.
2024-06-02 16:45:26,885 - cauldron - INFO   - agent_defs.py - create_all_agents - Creating supervisor agent: ConductorAgent
2024-06-02 16:45:26,886 - cauldron - INFO   - agent_defs.py - create_all_agents - Agent ConductorAgent created.
2024-06-02 16:45:26,886 - cauldron - INFO   - agent_defs.py - create_all_agents - Creating supervisor agent: RecipeResearchAgent
2024-06-02 16:45:26,887 - cauldron - INFO   - agent_defs.py - create_all_agents - Agent RecipeResearchAgent created.
2024-06-02 16:45:26,887 - cauldron - INFO   - agent_defs.py - create_all_agents - Creating agent: SearchAgent
2024-06-02 16:45:27,447 - cauldron - INFO   - agent_defs.py - create_all_agents - Agent SearchAgent created.
2024-06-02 16:45:27,448 - cauldron - INFO   - agent_defs.py - create_all_agents - Creating agent: RecipeScraperAgent
2024-06-02 16:45:27,452 - cauldron - INFO   - agent_defs.py - create_all_agents - Agent RecipeScraperAgent created.
2024-06-02 16:45:27,453 - cauldron - INFO   - agent_defs.py - create_all_agents - Creating agent: ModificationsAgent
2024-06-02 16:45:27,468 - cauldron - INFO   - agent_defs.py - create_all_agents - Agent ModificationsAgent created.
2024-06-02 16:45:27,471 - cauldron - INFO   - agent_defs.py - create_all_agents - Creating agent: DevelopmentTrackerAgent
2024-06-02 16:45:27,475 - cauldron - INFO   - agent_defs.py - create_all_agents - Agent DevelopmentTrackerAgent created.
2024-06-02 16:45:27,476 - cauldron - INFO   - agent_defs.py - create_all_agents - All agents created.
2024-06-02 16:46:05,651 - cauldron - DEBUG  - agent_tools.py - generate_recipe - Generating JSON representation of Recipe object.
2024-06-02 16:46:05,652 - cauldron - DEBUG  - recipe_graph.py - from_dict - Creating Ingredient object from dictionary.
2024-06-02 16:46:05,653 - cauldron - DEBUG  - recipe_graph.py - from_dict - Creating Ingredient object from dictionary.
2024-06-02 16:46:05,653 - cauldron - DEBUG  - recipe_graph.py - from_dict - Creating Ingredient object from dictionary.
2024-06-02 16:46:05,654 - cauldron - DEBUG  - recipe_graph.py - from_dict - Creating Ingredient object from dictionary.
2024-06-02 16:46:05,655 - cauldron - DEBUG  - recipe_graph.py - from_dict - Creating Ingredient object from dictionary.
2024-06-02 16:46:05,655 - cauldron - DEBUG  - recipe_graph.py - from_dict - Creating Ingredient object from dictionary.
2024-06-02 16:46:05,656 - cauldron - DEBUG  - recipe_graph.py - from_dict - Creating Ingredient object from dictionary.
2024-06-02 16:46:05,656 - cauldron - DEBUG  - recipe_graph.py - from_dict - Creating Ingredient object from dictionary.
2024-06-02 16:46:05,657 - cauldron - DEBUG  - recipe_graph.py - from_dict - Creating Ingredient object from dictionary.
2024-06-02 16:46:05,658 - cauldron - DEBUG  - recipe_graph.py - from_dict - Creating Ingredient object from dictionary.
2024-06-02 16:46:05,658 - cauldron - DEBUG  - recipe_graph.py - from_dict - Creating Ingredient object from dictionary.
2024-06-02 16:46:05,659 - cauldron - DEBUG  - recipe_graph.py - to_dict - Creating dictionary representation of Recipe object.
2024-06-02 16:46:05,659 - cauldron - DEBUG  - recipe_graph.py - to_dict - Creating dictionary representation of Ingredient object.
2024-06-02 16:46:05,660 - cauldron - DEBUG  - recipe_graph.py - to_dict - Creating dictionary representation of Ingredient object.
2024-06-02 16:46:05,661 - cauldron - DEBUG  - recipe_graph.py - to_dict - Creating dictionary representation of Ingredient object.
2024-06-02 16:46:05,661 - cauldron - DEBUG  - recipe_graph.py - to_dict - Creating dictionary representation of Ingredient object.
2024-06-02 16:46:05,662 - cauldron - DEBUG  - recipe_graph.py - to_dict - Creating dictionary representation of Ingredient object.
2024-06-02 16:46:05,662 - cauldron - DEBUG  - recipe_graph.py - to_dict - Creating dictionary representation of Ingredient object.
2024-06-02 16:46:05,663 - cauldron - DEBUG  - recipe_graph.py - to_dict - Creating dictionary representation of Ingredient object.
2024-06-02 16:46:05,663 - cauldron - DEBUG  - recipe_graph.py - to_dict - Creating dictionary representation of Ingredient object.
2024-06-02 16:46:05,663 - cauldron - DEBUG  - recipe_graph.py - to_dict - Creating dictionary representation of Ingredient object.
2024-06-02 16:46:05,664 - cauldron - DEBUG  - recipe_graph.py - to_dict - Creating dictionary representation of Ingredient object.
2024-06-02 16:46:05,664 - cauldron - DEBUG  - recipe_graph.py - to_dict - Creating dictionary representation of Ingredient object.
2024-06-02 16:46:12,906 - cauldron - DEBUG  - agent_tools.py - add_node - Adding node to recipe graph.
2024-06-02 16:46:12,907 - cauldron - INFO   - recipe_graph.py - load_graph_from_file - Loading recipe graph from file.
2024-06-02 16:46:12,909 - cauldron - DEBUG  - recipe_graph.py - add_node - Adding node to recipe graph.
