2024-06-04 11:29:12,578 - cauldron - INFO   - cauldron_app.py - __init__ - Initializing Cauldron Application
2024-06-04 11:29:15,580 - cauldron - INFO   - recipe_graph.py - fresh_graph - Creating a new recipe graph.
2024-06-04 11:29:15,581 - cauldron - INFO   - recipe_graph.py - __init__ - Initializing RecipeGraph object.
2024-06-04 11:29:15,583 - cauldron - INFO   - recipe_graph.py - fresh_mods_list - Creating a new mods list.
2024-06-04 11:29:15,584 - cauldron - INFO   - recipe_graph.py - __init__ - Initializing ModsList object.
2024-06-04 11:29:15,585 - cauldron - INFO   - recipe_graph.py - save_mods_list_to_file - Saving mods list to file.
2024-06-04 11:29:15,591 - cauldron - INFO   - agent_defs.py - create_all_agents - Creating all agents.
2024-06-04 11:29:15,592 - cauldron - INFO   - agent_defs.py - create_all_agents - Creating agent: SummaryAgent
2024-06-04 11:29:17,259 - cauldron - INFO   - agent_defs.py - create_all_agents - Agent SummaryAgent created.
2024-06-04 11:29:17,260 - cauldron - INFO   - agent_defs.py - create_all_agents - Creating supervisor agent: CauldronRouter
2024-06-04 11:29:17,262 - cauldron - INFO   - agent_defs.py - create_all_agents - Agent CauldronRouter created.
2024-06-04 11:29:17,263 - cauldron - INFO   - agent_defs.py - create_all_agents - Creating supervisor agent: RecipeResearchAgent
2024-06-04 11:29:17,265 - cauldron - INFO   - agent_defs.py - create_all_agents - Agent RecipeResearchAgent created.
2024-06-04 11:29:17,266 - cauldron - INFO   - agent_defs.py - create_all_agents - Creating agent: SearchAgent
2024-06-04 11:29:17,270 - cauldron - INFO   - agent_defs.py - create_all_agents - Agent SearchAgent created.
2024-06-04 11:29:17,272 - cauldron - INFO   - agent_defs.py - create_all_agents - Creating agent: RecipeScraperAgent
2024-06-04 11:29:17,279 - cauldron - INFO   - agent_defs.py - create_all_agents - Agent RecipeScraperAgent created.
2024-06-04 11:29:17,280 - cauldron - INFO   - agent_defs.py - create_all_agents - Creating agent: ModificationsAgent
2024-06-04 11:29:17,292 - cauldron - INFO   - agent_defs.py - create_all_agents - Agent ModificationsAgent created.
2024-06-04 11:29:17,293 - cauldron - INFO   - agent_defs.py - create_all_agents - Creating agent: DevelopmentTrackerAgent
2024-06-04 11:29:17,300 - cauldron - INFO   - agent_defs.py - create_all_agents - Agent DevelopmentTrackerAgent created.
2024-06-04 11:29:17,301 - cauldron - INFO   - agent_defs.py - create_all_agents - All agents created.
2024-06-04 11:29:49,106 - cauldron - ERROR  - agent_tools.py - get_recipe_info - Failed to get name: argument of type 'NoneType' is not iterable
2024-06-04 11:30:10,775 - cauldron - DEBUG  - agent_tools.py - get_graph - Getting recipe graph.
2024-06-04 11:30:10,777 - cauldron - INFO   - recipe_graph.py - load_graph_from_file - Loading recipe graph from file.
2024-06-04 11:30:10,782 - cauldron - DEBUG  - recipe_graph.py - get_graph - Getting recipe graph.
2024-06-04 11:30:11,874 - cauldron - DEBUG  - agent_tools.py - get_foundational_recipe - Getting foundational recipe from recipe graph.
2024-06-04 11:30:11,876 - cauldron - INFO   - recipe_graph.py - load_graph_from_file - Loading recipe graph from file.
2024-06-04 11:30:11,878 - cauldron - DEBUG  - recipe_graph.py - get_foundational_recipe - Getting foundational recipe from recipe graph.
2024-06-04 11:30:11,880 - cauldron - DEBUG  - recipe_graph.py - get_recipe - Getting recipe from recipe graph.
2024-06-04 11:30:11,882 - cauldron - DEBUG  - recipe_graph.py - get_graph_size - Getting the number of nodes in the recipe graph.
2024-06-04 11:30:17,134 - cauldron - DEBUG  - recipe_graph.py - give_id - Updating ID for Recipe object.
2024-06-04 11:30:17,135 - cauldron - DEBUG  - agent_tools.py - generate_recipe - Generating JSON representation of Recipe object.
2024-06-04 11:30:17,137 - cauldron - DEBUG  - agent_tools.py - generate_recipe - Name: Potato Gnocchi, Ingredients: [Ingredient(name='potatoes', quantity=1.0, unit='pound'), Ingredient(name='flour', quantity=1.0, unit='cup'), Ingredient(name='salt', quantity=0.5, unit='teaspoon'), Ingredient(name='egg', quantity=1.0, unit='medium'), Ingredient(name='olive oil', quantity=2.0, unit='tablespoons')], Instructions: ['1. Boil and mash the potatoes.', '2. Mix in flour, salt, egg, and olive oil to form a dough.', '3. Roll the dough into ropes and cut into gnocchi pieces.', '4. Cook the gnocchi in boiling water until they float to the surface.', '5. Serve with your favorite sauce and enjoy!'], Tags: None, Sources: None
2024-06-04 11:30:17,141 - cauldron - DEBUG  - recipe_graph.py - give_id - Updating ID for Recipe object.
2024-06-04 11:30:21,386 - cauldron - DEBUG  - agent_tools.py - create_recipe_graph - Creating recipe graph with foundational recipe.
2024-06-04 11:30:21,388 - cauldron - INFO   - recipe_graph.py - load_graph_from_file - Loading recipe graph from file.
2024-06-04 11:30:21,389 - cauldron - DEBUG  - recipe_graph.py - create_recipe_graph - Creating recipe graph with foundational recipe.
2024-06-04 11:30:21,391 - cauldron - INFO   - recipe_graph.py - save_graph_to_file - Saving recipe graph to file.
2024-06-04 11:30:33,952 - cauldron - INFO   - recipe_graph.py - load_graph_from_file - Loading recipe graph from file.
2024-06-04 11:30:33,967 - cauldron - DEBUG  - recipe_graph.py - get_foundational_recipe - Getting foundational recipe from recipe graph.
2024-06-04 11:30:33,969 - cauldron - DEBUG  - recipe_graph.py - get_recipe - Getting recipe from recipe graph.
2024-06-04 11:30:33,970 - cauldron - DEBUG  - recipe_graph.py - get_graph_size - Getting the number of nodes in the recipe graph.
2024-06-04 11:30:33,971 - cauldron - DEBUG  - recipe_graph.py - from_dict - Creating Recipe object from dictionary.
2024-06-04 11:30:33,973 - cauldron - DEBUG  - recipe_graph.py - give_id - Updating ID for Recipe object.
2024-06-04 11:31:06,129 - cauldron - DEBUG  - agent_tools.py - generate_mod - Generating JSON representation of RecipeModification object.
2024-06-04 11:31:06,131 - cauldron - DEBUG  - recipe_graph.py - to_dict - Creating dictionary representation of RecipeModification object.
2024-06-04 11:31:07,140 - cauldron - DEBUG  - agent_tools.py - push_mod - Pushing modification from mods list.
2024-06-04 11:31:07,141 - cauldron - INFO   - recipe_graph.py - load_mods_list_from_file - Loading mods list from file.
2024-06-04 11:31:07,146 - cauldron - INFO   - recipe_graph.py - load_graph_from_file - Loading recipe graph from file.
2024-06-04 11:31:07,149 - cauldron - DEBUG  - recipe_graph.py - push_mod - Pushing modification from mods list.
