2024-06-04 11:52:26,095 - cauldron - INFO   - cauldron_app.py - __init__ - Initializing Cauldron Application
2024-06-04 11:52:26,994 - cauldron - INFO   - recipe_graph.py - fresh_graph - Creating a new recipe graph.
2024-06-04 11:52:26,994 - cauldron - INFO   - recipe_graph.py - __init__ - Initializing RecipeGraph object.
2024-06-04 11:52:26,995 - cauldron - INFO   - recipe_graph.py - fresh_mods_list - Creating a new mods list.
2024-06-04 11:52:26,995 - cauldron - INFO   - recipe_graph.py - __init__ - Initializing ModsList object.
2024-06-04 11:52:26,996 - cauldron - INFO   - recipe_graph.py - save_mods_list_to_file - Saving mods list to file.
2024-06-04 11:52:26,997 - cauldron - INFO   - agent_defs.py - create_all_agents - Creating all agents.
2024-06-04 11:52:26,997 - cauldron - INFO   - agent_defs.py - create_all_agents - Creating agent: SummaryAgent
2024-06-04 11:52:27,454 - cauldron - INFO   - agent_defs.py - create_all_agents - Agent SummaryAgent created.
2024-06-04 11:52:27,455 - cauldron - INFO   - agent_defs.py - create_all_agents - Creating supervisor agent: CauldronRouter
2024-06-04 11:52:27,455 - cauldron - INFO   - agent_defs.py - create_all_agents - Agent CauldronRouter created.
2024-06-04 11:52:27,455 - cauldron - INFO   - agent_defs.py - create_all_agents - Creating supervisor agent: RecipeResearchAgent
2024-06-04 11:52:27,456 - cauldron - INFO   - agent_defs.py - create_all_agents - Agent RecipeResearchAgent created.
2024-06-04 11:52:27,456 - cauldron - INFO   - agent_defs.py - create_all_agents - Creating agent: SearchAgent
2024-06-04 11:52:27,458 - cauldron - INFO   - agent_defs.py - create_all_agents - Agent SearchAgent created.
2024-06-04 11:52:27,458 - cauldron - INFO   - agent_defs.py - create_all_agents - Creating agent: RecipeScraperAgent
2024-06-04 11:52:27,460 - cauldron - INFO   - agent_defs.py - create_all_agents - Agent RecipeScraperAgent created.
2024-06-04 11:52:27,460 - cauldron - INFO   - agent_defs.py - create_all_agents - Creating agent: ModificationsAgent
2024-06-04 11:52:27,464 - cauldron - INFO   - agent_defs.py - create_all_agents - Agent ModificationsAgent created.
2024-06-04 11:52:27,464 - cauldron - INFO   - agent_defs.py - create_all_agents - Creating agent: DevelopmentTrackerAgent
2024-06-04 11:52:27,466 - cauldron - INFO   - agent_defs.py - create_all_agents - Agent DevelopmentTrackerAgent created.
2024-06-04 11:52:27,467 - cauldron - INFO   - agent_defs.py - create_all_agents - All agents created.
2024-06-04 11:52:45,362 - cauldron - ERROR  - agent_tools.py - get_recipe_info - Failed to get name: argument of type 'NoneType' is not iterable
2024-06-04 11:52:58,479 - cauldron - DEBUG  - agent_tools.py - get_graph - Getting recipe graph.
2024-06-04 11:52:58,480 - cauldron - INFO   - recipe_graph.py - load_graph_from_file - Loading recipe graph from file.
2024-06-04 11:52:58,482 - cauldron - DEBUG  - recipe_graph.py - get_graph - Getting recipe graph.
2024-06-04 11:52:59,378 - cauldron - DEBUG  - agent_tools.py - get_foundational_recipe - Getting foundational recipe from recipe graph.
2024-06-04 11:52:59,378 - cauldron - INFO   - recipe_graph.py - load_graph_from_file - Loading recipe graph from file.
2024-06-04 11:52:59,379 - cauldron - DEBUG  - recipe_graph.py - get_foundational_recipe - Getting foundational recipe from recipe graph.
2024-06-04 11:52:59,379 - cauldron - DEBUG  - recipe_graph.py - get_recipe - Getting recipe from recipe graph.
2024-06-04 11:52:59,380 - cauldron - DEBUG  - recipe_graph.py - get_graph_size - Getting the number of nodes in the recipe graph.
2024-06-04 11:53:02,367 - cauldron - DEBUG  - recipe_graph.py - give_id - Updating ID for Recipe object.
2024-06-04 11:53:02,368 - cauldron - DEBUG  - agent_tools.py - generate_recipe - Generating JSON representation of Recipe object.
2024-06-04 11:53:02,369 - cauldron - DEBUG  - agent_tools.py - generate_recipe - Name: Potato Gnocchi, Ingredients: [Ingredient(name='Russet potatoes', quantity=500.0, unit='g'), Ingredient(name='All-purpose flour', quantity=125.0, unit='g'), Ingredient(name='Egg', quantity=2.0, unit='Tbsp')], Instructions: ['1. Boil the potatoes until tender, then peel and rice them.', '2. Mix the riced potatoes with flour and beaten egg to form a dough.', '3. Roll out the dough and cut it into gnocchi shapes.', '4. Boil the gnocchi until they float to the surface, then serve with your favorite sauce.'], Tags: None, Sources: None
2024-06-04 11:53:02,370 - cauldron - DEBUG  - recipe_graph.py - give_id - Updating ID for Recipe object.
2024-06-04 11:53:06,196 - cauldron - DEBUG  - agent_tools.py - create_recipe_graph - Creating recipe graph with foundational recipe.
2024-06-04 11:53:06,197 - cauldron - INFO   - recipe_graph.py - load_graph_from_file - Loading recipe graph from file.
2024-06-04 11:53:06,198 - cauldron - DEBUG  - recipe_graph.py - create_recipe_graph - Creating recipe graph with foundational recipe.
2024-06-04 11:53:06,198 - cauldron - INFO   - recipe_graph.py - save_graph_to_file - Saving recipe graph to file.
2024-06-04 11:53:13,650 - cauldron - INFO   - recipe_graph.py - load_graph_from_file - Loading recipe graph from file.
2024-06-04 11:53:13,657 - cauldron - DEBUG  - recipe_graph.py - get_foundational_recipe - Getting foundational recipe from recipe graph.
2024-06-04 11:53:13,658 - cauldron - DEBUG  - recipe_graph.py - get_recipe - Getting recipe from recipe graph.
2024-06-04 11:53:13,658 - cauldron - DEBUG  - recipe_graph.py - get_graph_size - Getting the number of nodes in the recipe graph.
2024-06-04 11:53:13,659 - cauldron - DEBUG  - recipe_graph.py - from_dict - Creating Recipe object from dictionary.
2024-06-04 11:53:13,660 - cauldron - DEBUG  - recipe_graph.py - give_id - Updating ID for Recipe object.
2024-06-04 11:53:28,329 - cauldron - DEBUG  - agent_tools.py - get_mods_list - Getting mods list.
2024-06-04 11:53:28,330 - cauldron - INFO   - recipe_graph.py - load_mods_list_from_file - Loading mods list from file.
2024-06-04 11:53:28,333 - cauldron - DEBUG  - recipe_graph.py - get_mods_list - Getting mods list.
2024-06-04 11:53:29,232 - cauldron - DEBUG  - recipe_graph.py - give_id - Updating ID for RecipeModification object.
