2024-06-03 22:25:35,968 - cauldron - INFO   - cauldron_app.py - __init__ - Initializing Cauldron Application
2024-06-03 22:25:36,864 - cauldron - INFO   - recipe_graph.py - fresh_graph - Creating a new recipe graph.
2024-06-03 22:25:36,865 - cauldron - INFO   - recipe_graph.py - __init__ - Initializing RecipeGraph object.
2024-06-03 22:25:36,866 - cauldron - INFO   - recipe_graph.py - fresh_mods_list - Creating a new mods list.
2024-06-03 22:25:36,866 - cauldron - INFO   - recipe_graph.py - __init__ - Initializing ModsList object.
2024-06-03 22:25:36,867 - cauldron - INFO   - recipe_graph.py - save_mods_list_to_file - Saving mods list to file.
2024-06-03 22:25:36,868 - cauldron - INFO   - agent_defs.py - create_all_agents - Creating all agents.
2024-06-03 22:25:36,868 - cauldron - INFO   - agent_defs.py - create_all_agents - Creating agent: SummaryAgent
2024-06-03 22:25:37,356 - cauldron - INFO   - agent_defs.py - create_all_agents - Agent SummaryAgent created.
2024-06-03 22:25:37,357 - cauldron - INFO   - agent_defs.py - create_all_agents - Creating supervisor agent: CauldronRouter
2024-06-03 22:25:37,357 - cauldron - INFO   - agent_defs.py - create_all_agents - Agent CauldronRouter created.
2024-06-03 22:25:37,358 - cauldron - INFO   - agent_defs.py - create_all_agents - Creating supervisor agent: RecipeResearchAgent
2024-06-03 22:25:37,358 - cauldron - INFO   - agent_defs.py - create_all_agents - Agent RecipeResearchAgent created.
2024-06-03 22:25:37,358 - cauldron - INFO   - agent_defs.py - create_all_agents - Creating agent: SearchAgent
2024-06-03 22:25:37,360 - cauldron - INFO   - agent_defs.py - create_all_agents - Agent SearchAgent created.
2024-06-03 22:25:37,360 - cauldron - INFO   - agent_defs.py - create_all_agents - Creating agent: RecipeScraperAgent
2024-06-03 22:25:37,362 - cauldron - INFO   - agent_defs.py - create_all_agents - Agent RecipeScraperAgent created.
2024-06-03 22:25:37,363 - cauldron - INFO   - agent_defs.py - create_all_agents - Creating agent: ModificationsAgent
2024-06-03 22:25:37,368 - cauldron - INFO   - agent_defs.py - create_all_agents - Agent ModificationsAgent created.
2024-06-03 22:25:37,368 - cauldron - INFO   - agent_defs.py - create_all_agents - Creating agent: DevelopmentTrackerAgent
2024-06-03 22:25:37,371 - cauldron - INFO   - agent_defs.py - create_all_agents - Agent DevelopmentTrackerAgent created.
2024-06-03 22:25:37,371 - cauldron - INFO   - agent_defs.py - create_all_agents - All agents created.
2024-06-03 22:26:11,966 - cauldron - DEBUG  - agent_tools.py - get_foundational_recipe - Getting foundational recipe from recipe graph.
2024-06-03 22:26:11,967 - cauldron - INFO   - recipe_graph.py - load_graph_from_file - Loading recipe graph from file.
2024-06-03 22:26:11,969 - cauldron - DEBUG  - recipe_graph.py - get_foundational_recipe - Getting foundational recipe from recipe graph.
2024-06-03 22:26:11,970 - cauldron - DEBUG  - recipe_graph.py - get_recipe - Getting recipe from recipe graph.
2024-06-03 22:26:11,971 - cauldron - DEBUG  - recipe_graph.py - get_graph_size - Getting the number of nodes in the recipe graph.
2024-06-03 22:26:17,402 - cauldron - DEBUG  - recipe_graph.py - give_id - Updating ID for Recipe object.
2024-06-03 22:26:17,403 - cauldron - DEBUG  - agent_tools.py - generate_recipe - Generating JSON representation of Recipe object.
2024-06-03 22:26:17,404 - cauldron - DEBUG  - agent_tools.py - generate_recipe - Name: Gluten-Free Sandwich Bread, Ingredients: [Ingredient(name='gluten-free flour blend', quantity=3.0, unit='cups'), Ingredient(name='xanthan gum', quantity=3.0, unit='teaspoons'), Ingredient(name='instant yeast', quantity=2.5, unit='teaspoons'), Ingredient(name='cream of tartar', quantity=0.25, unit='teaspoon'), Ingredient(name='granulated sugar', quantity=2.0, unit='tablespoons'), Ingredient(name='kosher salt', quantity=2.0, unit='teaspoons'), Ingredient(name='warm milk', quantity=1.5, unit='cups'), Ingredient(name='unsalted butter', quantity=4.0, unit='tablespoons'), Ingredient(name='apple cider vinegar', quantity=1.0, unit='teaspoon'), Ingredient(name='egg whites', quantity=2.0, unit='')], Instructions: ['1. Mix gluten-free flour blend, xanthan gum, instant yeast, cream of tartar, sugar, and salt in a bowl.', '2. Add warm milk, melted butter, apple cider vinegar, and egg whites. Mix until well combined.', '3. Transfer the dough to a greased loaf pan, cover, and let it rise until doubled in size.', '4. Preheat the oven, slash the top of the dough, and bake until golden brown and cooked through.', '5. Cool the bread before slicing and serving.'], Tags: None, Sources: None
2024-06-03 22:26:17,406 - cauldron - DEBUG  - recipe_graph.py - give_id - Updating ID for Recipe object.
2024-06-03 22:26:22,985 - cauldron - DEBUG  - agent_tools.py - create_recipe_graph - Creating recipe graph with foundational recipe.
2024-06-03 22:26:22,986 - cauldron - INFO   - recipe_graph.py - load_graph_from_file - Loading recipe graph from file.
2024-06-03 22:26:22,986 - cauldron - DEBUG  - recipe_graph.py - create_recipe_graph - Creating recipe graph with foundational recipe.
2024-06-03 22:26:22,987 - cauldron - INFO   - recipe_graph.py - save_graph_to_file - Saving recipe graph to file.
2024-06-03 22:26:27,302 - cauldron - INFO   - recipe_graph.py - load_graph_from_file - Loading recipe graph from file.
2024-06-03 22:26:27,308 - cauldron - DEBUG  - recipe_graph.py - get_foundational_recipe - Getting foundational recipe from recipe graph.
2024-06-03 22:26:27,309 - cauldron - DEBUG  - recipe_graph.py - get_recipe - Getting recipe from recipe graph.
2024-06-03 22:26:27,310 - cauldron - DEBUG  - recipe_graph.py - get_graph_size - Getting the number of nodes in the recipe graph.
2024-06-03 22:26:27,311 - cauldron - DEBUG  - recipe_graph.py - from_dict - Creating Recipe object from dictionary.
2024-06-03 22:26:27,312 - cauldron - DEBUG  - recipe_graph.py - give_id - Updating ID for Recipe object.
