2024-05-30 13:13:05,170 - cauldron - INFO   - cauldron_app.py - Initializing Cauldron Application
2024-05-30 13:13:06,428 - cauldron - INFO   - agent_defs.py - Creating all agents.
2024-05-30 13:13:06,429 - cauldron - INFO   - agent_defs.py - Creating supervisor agent: ConductorAgent
2024-05-30 13:13:06,430 - cauldron - INFO   - agent_defs.py - Agent ConductorAgent created.
2024-05-30 13:13:06,430 - cauldron - INFO   - agent_defs.py - Creating supervisor agent: RecipeResearchAgent
2024-05-30 13:13:06,431 - cauldron - INFO   - agent_defs.py - Agent RecipeResearchAgent created.
2024-05-30 13:13:06,437 - cauldron - INFO   - agent_defs.py - Creating agent: FlavorProfileAgent
2024-05-30 13:13:06,951 - cauldron - INFO   - agent_defs.py - Agent FlavorProfileAgent created.
2024-05-30 13:13:06,951 - cauldron - INFO   - agent_defs.py - Creating agent: NutrionalAnalysisAgent
2024-05-30 13:13:06,952 - cauldron - INFO   - agent_defs.py - Agent NutrionalAnalysisAgent created.
2024-05-30 13:13:06,953 - cauldron - INFO   - agent_defs.py - Creating agent: CostAvailabilityAgent
2024-05-30 13:13:06,954 - cauldron - INFO   - agent_defs.py - Agent CostAvailabilityAgent created.
2024-05-30 13:13:06,954 - cauldron - INFO   - agent_defs.py - Creating agent: FeedbackAgent
2024-05-30 13:13:06,955 - cauldron - INFO   - agent_defs.py - Agent FeedbackAgent created.
2024-05-30 13:13:06,956 - cauldron - INFO   - agent_defs.py - Creating agent: SQLAgent
2024-05-30 13:13:06,957 - cauldron - INFO   - agent_defs.py - Agent SQLAgent created.
2024-05-30 13:13:06,957 - cauldron - INFO   - agent_defs.py - Creating agent: ModificationsAgent
2024-05-30 13:13:06,960 - cauldron - INFO   - agent_defs.py - Agent ModificationsAgent created.
2024-05-30 13:13:06,961 - cauldron - INFO   - agent_defs.py - Creating agent: DevelopmentTrackerAgent
2024-05-30 13:13:06,963 - cauldron - INFO   - agent_defs.py - Agent DevelopmentTrackerAgent created.
2024-05-30 13:13:06,964 - cauldron - INFO   - agent_defs.py - Creating agent: PeripheralFeedbackAgent
2024-05-30 13:13:06,965 - cauldron - INFO   - agent_defs.py - Agent PeripheralFeedbackAgent created.
2024-05-30 13:13:06,965 - cauldron - INFO   - agent_defs.py - All agents created.
