2024-06-03 21:04:08,163 - cauldron - INFO   - cauldron_app.py - __init__ - Initializing Cauldron Application
2024-06-03 21:04:09,066 - cauldron - INFO   - recipe_graph.py - fresh_graph - Creating a new recipe graph.
2024-06-03 21:04:09,066 - cauldron - INFO   - recipe_graph.py - __init__ - Initializing RecipeGraph object.
2024-06-03 21:04:09,067 - cauldron - INFO   - recipe_graph.py - fresh_mods_list - Creating a new mods list.
2024-06-03 21:04:09,068 - cauldron - INFO   - recipe_graph.py - __init__ - Initializing ModsList object.
2024-06-03 21:04:09,068 - cauldron - INFO   - recipe_graph.py - save_mods_list_to_file - Saving mods list to file.
2024-06-03 21:04:09,069 - cauldron - INFO   - agent_defs.py - create_all_agents - Creating all agents.
2024-06-03 21:04:09,070 - cauldron - INFO   - agent_defs.py - create_all_agents - Creating supervisor agent: ConductorAgent
2024-06-03 21:04:09,071 - cauldron - INFO   - agent_defs.py - create_all_agents - Agent ConductorAgent created.
2024-06-03 21:04:09,071 - cauldron - INFO   - agent_defs.py - create_all_agents - Creating supervisor agent: RecipeResearchAgent
2024-06-03 21:04:09,072 - cauldron - INFO   - agent_defs.py - create_all_agents - Agent RecipeResearchAgent created.
2024-06-03 21:04:09,072 - cauldron - INFO   - agent_defs.py - create_all_agents - Creating agent: SearchAgent
2024-06-03 21:04:09,591 - cauldron - INFO   - agent_defs.py - create_all_agents - Agent SearchAgent created.
2024-06-03 21:04:09,592 - cauldron - INFO   - agent_defs.py - create_all_agents - Creating agent: RecipeScraperAgent
2024-06-03 21:04:09,595 - cauldron - INFO   - agent_defs.py - create_all_agents - Agent RecipeScraperAgent created.
2024-06-03 21:04:09,596 - cauldron - INFO   - agent_defs.py - create_all_agents - Creating agent: ModificationsAgent
2024-06-03 21:04:09,601 - cauldron - INFO   - agent_defs.py - create_all_agents - Agent ModificationsAgent created.
2024-06-03 21:04:09,601 - cauldron - INFO   - agent_defs.py - create_all_agents - Creating agent: DevelopmentTrackerAgent
2024-06-03 21:04:09,605 - cauldron - INFO   - agent_defs.py - create_all_agents - Agent DevelopmentTrackerAgent created.
2024-06-03 21:04:09,605 - cauldron - INFO   - agent_defs.py - create_all_agents - All agents created.
2024-06-03 21:04:29,577 - cauldron - DEBUG  - agent_tools.py - generate_recipe - Generating JSON representation of Recipe object.
2024-06-03 21:04:29,578 - cauldron - DEBUG  - agent_tools.py - generate_recipe - Name: Gluten-Free Sandwich Bread, Ingredients: [Ingredient(name='gluten-free flour blend', quantity=3.0, unit='cups'), Ingredient(name='instant yeast', quantity=2.25, unit='teaspoons'), Ingredient(name='sugar', quantity=2.0, unit='tablespoons'), Ingredient(name='salt', quantity=1.0, unit='teaspoon'), Ingredient(name='xanthan gum', quantity=1.5, unit='teaspoons'), Ingredient(name='milk', quantity=1.25, unit='cups'), Ingredient(name='unsalted butter', quantity=4.0, unit='tablespoons'), Ingredient(name='eggs', quantity=3.0, unit='')], Instructions: ['Mix dry ingredients in a stand mixer.', 'Heat milk and butter until warm, add to dry ingredients.', 'Add eggs and mix well.', 'Transfer dough to a greased loaf pan, cover, and let rise.', 'Bake at 350°F for 45-55 minutes.'], Tags: ['gluten-free', 'bread'], Sources: ['https://glutenfreeonashoestring.com/gluten-free-bread-recipe']
2024-06-03 21:04:40,029 - cauldron - DEBUG  - agent_tools.py - create_recipe_graph - Creating recipe graph with foundational recipe.
2024-06-03 21:04:40,030 - cauldron - INFO   - recipe_graph.py - load_graph_from_file - Loading recipe graph from file.
2024-06-03 21:04:40,031 - cauldron - DEBUG  - recipe_graph.py - create_recipe_graph - Creating recipe graph with foundational recipe.
2024-06-03 21:04:40,032 - cauldron - INFO   - recipe_graph.py - save_graph_to_file - Saving recipe graph to file.
2024-06-03 21:04:43,692 - cauldron - DEBUG  - agent_tools.py - generate_mod - Generating JSON representation of RecipeModification object.
2024-06-03 21:04:43,693 - cauldron - DEBUG  - recipe_graph.py - to_dict - Creating dictionary representation of RecipeModification object.
2024-06-03 21:04:48,834 - cauldron - DEBUG  - agent_tools.py - push_mod - Pushing modification from mods list.
2024-06-03 21:04:48,835 - cauldron - INFO   - recipe_graph.py - load_mods_list_from_file - Loading mods list from file.
2024-06-03 21:04:48,840 - cauldron - DEBUG  - recipe_graph.py - push_mod - Pushing modification from mods list.
2024-06-03 21:04:48,840 - cauldron - INFO   - recipe_graph.py - save_mods_list_to_file - Saving mods list to file.
2024-06-03 21:04:48,871 - cauldron - DEBUG  - agent_tools.py - generate_recipe - Generating JSON representation of Recipe object.
2024-06-03 21:04:48,872 - cauldron - DEBUG  - agent_tools.py - generate_recipe - Name: Gluten-Free Sandwich Bread, Ingredients: [Ingredient(name='all-purpose gluten-free flour blend', quantity=3.0, unit='cups'), Ingredient(name='instant yeast', quantity=2.25, unit='teaspoons'), Ingredient(name='granulated sugar', quantity=2.0, unit='tablespoons'), Ingredient(name='salt', quantity=1.0, unit='teaspoon'), Ingredient(name='xanthan gum', quantity=1.5, unit='teaspoons'), Ingredient(name='warm milk', quantity=1.25, unit='cups'), Ingredient(name='unsalted butter, melted and cooled', quantity=4.0, unit='tablespoons'), Ingredient(name='eggs', quantity=3.0, unit=''), Ingredient(name='water', quantity=1.0, unit='cup')], Instructions: ['Mix dry ingredients in a stand mixer.', 'Heat milk and butter until warm, add to dry ingredients.', 'Add eggs and mix well.', 'Transfer dough to a greased loaf pan, cover, and let rise.', 'Bake at 350°F for 45-55 minutes.'], Tags: ['gluten-free', 'bread'], Sources: ['https://glutenfreeonashoestring.com/gluten-free-bread-recipe']
2024-06-03 21:04:51,443 - cauldron - INFO   - recipe_graph.py - load_graph_from_file - Loading recipe graph from file.
2024-06-03 21:04:51,452 - cauldron - DEBUG  - recipe_graph.py - get_foundational_recipe - Getting foundational recipe from recipe graph.
2024-06-03 21:04:51,453 - cauldron - DEBUG  - recipe_graph.py - get_recipe - Getting recipe from recipe graph.
2024-06-03 21:04:51,454 - cauldron - DEBUG  - recipe_graph.py - get_graph_size - Getting the number of nodes in the recipe graph.
2024-06-03 21:04:51,454 - cauldron - DEBUG  - recipe_graph.py - from_dict - Creating Recipe object from dictionary.
