2024-05-30 15:37:52,295 - cauldron - INFO   - cauldron_app.py - Initializing Cauldron Application
2024-05-30 15:37:53,621 - cauldron - INFO   - agent_defs.py - Creating all agents.
2024-05-30 15:37:53,622 - cauldron - INFO   - agent_defs.py - Creating supervisor agent: ConductorAgent
2024-05-30 15:37:53,623 - cauldron - INFO   - agent_defs.py - Agent ConductorAgent created.
2024-05-30 15:37:53,623 - cauldron - INFO   - agent_defs.py - Creating supervisor agent: RecipeResearchAgent
2024-05-30 15:37:53,624 - cauldron - INFO   - agent_defs.py - Agent RecipeResearchAgent created.
2024-05-30 15:37:53,625 - cauldron - INFO   - agent_defs.py - Creating agent: FlavorProfileAgent
2024-05-30 15:37:54,132 - cauldron - INFO   - agent_defs.py - Agent FlavorProfileAgent created.
2024-05-30 15:37:54,133 - cauldron - INFO   - agent_defs.py - Creating agent: NutrionalAnalysisAgent
2024-05-30 15:37:54,134 - cauldron - INFO   - agent_defs.py - Agent NutrionalAnalysisAgent created.
2024-05-30 15:37:54,134 - cauldron - INFO   - agent_defs.py - Creating agent: CostAvailabilityAgent
2024-05-30 15:37:54,135 - cauldron - INFO   - agent_defs.py - Agent CostAvailabilityAgent created.
2024-05-30 15:37:54,135 - cauldron - INFO   - agent_defs.py - Creating agent: FeedbackAgent
2024-05-30 15:37:54,136 - cauldron - INFO   - agent_defs.py - Agent FeedbackAgent created.
2024-05-30 15:37:54,136 - cauldron - INFO   - agent_defs.py - Creating agent: SQLAgent
2024-05-30 15:37:54,137 - cauldron - INFO   - agent_defs.py - Agent SQLAgent created.
2024-05-30 15:37:54,137 - cauldron - INFO   - agent_defs.py - Creating agent: ModificationsAgent
2024-05-30 15:37:54,141 - cauldron - INFO   - agent_defs.py - Agent ModificationsAgent created.
2024-05-30 15:37:54,142 - cauldron - INFO   - agent_defs.py - Creating agent: DevelopmentTrackerAgent
2024-05-30 15:37:54,144 - cauldron - INFO   - agent_defs.py - Agent DevelopmentTrackerAgent created.
2024-05-30 15:37:54,144 - cauldron - INFO   - agent_defs.py - Creating agent: PeripheralFeedbackAgent
2024-05-30 15:37:54,146 - cauldron - INFO   - agent_defs.py - Agent PeripheralFeedbackAgent created.
2024-05-30 15:37:54,146 - cauldron - INFO   - agent_defs.py - All agents created.
