2024-06-02 16:39:18,949 - cauldron - INFO   - cauldron_app.py - __init__ - Initializing Cauldron Application
2024-06-02 16:39:20,027 - cauldron - INFO   - recipe_graph.py - fresh_graph - Creating a new recipe graph.
2024-06-02 16:39:20,028 - cauldron - INFO   - recipe_graph.py - __init__ - Initializing RecipeGraph object.
2024-06-02 16:39:20,029 - cauldron - INFO   - recipe_graph.py - fresh_mods_list - Creating a new mods list.
2024-06-02 16:39:20,029 - cauldron - INFO   - recipe_graph.py - __init__ - Initializing ModsList object.
2024-06-02 16:39:20,029 - cauldron - INFO   - recipe_graph.py - save_mods_list_to_file - Saving mods list to file.
2024-06-02 16:39:20,031 - cauldron - INFO   - agent_defs.py - create_all_agents - Creating all agents.
2024-06-02 16:39:20,031 - cauldron - INFO   - agent_defs.py - create_all_agents - Creating supervisor agent: ConductorAgent
2024-06-02 16:39:20,033 - cauldron - INFO   - agent_defs.py - create_all_agents - Agent ConductorAgent created.
2024-06-02 16:39:20,033 - cauldron - INFO   - agent_defs.py - create_all_agents - Creating supervisor agent: RecipeResearchAgent
2024-06-02 16:39:20,034 - cauldron - INFO   - agent_defs.py - create_all_agents - Agent RecipeResearchAgent created.
2024-06-02 16:39:20,034 - cauldron - INFO   - agent_defs.py - create_all_agents - Creating agent: SearchAgent
2024-06-02 16:39:20,670 - cauldron - INFO   - agent_defs.py - create_all_agents - Agent SearchAgent created.
2024-06-02 16:39:20,671 - cauldron - INFO   - agent_defs.py - create_all_agents - Creating agent: RecipeScraperAgent
2024-06-02 16:39:20,672 - cauldron - INFO   - agent_defs.py - create_all_agents - Agent RecipeScraperAgent created.
2024-06-02 16:39:20,673 - cauldron - INFO   - agent_defs.py - create_all_agents - Creating agent: ModificationsAgent
2024-06-02 16:39:20,685 - cauldron - INFO   - agent_defs.py - create_all_agents - Agent ModificationsAgent created.
2024-06-02 16:39:20,686 - cauldron - INFO   - agent_defs.py - create_all_agents - Creating agent: DevelopmentTrackerAgent
2024-06-02 16:39:20,693 - cauldron - INFO   - agent_defs.py - create_all_agents - Agent DevelopmentTrackerAgent created.
2024-06-02 16:39:20,694 - cauldron - INFO   - agent_defs.py - create_all_agents - All agents created.
2024-06-02 16:39:38,466 - cauldron - ERROR  - agent_tools.py - get_recipe_info - Failed to scrape recipe: recipe-scrapers exception: No Recipe Schema found at https://www.verybestbaking.com/toll-house/recipes/original-nestle-toll-house-chocolate-chip-cookies/.
2024-06-02 16:39:55,857 - cauldron - DEBUG  - recipe_graph.py - create_recipe_graph - Creating recipe graph with foundational recipe.
2024-06-02 16:39:55,858 - cauldron - INFO   - recipe_graph.py - load_graph_from_file - Loading recipe graph from file.
2024-06-02 16:39:55,859 - cauldron - DEBUG  - recipe_graph.py - create_recipe_graph - Creating recipe graph with foundational recipe.
2024-06-02 16:39:55,860 - cauldron - INFO   - recipe_graph.py - save_graph_to_file - Saving recipe graph to file.
2024-06-02 16:40:01,932 - cauldron - DEBUG  - recipe_graph.py - get_foundational_recipe - Getting foundational recipe from recipe graph.
2024-06-02 16:40:01,933 - cauldron - INFO   - recipe_graph.py - load_graph_from_file - Loading recipe graph from file.
2024-06-02 16:40:01,939 - cauldron - DEBUG  - recipe_graph.py - get_foundational_recipe - Getting foundational recipe from recipe graph.
2024-06-02 16:40:01,939 - cauldron - DEBUG  - recipe_graph.py - get_recipe - Getting recipe from recipe graph.
2024-06-02 16:40:01,940 - cauldron - DEBUG  - recipe_graph.py - get_graph_size - Getting the number of nodes in the recipe graph.
2024-06-02 16:40:11,391 - cauldron - DEBUG  - recipe_graph.py - get_foundational_recipe - Getting foundational recipe from recipe graph.
2024-06-02 16:40:11,391 - cauldron - INFO   - recipe_graph.py - load_graph_from_file - Loading recipe graph from file.
2024-06-02 16:40:11,392 - cauldron - DEBUG  - recipe_graph.py - get_foundational_recipe - Getting foundational recipe from recipe graph.
2024-06-02 16:40:11,393 - cauldron - DEBUG  - recipe_graph.py - get_recipe - Getting recipe from recipe graph.
2024-06-02 16:40:11,394 - cauldron - DEBUG  - recipe_graph.py - get_graph_size - Getting the number of nodes in the recipe graph.
2024-06-02 16:40:15,626 - cauldron - DEBUG  - recipe_graph.py - generate_mod - Generating JSON representation of RecipeModification object.
