2024-05-30 14:58:38,375 - cauldron - INFO   - cauldron_app.py - Initializing Cauldron Application
2024-05-30 14:58:39,661 - cauldron - INFO   - agent_defs.py - Creating all agents.
2024-05-30 14:58:39,662 - cauldron - INFO   - agent_defs.py - Creating supervisor agent: ConductorAgent
2024-05-30 14:58:39,663 - cauldron - INFO   - agent_defs.py - Agent ConductorAgent created.
2024-05-30 14:58:39,663 - cauldron - INFO   - agent_defs.py - Creating supervisor agent: RecipeResearchAgent
2024-05-30 14:58:39,664 - cauldron - INFO   - agent_defs.py - Agent RecipeResearchAgent created.
2024-05-30 14:58:39,669 - cauldron - INFO   - agent_defs.py - Creating agent: FlavorProfileAgent
2024-05-30 14:58:40,185 - cauldron - INFO   - agent_defs.py - Agent FlavorProfileAgent created.
2024-05-30 14:58:40,185 - cauldron - INFO   - agent_defs.py - Creating agent: NutrionalAnalysisAgent
2024-05-30 14:58:40,186 - cauldron - INFO   - agent_defs.py - Agent NutrionalAnalysisAgent created.
2024-05-30 14:58:40,187 - cauldron - INFO   - agent_defs.py - Creating agent: CostAvailabilityAgent
2024-05-30 14:58:40,188 - cauldron - INFO   - agent_defs.py - Agent CostAvailabilityAgent created.
2024-05-30 14:58:40,188 - cauldron - INFO   - agent_defs.py - Creating agent: FeedbackAgent
2024-05-30 14:58:40,189 - cauldron - INFO   - agent_defs.py - Agent FeedbackAgent created.
2024-05-30 14:58:40,189 - cauldron - INFO   - agent_defs.py - Creating agent: SQLAgent
2024-05-30 14:58:40,190 - cauldron - INFO   - agent_defs.py - Agent SQLAgent created.
2024-05-30 14:58:40,191 - cauldron - INFO   - agent_defs.py - Creating agent: ModificationsAgent
2024-05-30 14:58:40,194 - cauldron - INFO   - agent_defs.py - Agent ModificationsAgent created.
2024-05-30 14:58:40,195 - cauldron - INFO   - agent_defs.py - Creating agent: DevelopmentTrackerAgent
2024-05-30 14:58:40,197 - cauldron - INFO   - agent_defs.py - Agent DevelopmentTrackerAgent created.
2024-05-30 14:58:40,198 - cauldron - INFO   - agent_defs.py - Creating agent: PeripheralFeedbackAgent
2024-05-30 14:58:40,199 - cauldron - INFO   - agent_defs.py - Agent PeripheralFeedbackAgent created.
2024-05-30 14:58:40,199 - cauldron - INFO   - agent_defs.py - All agents created.
