2024-06-05 08:31:06,507 - cauldron - INFO   - cauldron_app.py - __init__ - Initializing Cauldron Application
2024-06-05 08:31:07,476 - cauldron - INFO   - recipe_graph.py - fresh_graph - Creating a new recipe graph.
2024-06-05 08:31:07,476 - cauldron - INFO   - recipe_graph.py - __init__ - Initializing RecipeGraph object.
2024-06-05 08:31:07,478 - cauldron - INFO   - recipe_graph.py - fresh_mods_list - Creating a new mods list.
2024-06-05 08:31:07,478 - cauldron - INFO   - recipe_graph.py - __init__ - Initializing ModsList object.
2024-06-05 08:31:07,479 - cauldron - INFO   - recipe_graph.py - save_mods_list_to_file - Saving mods list to file.
2024-06-05 08:31:07,480 - cauldron - INFO   - agent_defs.py - create_all_agents - Creating all agents.
2024-06-05 08:31:07,480 - cauldron - INFO   - agent_defs.py - create_all_agents - Creating agent: SummaryAgent
2024-06-05 08:31:07,988 - cauldron - INFO   - agent_defs.py - create_all_agents - Agent SummaryAgent created.
2024-06-05 08:31:07,988 - cauldron - INFO   - agent_defs.py - create_all_agents - Creating supervisor agent: CauldronRouter
2024-06-05 08:31:07,989 - cauldron - INFO   - agent_defs.py - create_all_agents - Agent CauldronRouter created.
2024-06-05 08:31:07,989 - cauldron - INFO   - agent_defs.py - create_all_agents - Creating supervisor agent: RecipeResearchAgent
2024-06-05 08:31:07,990 - cauldron - INFO   - agent_defs.py - create_all_agents - Agent RecipeResearchAgent created.
2024-06-05 08:31:07,990 - cauldron - INFO   - agent_defs.py - create_all_agents - Creating agent: SearchAgent
2024-06-05 08:31:07,992 - cauldron - INFO   - agent_defs.py - create_all_agents - Agent SearchAgent created.
2024-06-05 08:31:07,992 - cauldron - INFO   - agent_defs.py - create_all_agents - Creating agent: RecipeScraperAgent
2024-06-05 08:31:07,995 - cauldron - INFO   - agent_defs.py - create_all_agents - Agent RecipeScraperAgent created.
2024-06-05 08:31:07,995 - cauldron - INFO   - agent_defs.py - create_all_agents - Creating agent: ModificationsAgent
2024-06-05 08:31:07,998 - cauldron - INFO   - agent_defs.py - create_all_agents - Agent ModificationsAgent created.
2024-06-05 08:31:07,999 - cauldron - INFO   - agent_defs.py - create_all_agents - Creating agent: DevelopmentTrackerAgent
2024-06-05 08:31:08,001 - cauldron - INFO   - agent_defs.py - create_all_agents - Agent DevelopmentTrackerAgent created.
2024-06-05 08:31:08,002 - cauldron - INFO   - agent_defs.py - create_all_agents - All agents created.
