2024-05-30 16:39:25,109 - cauldron - INFO   - cauldron_app.py - Initializing Cauldron Application
2024-05-30 16:39:26,426 - cauldron - INFO   - agent_defs.py - Creating all agents.
2024-05-30 16:39:26,427 - cauldron - INFO   - agent_defs.py - Creating supervisor agent: ConductorAgent
2024-05-30 16:39:26,428 - cauldron - INFO   - agent_defs.py - Agent ConductorAgent created.
2024-05-30 16:39:26,428 - cauldron - INFO   - agent_defs.py - Creating supervisor agent: RecipeResearchAgent
2024-05-30 16:39:26,429 - cauldron - INFO   - agent_defs.py - Agent RecipeResearchAgent created.
2024-05-30 16:39:26,434 - cauldron - INFO   - agent_defs.py - Creating agent: FlavorProfileAgent
2024-05-30 16:39:26,945 - cauldron - INFO   - agent_defs.py - Agent FlavorProfileAgent created.
2024-05-30 16:39:26,946 - cauldron - INFO   - agent_defs.py - Creating agent: NutrionalAnalysisAgent
2024-05-30 16:39:26,947 - cauldron - INFO   - agent_defs.py - Agent NutrionalAnalysisAgent created.
2024-05-30 16:39:26,947 - cauldron - INFO   - agent_defs.py - Creating agent: CostAvailabilityAgent
2024-05-30 16:39:26,948 - cauldron - INFO   - agent_defs.py - Agent CostAvailabilityAgent created.
2024-05-30 16:39:26,949 - cauldron - INFO   - agent_defs.py - Creating agent: FeedbackAgent
2024-05-30 16:39:26,950 - cauldron - INFO   - agent_defs.py - Agent FeedbackAgent created.
2024-05-30 16:39:26,950 - cauldron - INFO   - agent_defs.py - Creating agent: SQLAgent
2024-05-30 16:39:26,951 - cauldron - INFO   - agent_defs.py - Agent SQLAgent created.
2024-05-30 16:39:26,951 - cauldron - INFO   - agent_defs.py - Creating agent: ModificationsAgent
2024-05-30 16:39:26,955 - cauldron - INFO   - agent_defs.py - Agent ModificationsAgent created.
2024-05-30 16:39:26,955 - cauldron - INFO   - agent_defs.py - Creating agent: DevelopmentTrackerAgent
2024-05-30 16:39:26,958 - cauldron - INFO   - agent_defs.py - Agent DevelopmentTrackerAgent created.
2024-05-30 16:39:26,958 - cauldron - INFO   - agent_defs.py - Creating agent: PeripheralFeedbackAgent
2024-05-30 16:39:26,959 - cauldron - INFO   - agent_defs.py - Agent PeripheralFeedbackAgent created.
2024-05-30 16:39:26,959 - cauldron - INFO   - agent_defs.py - All agents created.
