2024-06-04 11:46:34,284 - cauldron - INFO   - cauldron_app.py - __init__ - Initializing Cauldron Application
2024-06-04 11:46:35,183 - cauldron - INFO   - recipe_graph.py - fresh_graph - Creating a new recipe graph.
2024-06-04 11:46:35,184 - cauldron - INFO   - recipe_graph.py - __init__ - Initializing RecipeGraph object.
2024-06-04 11:46:35,185 - cauldron - INFO   - recipe_graph.py - fresh_mods_list - Creating a new mods list.
2024-06-04 11:46:35,185 - cauldron - INFO   - recipe_graph.py - __init__ - Initializing ModsList object.
2024-06-04 11:46:35,186 - cauldron - INFO   - recipe_graph.py - save_mods_list_to_file - Saving mods list to file.
2024-06-04 11:46:35,187 - cauldron - INFO   - agent_defs.py - create_all_agents - Creating all agents.
2024-06-04 11:46:35,187 - cauldron - INFO   - agent_defs.py - create_all_agents - Creating agent: SummaryAgent
2024-06-04 11:46:35,674 - cauldron - INFO   - agent_defs.py - create_all_agents - Agent SummaryAgent created.
2024-06-04 11:46:35,674 - cauldron - INFO   - agent_defs.py - create_all_agents - Creating supervisor agent: CauldronRouter
2024-06-04 11:46:35,675 - cauldron - INFO   - agent_defs.py - create_all_agents - Agent CauldronRouter created.
2024-06-04 11:46:35,676 - cauldron - INFO   - agent_defs.py - create_all_agents - Creating supervisor agent: RecipeResearchAgent
2024-06-04 11:46:35,678 - cauldron - INFO   - agent_defs.py - create_all_agents - Agent RecipeResearchAgent created.
2024-06-04 11:46:35,678 - cauldron - INFO   - agent_defs.py - create_all_agents - Creating agent: SearchAgent
2024-06-04 11:46:35,680 - cauldron - INFO   - agent_defs.py - create_all_agents - Agent SearchAgent created.
2024-06-04 11:46:35,680 - cauldron - INFO   - agent_defs.py - create_all_agents - Creating agent: RecipeScraperAgent
2024-06-04 11:46:35,682 - cauldron - INFO   - agent_defs.py - create_all_agents - Agent RecipeScraperAgent created.
2024-06-04 11:46:35,683 - cauldron - INFO   - agent_defs.py - create_all_agents - Creating agent: ModificationsAgent
2024-06-04 11:46:35,687 - cauldron - INFO   - agent_defs.py - create_all_agents - Agent ModificationsAgent created.
2024-06-04 11:46:35,687 - cauldron - INFO   - agent_defs.py - create_all_agents - Creating agent: DevelopmentTrackerAgent
2024-06-04 11:46:35,690 - cauldron - INFO   - agent_defs.py - create_all_agents - Agent DevelopmentTrackerAgent created.
2024-06-04 11:46:35,690 - cauldron - INFO   - agent_defs.py - create_all_agents - All agents created.
2024-06-04 11:46:59,064 - cauldron - ERROR  - agent_tools.py - get_recipe_info - Failed to get name: argument of type 'NoneType' is not iterable
2024-06-04 11:47:51,763 - cauldron - DEBUG  - recipe_graph.py - give_id - Updating ID for Recipe object.
2024-06-04 11:47:51,764 - cauldron - DEBUG  - agent_tools.py - generate_recipe - Generating JSON representation of Recipe object.
2024-06-04 11:47:51,764 - cauldron - DEBUG  - agent_tools.py - generate_recipe - Name: Homemade Potato Gnocchi, Ingredients: [Ingredient(name='potatoes', quantity=1.0, unit='pound'), Ingredient(name='flour', quantity=1.0, unit='cup'), Ingredient(name='salt', quantity=0.5, unit='teaspoon'), Ingredient(name='egg', quantity=1.0, unit='medium'), Ingredient(name='olive oil', quantity=2.0, unit='tablespoons')], Instructions: ['In a large pot boil potatoes until tender, remove from the pot and let cool remove the skin. Then pass through a potato ricer.', "Mix together the flour and salt, place on a flat surface, make a well in the middle and add the potatoes and egg, mix together with your fingers to form a soft dough, it should not stick to your fingers. On a lightly floured surface, cut small amounts of dough to form ropes and cut into 3/4 inch (2 cm) pieces, then slide each piece on a fork and squeeze a little (but not too hard). Sprinkle with a little bit of flour and toss, so they don't stick together. Let the gnocchi rest for 20 minutes before cooking.", 'While the gnocchi are resting make the sauce. In a large saucepan add olive oil, tomatoes, salt, garlic, oregano, basil, hot pepper flakes and water, stir to combine, half cover and let simmer over medium heat until thickened. Remove cover for the last few minutes to thicken.', 'In a large pot of salted boiling water cook the gnocchi, gnocchi are ready when they float to the top. Drain and add to the cooked sauce, add a little pasta water, cook for 30 seconds, gently tossing. Serve immediately topped with fresh grated parmesan cheese if desired. Enjoy!'], Tags: ['Italian', 'Gnocchi'], Sources: ['https://anitalianinmykitchen.com/gnocchi/']
2024-06-04 11:47:51,767 - cauldron - DEBUG  - recipe_graph.py - give_id - Updating ID for Recipe object.
2024-06-04 11:47:51,772 - cauldron - DEBUG  - recipe_graph.py - give_id - Updating ID for Recipe object.
2024-06-04 11:47:51,774 - cauldron - DEBUG  - agent_tools.py - generate_recipe - Generating JSON representation of Recipe object.
2024-06-04 11:47:51,774 - cauldron - DEBUG  - agent_tools.py - generate_recipe - Name: Gnocchi, Ingredients: [Ingredient(name='russet potatoes', quantity=3.0, unit='medium'), Ingredient(name='all-purpose flour', quantity=1.5, unit='cups'), Ingredient(name='egg', quantity=1.0, unit='large'), Ingredient(name='kosher salt', quantity=1.0, unit='teaspoon')], Instructions: ['Gather the ingredients.', 'Place potatoes in a large saucepan and cover with 2 inches of salted water. Bring to a boil over high heat; reduce heat to medium-high and simmer, undisturbed, until tender but still firm, 25 to 30 minutes. Drain potatoes and place back in the pot to dry and cool slightly, 5 to 10 minutes.', 'As soon as potatoes are cool enough to handle, peel potatoes by rubbing skins off with your hands. Pass peeled potatoes through a potato ricer into a large bowl (alternatively, mash until very smooth.) Let cool slightly, about 10 minutes.', 'Fold in flour, egg, and salt until flour is incorporated and dough starts to hold together. Transfer dough to a lightly floured surface and gently knead once or twice until mostly smooth (do not overwork).', 'Divide dough into 4 even portions. Roll and shape each portions of the dough into long "snakes," about \x0crac{3}{4}-inch in diameter.', 'Cut snakes into about 1/2-inch long pieces. (Optional: Roll each piece against the tines of a fork or a gnocchi board to make light ridges.) Transfer shaped gnocchi to a single layer on a parchment-lined baking sheet dusted with flour.', 'Bring a large pot of lightly salted water to a boil over high. Working in batches, drop in gnocchi and cook for 3 to 4 minutes or until gnocchi have risen to the top; transfer cooked gnocchi with a spider or slotted spoon to desired sauce.', 'Serve and enjoy!'], Tags: ['Gnocchi'], Sources: ['https://www.allrecipes.com/recipe/18465/gnocchi-i/']
2024-06-04 11:47:51,779 - cauldron - DEBUG  - recipe_graph.py - give_id - Updating ID for Recipe object.
2024-06-04 11:47:51,789 - cauldron - DEBUG  - recipe_graph.py - give_id - Updating ID for Recipe object.
2024-06-04 11:47:51,790 - cauldron - DEBUG  - agent_tools.py - generate_recipe - Generating JSON representation of Recipe object.
2024-06-04 11:47:51,791 - cauldron - DEBUG  - agent_tools.py - generate_recipe - Name: Potato Gnocchi (Authentic Italian Recipe), Ingredients: [Ingredient(name='Russet potatoes', quantity=500.0, unit='grams'), Ingredient(name='all-purpose flour', quantity=125.0, unit='grams'), Ingredient(name='beaten egg', quantity=2.0, unit='tablespoons')], Instructions: ['Be sure to boil, peel and rice the potatoes when you are ready to make the dough and continue with the recipe. They should be riced when hot, and cooled off quickly.', 'Once your potatoes are riced, spread them out on a board or worktop and add the flour on top. Start with the lesser amount of flour as you can always add more. Less flour will result in lighter potato gnocchi.', 'Add the beaten egg on top. Using your hands, start incorporating the flour and egg into the potatoes.', 'The mixture will form a dough. A bench scraper is useful to keep all the bits of dough in the mixture.', "Once a dough forms, knead it on a flat surface until it is smooth and homogenous, but don't keep kneading it past this point! Also, resist the temptation to add flour unless it's absolutely necessary, or you will end up with tough gnocchi.", 'Slice off a piece of the dough. The size doesn\'t matter as long as it\'s not too big. With a little flour on the worktop, start rolling the piece of dough into a long, rope shape. Keep the rest of the dough covered. If you have too much flour on the counter, you\'ll end up not being able to roll the dough. It\'s a learn as you go lesson. Roll it so that it\'s about 3/4" (2 cm) in diameter.', 'Cut the rope of dough into pieces which are about 3/4" (2 cm) each, a little longer is okay, but don\'t make them shorter than this.', 'Once the length of dough is cut into pieces, start rolling the gnocchi on a fork or gnocchi board to give them ridges. The ridges will catch the sauce, and I just think gnocchi without ridges are like zebras without stripes!', "Be sure to use enough flour so that the gnocchi don't stick, and roll them down the front of the fork tines using your index and middle finger to push on the dough, while holding the fork at a 45 degree angle. Do the same if you are using a gnocchi board. Be sure to flour the board before beginning. Continue to cut off pieces of dough and repeat until all the dough is used.", "Gently place the rolled gnocchi on a counter or tray that's lightly dusted with flour, or even better, a fine semolina. Also, try not to let the gnocchi touch each other as this will keep them from sticking together. You'll want to boil the gnocchi sooner than later as if left too long, they can get sticky.", 'Boil a large pot of generously salted water. A pasta pot with a strainer insert is great, if not, be sure to have a strainer on hand. When the water is at a rolling boil, put half of the gnocchi into the pot, gently dropping them in as quickly as possible. The bench scraper is a great way to do this without damaging the delicate gnocchi.', "The gnocchi will cook quickly, and when they float to the top, they are ready. You can taste one to make sure the water is salty enough and that the gnocchi are cooked. Do not let them boil for more than a minute once they float or they'll get mushy. Remove with a strainer and place in a serving bowl with a heated sauce in it.", 'Repeat with the rest of the potato gnocchi.', "Once all the gnocchi is cooked, mix more sauce into the serving plate and serve immediately. I used a little Revol ramekin for my photos, but the serving size I've shared on this recipe is larger than this. Isn't it cute, though? I can't find them on Amazon, but I do also have these in white. Sprinkle with authentic Italian grated cheese, and some basil if you like)."], Tags: ['Italian', 'Gnocchi'], Sources: ['https://www.christinascucina.com/potato-gnocchi-authentic-italian-recipe/']
2024-06-04 11:47:51,801 - cauldron - DEBUG  - recipe_graph.py - give_id - Updating ID for Recipe object.
2024-06-04 11:47:51,814 - cauldron - DEBUG  - recipe_graph.py - give_id - Updating ID for Recipe object.
2024-06-04 11:47:51,815 - cauldron - DEBUG  - agent_tools.py - generate_recipe - Generating JSON representation of Recipe object.
2024-06-04 11:47:51,816 - cauldron - DEBUG  - agent_tools.py - generate_recipe - Name: Creamy Tuscan Gnocchi (20 Minutes, ONE-PAN), Ingredients: [Ingredient(name='olive oil', quantity=1.0, unit='tablespoon'), Ingredient(name='sun-dried tomatoes', quantity=4.0, unit='oz'), Ingredient(name='potato gnocchi', quantity=16.0, unit='oz'), Ingredient(name='garlic', quantity=5.0, unit='cloves'), Ingredient(name='Italian seasoning', quantity=1.0, unit='teaspoon'), Ingredient(name='paprika', quantity=0.5, unit='teaspoon'), Ingredient(name='salt', quantity=0.25, unit='teaspoon'), Ingredient(name='chicken broth', quantity=0.5, unit='cup'), Ingredient(name='heavy cream', quantity=1.0, unit='cup'), Ingredient(name='spinach', quantity=5.0, unit='oz'), Ingredient(name='artichoke hearts', quantity=7.0, unit='oz'), Ingredient(name='red pepper flakes', quantity=0.25, unit='teaspoon'), Ingredient(name='fresh thyme leaves', quantity=1.0, unit='teaspoon')], Instructions: ['Heat 1 tablespoon of olive oil on medium heat in a large, high-sided skillet. Add chopped sun-dried tomatoes, uncooked potato gnocchi, minced garlic, and Italian seasoning. Sprinkle with 1/4 teaspoon salt, and cook for about 2 minutes, stirring.', 'Add chicken broth and heavy cream. Bring to a boil on medium heat and stir everything well. Cover with a lid, simmer the gnocchi for about 5 minutes on medium heat while the sauce boils on low setting.', 'Add fresh spinach and chopped artichokes, and cook on medium heat, stirring frequently for 5 more minutes until the spinach wilts to your liking. Cook longer if you would like a thicker sauce.', 'Season with more salt, freshly ground coarse black pepper, red pepper flakes, and paprika, if you like. Optionally, top with fresh thyme (snipped, no sprigs).'], Tags: ['Italian', 'Gnocchi'], Sources: ['https://juliasalbum.com/creamy-gnocchi/']
2024-06-04 11:47:51,822 - cauldron - DEBUG  - recipe_graph.py - give_id - Updating ID for Recipe object.
2024-06-04 11:48:05,063 - cauldron - DEBUG  - agent_tools.py - get_graph - Getting recipe graph.
2024-06-04 11:48:05,063 - cauldron - INFO   - recipe_graph.py - load_graph_from_file - Loading recipe graph from file.
2024-06-04 11:48:05,065 - cauldron - DEBUG  - recipe_graph.py - get_graph - Getting recipe graph.
2024-06-04 11:48:05,884 - cauldron - DEBUG  - agent_tools.py - get_foundational_recipe - Getting foundational recipe from recipe graph.
2024-06-04 11:48:05,885 - cauldron - INFO   - recipe_graph.py - load_graph_from_file - Loading recipe graph from file.
2024-06-04 11:48:05,886 - cauldron - DEBUG  - recipe_graph.py - get_foundational_recipe - Getting foundational recipe from recipe graph.
2024-06-04 11:48:05,886 - cauldron - DEBUG  - recipe_graph.py - get_recipe - Getting recipe from recipe graph.
2024-06-04 11:48:05,887 - cauldron - DEBUG  - recipe_graph.py - get_graph_size - Getting the number of nodes in the recipe graph.
2024-06-04 11:48:10,801 - cauldron - DEBUG  - recipe_graph.py - give_id - Updating ID for Recipe object.
2024-06-04 11:48:10,802 - cauldron - DEBUG  - agent_tools.py - generate_recipe - Generating JSON representation of Recipe object.
2024-06-04 11:48:10,803 - cauldron - DEBUG  - agent_tools.py - generate_recipe - Name: Potato Gnocchi, Ingredients: [Ingredient(name='potatoes', quantity=1.0, unit='pound'), Ingredient(name='flour', quantity=1.0, unit='cup'), Ingredient(name='salt', quantity=0.5, unit='teaspoon'), Ingredient(name='egg', quantity=1.0, unit='medium'), Ingredient(name='olive oil', quantity=2.0, unit='tablespoons')], Instructions: ['1. Boil the potatoes until tender, then peel and rice them.', '2. In a large bowl, mix the riced potatoes with flour, salt, and egg to form a dough.', '3. Rest the dough for 30 minutes, then roll it into ropes and cut into gnocchi pieces.', '4. In a separate pan, heat olive oil and add tomatoes, garlic, and seasonings to make the sauce.', '5. Cook the gnocchi in boiling water until they float, then transfer them to the sauce.', '6. Serve the gnocchi with grated Parmesan cheese on top.'], Tags: ['Italian', 'Gnocchi'], Sources: ['https://anitalianinmykitchen.com/gnocchi/']
2024-06-04 11:48:10,805 - cauldron - DEBUG  - recipe_graph.py - give_id - Updating ID for Recipe object.
2024-06-04 11:48:16,599 - cauldron - DEBUG  - agent_tools.py - create_recipe_graph - Creating recipe graph with foundational recipe.
2024-06-04 11:48:16,600 - cauldron - INFO   - recipe_graph.py - load_graph_from_file - Loading recipe graph from file.
2024-06-04 11:48:16,601 - cauldron - DEBUG  - recipe_graph.py - create_recipe_graph - Creating recipe graph with foundational recipe.
2024-06-04 11:48:16,601 - cauldron - INFO   - recipe_graph.py - save_graph_to_file - Saving recipe graph to file.
2024-06-04 11:48:24,979 - cauldron - INFO   - recipe_graph.py - load_graph_from_file - Loading recipe graph from file.
2024-06-04 11:48:24,987 - cauldron - DEBUG  - recipe_graph.py - get_foundational_recipe - Getting foundational recipe from recipe graph.
2024-06-04 11:48:24,988 - cauldron - DEBUG  - recipe_graph.py - get_recipe - Getting recipe from recipe graph.
2024-06-04 11:48:24,989 - cauldron - DEBUG  - recipe_graph.py - get_graph_size - Getting the number of nodes in the recipe graph.
2024-06-04 11:48:24,989 - cauldron - DEBUG  - recipe_graph.py - from_dict - Creating Recipe object from dictionary.
2024-06-04 11:48:24,990 - cauldron - DEBUG  - recipe_graph.py - give_id - Updating ID for Recipe object.
2024-06-04 11:48:39,874 - cauldron - DEBUG  - agent_tools.py - get_mods_list - Getting mods list.
2024-06-04 11:48:39,875 - cauldron - INFO   - recipe_graph.py - load_mods_list_from_file - Loading mods list from file.
2024-06-04 11:48:39,877 - cauldron - DEBUG  - recipe_graph.py - get_mods_list - Getting mods list.
